2024-07-04 19:43:42,321 [INFO] Activator:176 - 


2024-07-04 19:43:42,323 [INFO] Activator:177 - !SESSION log4j initialized
2024-07-04 19:43:44,098 [INFO] LogOutputStream:77 - [STDOUT_REDIRECT] 
2024-07-04 19:43:44,915 [INFO] ApplicationProperties:184 - Using Application install path: /home/faruk/st/stm32cubeide_1.16.0/plugins/com.st.stm32cube.common.mx_6.12.0.202406281431
2024-07-04 19:43:44,923 [INFO] DbMcusXml:78 - Set database path to: /home/faruk/st/stm32cubeide_1.16.0/plugins/com.st.stm32cube.common.mx_6.12.0.202406281431//db//mcu/
2024-07-04 19:43:44,923 [INFO] ApiDb:274 - Set plugin database path to: /home/faruk/st/stm32cubeide_1.16.0/plugins/com.st.stm32cube.common.mx_6.12.0.202406281431//db//plugins/boardmanager/
2024-07-04 19:43:44,923 [WARN] ApiDb:259 - Overriding images path with different value:  => /home/faruk/st/stm32cubeide_1.16.0/plugins/com.st.stm32cube.common.mx_6.12.0.202406281431//db//plugins/mcufinder/images/
2024-07-04 19:43:44,927 [INFO] ApiDb:250 - Set database path to: /home/faruk/.stmcufinder/plugins/mcufinder//mcu/
2024-07-04 19:43:44,927 [INFO] DbMcusAds:125 - Set database path to: /home/faruk/.stmcufinder/plugins/mcufinder//mcu/
2024-07-04 19:43:44,928 [INFO] CrossReferenceDbSqlite:203 - Set database path to: /home/faruk/.stmcufinder/plugins/mcufinder//mcu/cs/
2024-07-04 19:43:44,975 [INFO] RulesReader:64 - Compatibility file has been processed (297 Rules)
2024-07-04 19:43:45,006 [INFO] DbMcusXml:78 - Set database path to: /home/faruk/st/stm32cubeide_1.16.0/plugins/com.st.stm32cube.common.mx_6.12.0.202406281431//db//mcu/
2024-07-04 19:43:45,006 [INFO] ApiDb:274 - Set plugin database path to: /home/faruk/st/stm32cubeide_1.16.0/plugins/com.st.stm32cube.common.mx_6.12.0.202406281431//db//plugins/boardmanager/
2024-07-04 19:43:45,007 [INFO] ApiDb:261 - Set plugin images path to: /home/faruk/st/stm32cubeide_1.16.0/plugins/com.st.stm32cube.common.mx_6.12.0.202406281431//db//plugins/mcufinder/images/
2024-07-04 19:43:45,007 [WARN] DbFile:41 - Overriding database path with different value: /home/faruk/.stmcufinder/plugins/mcufinder/ => /home/faruk/.stmcufinder/plugins/mcufinder
2024-07-04 19:43:45,007 [INFO] ApiDb:250 - Set database path to: /home/faruk/.stmcufinder/plugins/mcufinder//mcu/
2024-07-04 19:43:45,007 [WARN] DbFile:41 - Overriding database path with different value: /home/faruk/.stmcufinder/plugins/mcufinder/ => /home/faruk/.stmcufinder/plugins/mcufinder
2024-07-04 19:43:45,007 [INFO] DbMcusAds:125 - Set database path to: /home/faruk/.stmcufinder/plugins/mcufinder//mcu/
2024-07-04 19:43:45,007 [WARN] DbFile:41 - Overriding database path with different value: /home/faruk/.stmcufinder/plugins/mcufinder/ => /home/faruk/.stmcufinder/plugins/mcufinder
2024-07-04 19:43:45,007 [WARN] DbFile:41 - Overriding database path with different value: /home/faruk/.stmcufinder/plugins/mcufinder/ => /home/faruk/.stmcufinder/plugins/mcufinder
2024-07-04 19:43:45,007 [INFO] CrossReferenceDbSqlite:203 - Set database path to: /home/faruk/.stmcufinder/plugins/mcufinder//mcu/cs/
2024-07-04 19:43:45,041 [INFO] MainPanel:268 - HeapMemory: 268435456
2024-07-04 19:43:45,102 [INFO] DbMcusXml:78 - Set database path to: /home/faruk/st/stm32cubeide_1.16.0/plugins/com.st.stm32cube.common.mx_6.12.0.202406281431//db//mcu/
2024-07-04 19:43:45,103 [INFO] ApiDb:274 - Set plugin database path to: /home/faruk/st/stm32cubeide_1.16.0/plugins/com.st.stm32cube.common.mx_6.12.0.202406281431//db//plugins/boardmanager/
2024-07-04 19:43:45,103 [INFO] ApiDb:261 - Set plugin images path to: /home/faruk/st/stm32cubeide_1.16.0/plugins/com.st.stm32cube.common.mx_6.12.0.202406281431//db//plugins/mcufinder/images/
2024-07-04 19:43:45,103 [WARN] DbFile:41 - Overriding database path with different value: /home/faruk/.stmcufinder/plugins/mcufinder/ => /home/faruk/.stmcufinder/plugins/mcufinder
2024-07-04 19:43:45,103 [INFO] ApiDb:250 - Set database path to: /home/faruk/.stmcufinder/plugins/mcufinder//mcu/
2024-07-04 19:43:45,103 [WARN] DbFile:41 - Overriding database path with different value: /home/faruk/.stmcufinder/plugins/mcufinder/ => /home/faruk/.stmcufinder/plugins/mcufinder
2024-07-04 19:43:45,103 [INFO] DbMcusAds:125 - Set database path to: /home/faruk/.stmcufinder/plugins/mcufinder//mcu/
2024-07-04 19:43:45,103 [WARN] DbFile:41 - Overriding database path with different value: /home/faruk/.stmcufinder/plugins/mcufinder/ => /home/faruk/.stmcufinder/plugins/mcufinder
2024-07-04 19:43:45,103 [WARN] DbFile:41 - Overriding database path with different value: /home/faruk/.stmcufinder/plugins/mcufinder/ => /home/faruk/.stmcufinder/plugins/mcufinder
2024-07-04 19:43:45,103 [INFO] CrossReferenceDbSqlite:203 - Set database path to: /home/faruk/.stmcufinder/plugins/mcufinder//mcu/cs/
2024-07-04 19:43:45,112 [INFO] ApplicationProperties:184 - Using Application install path: /home/faruk/st/stm32cubeide_1.16.0/plugins/com.st.stm32cube.common.mx_6.12.0.202406281431
2024-07-04 19:43:45,112 [INFO] PluginManage:196 - Search for loadable plugins [exclusion list=, ]
2024-07-04 19:43:45,113 [INFO] PluginManage:310 - Check plugin analytics
2024-07-04 19:43:45,176 [INFO] AnalyticsPlugin:253 - Accepted Software Licenses: 
2024-07-04 19:43:45,176 [INFO] AnalyticsPlugin:255 - Accepted CMSIS Pack Licenses: 
2024-07-04 19:43:45,176 [INFO] AnalyticsPlugin:257 - Accepted Firmware Licenses: FW.MP1.1.6.0,FW.H7.1.11.0
2024-07-04 19:43:45,177 [INFO] PluginManage:359 - Loaded plugin analytics (category:tool,tabindex:-1)
2024-07-04 19:43:45,178 [INFO] PluginManage:310 - Check plugin cadmodel
2024-07-04 19:43:45,180 [INFO] CADModel:105 - Init CAD model plugin
2024-07-04 19:43:45,181 [INFO] PluginManage:359 - Loaded plugin cadmodel (category:power,tabindex:5)
2024-07-04 19:43:45,181 [INFO] PluginManage:310 - Check plugin clock
2024-07-04 19:43:45,186 [INFO] PluginManage:359 - Loaded plugin clock (category:base,tabindex:2)
2024-07-04 19:43:45,186 [INFO] PluginManage:310 - Check plugin ddr
2024-07-04 19:43:45,187 [INFO] PluginManage:359 - Loaded plugin ddr (category:tool,tabindex:6)
2024-07-04 19:43:45,187 [INFO] PluginManage:310 - Check plugin filemanager
2024-07-04 19:43:45,253 [INFO] PluginManage:359 - Loaded plugin filemanager (category:base,tabindex:10)
2024-07-04 19:43:45,254 [INFO] PluginManage:310 - Check plugin ipmanager
2024-07-04 19:43:45,256 [INFO] PluginManage:359 - Loaded plugin ipmanager (category:base,tabindex:5)
2024-07-04 19:43:45,257 [INFO] PluginManage:310 - Check plugin lpbam
2024-07-04 19:43:45,261 [INFO] PluginManage:359 - Loaded plugin lpbam (category:base,tabindex:0)
2024-07-04 19:43:45,261 [INFO] PluginManage:310 - Check plugin memorymap
2024-07-04 19:43:45,266 [INFO] PluginManage:359 - Loaded plugin memorymap (category:base,tabindex:4)
2024-07-04 19:43:45,266 [INFO] PluginManage:310 - Check plugin pinoutandconfiguration
2024-07-04 19:43:45,270 [INFO] PluginManage:359 - Loaded plugin pinoutandconfiguration (category:base,tabindex:1)
2024-07-04 19:43:45,270 [INFO] PluginManage:310 - Check plugin pinoutconfig
2024-07-04 19:43:45,305 [WARN] SupportedApi:132 - Cannot load RTOS API schema: s4s-elt-must-match.1: The content of 'definitions' must match (annotation?, (simpleType | complexType)?, (unique | key | keyref)*)). A problem was found starting at: attribute.
2024-07-04 19:43:45,362 [INFO] PluginManage:359 - Loaded plugin pinoutconfig (category:base,tabindex:0)
2024-07-04 19:43:45,362 [INFO] PluginManage:310 - Check plugin power
2024-07-04 19:43:45,367 [INFO] PluginManage:359 - Loaded plugin power (category:power,tabindex:4)
2024-07-04 19:43:45,367 [INFO] PluginManage:310 - Check plugin projectmanager
2024-07-04 19:43:45,376 [INFO] PluginManage:359 - Loaded plugin projectmanager (category:projectmanager,tabindex:4)
2024-07-04 19:43:45,377 [INFO] PluginManage:310 - Check plugin rif
2024-07-04 19:43:45,379 [INFO] PluginManage:359 - Loaded plugin rif (category:base,tabindex:3)
2024-07-04 19:43:45,379 [INFO] PluginManage:310 - Check plugin thirdparty
2024-07-04 19:43:45,444 [INFO] PluginManage:359 - Loaded plugin thirdparty (category:base,tabindex:-1)
2024-07-04 19:43:45,444 [INFO] PluginManage:310 - Check plugin tools
2024-07-04 19:43:45,444 [WARN] IntegrityCheckThread:84 - waiting for thirdparty lock release [integrity check]
2024-07-04 19:43:45,445 [INFO] IntegrityCheckThread:86 - entering critical section [integrity check]
2024-07-04 19:43:45,445 [INFO] ThirdPartyUpdaterWithRetryManager:70 - Updater plugin not ready yet. [1/15]
2024-07-04 19:43:45,446 [INFO] PluginManage:359 - Loaded plugin tools (category:base,tabindex:7)
2024-07-04 19:43:45,446 [INFO] PluginManage:310 - Check plugin tutovideos
2024-07-04 19:43:45,534 [INFO] PluginManage:359 - Loaded plugin tutovideos (category:base,tabindex:-1)
2024-07-04 19:43:45,534 [INFO] PluginManage:310 - Check plugin updater
2024-07-04 19:43:45,543 [INFO] PluginManage:359 - Loaded plugin updater (category:base,tabindex:12)
2024-07-04 19:43:45,544 [INFO] PluginManage:310 - Check plugin userauth
2024-07-04 19:43:45,547 [INFO] UserAuth:113 - Init User Auth plugin
2024-07-04 19:43:45,547 [INFO] PluginManage:359 - Loaded plugin userauth (category:base,tabindex:14)
2024-07-04 19:43:45,547 [INFO] PluginManage:283 - PluginManage : Loaded plugins [18]
2024-07-04 19:43:45,649 [INFO] PinOutPanel:1561 - setPackage(No Configuration,No Configuration)
2024-07-04 19:43:45,683 [INFO] CADModel:165 - CPN selected for project level
2024-07-04 19:43:45,684 [INFO] CADModel:114 - Register for checkConnection events
2024-07-04 19:43:45,690 [INFO] IPUIPlugin:80 - create IPUIPlugin
2024-07-04 19:43:45,690 [INFO] PluginManager:220 - loadIPPluginJar : add pdm2pcm
2024-07-04 19:43:45,690 [INFO] IPUIPlugin:80 - create IPUIPlugin
2024-07-04 19:43:45,690 [INFO] PluginManager:220 - loadIPPluginJar : add tsc
2024-07-04 19:43:45,694 [INFO] IPUIPlugin:80 - create IPUIPlugin
2024-07-04 19:43:45,694 [INFO] PluginManager:220 - loadIPPluginJar : add linkedlist
2024-07-04 19:43:45,698 [INFO] IPUIPlugin:80 - create IPUIPlugin
2024-07-04 19:43:45,698 [INFO] PluginManager:220 - loadIPPluginJar : add adc
2024-07-04 19:43:45,698 [INFO] IPUIPlugin:80 - create IPUIPlugin
2024-07-04 19:43:45,698 [INFO] PluginManager:220 - loadIPPluginJar : add gfxmmu
2024-07-04 19:43:45,701 [INFO] IPUIPlugin:80 - create IPUIPlugin
2024-07-04 19:43:45,701 [INFO] PluginManager:220 - loadIPPluginJar : add gpio
2024-07-04 19:43:45,702 [INFO] IPUIPlugin:80 - create IPUIPlugin
2024-07-04 19:43:45,702 [INFO] PluginManager:220 - loadIPPluginJar : add usart
2024-07-04 19:43:45,705 [INFO] IPUIPlugin:80 - create IPUIPlugin
2024-07-04 19:43:45,705 [INFO] PluginManager:220 - loadIPPluginJar : add dma
2024-07-04 19:43:45,705 [INFO] IPUIPlugin:80 - create IPUIPlugin
2024-07-04 19:43:45,706 [INFO] PluginManager:220 - loadIPPluginJar : add dfsdm
2024-07-04 19:43:45,707 [INFO] IPUIPlugin:80 - create IPUIPlugin
2024-07-04 19:43:45,707 [INFO] PluginManager:220 - loadIPPluginJar : add resmgrutility
2024-07-04 19:43:45,708 [INFO] IPUIPlugin:80 - create IPUIPlugin
2024-07-04 19:43:45,708 [INFO] PluginManager:220 - loadIPPluginJar : add hash
2024-07-04 19:43:45,710 [INFO] IPUIPlugin:80 - create IPUIPlugin
2024-07-04 19:43:45,710 [INFO] PluginManager:220 - loadIPPluginJar : add mdma
2024-07-04 19:43:45,711 [INFO] IPUIPlugin:80 - create IPUIPlugin
2024-07-04 19:43:45,711 [INFO] PluginManager:220 - loadIPPluginJar : add i3c
2024-07-04 19:43:45,712 [INFO] IPUIPlugin:80 - create IPUIPlugin
2024-07-04 19:43:45,712 [INFO] PluginManager:220 - loadIPPluginJar : add sai
2024-07-04 19:43:45,713 [INFO] IPUIPlugin:80 - create IPUIPlugin
2024-07-04 19:43:45,713 [INFO] PluginManager:220 - loadIPPluginJar : add openamp
2024-07-04 19:43:45,716 [INFO] IPUIPlugin:80 - create IPUIPlugin
2024-07-04 19:43:45,716 [INFO] PluginManager:220 - loadIPPluginJar : add freertos
2024-07-04 19:43:45,717 [INFO] IPUIPlugin:80 - create IPUIPlugin
2024-07-04 19:43:45,717 [INFO] PluginManager:220 - loadIPPluginJar : add dma3
2024-07-04 19:43:45,719 [INFO] IPUIPlugin:80 - create IPUIPlugin
2024-07-04 19:43:45,719 [INFO] PluginManager:220 - loadIPPluginJar : add fmc
2024-07-04 19:43:45,719 [INFO] IPUIPlugin:80 - create IPUIPlugin
2024-07-04 19:43:45,719 [INFO] PluginManager:220 - loadIPPluginJar : add genericplugin
2024-07-04 19:43:45,720 [INFO] IPUIPlugin:80 - create IPUIPlugin
2024-07-04 19:43:45,720 [INFO] PluginManager:220 - loadIPPluginJar : add touchsensing
2024-07-04 19:43:45,721 [INFO] IPUIPlugin:80 - create IPUIPlugin
2024-07-04 19:43:45,721 [INFO] PluginManager:220 - loadIPPluginJar : add ts
2024-07-04 19:43:45,722 [INFO] IPUIPlugin:80 - create IPUIPlugin
2024-07-04 19:43:45,722 [INFO] PluginManager:220 - loadIPPluginJar : add radio
2024-07-04 19:43:45,722 [INFO] IPUIPlugin:80 - create IPUIPlugin
2024-07-04 19:43:45,723 [INFO] PluginManager:220 - loadIPPluginJar : add tim
2024-07-04 19:43:45,725 [INFO] IPUIPlugin:80 - create IPUIPlugin
2024-07-04 19:43:45,726 [INFO] PluginManager:220 - loadIPPluginJar : add plateformsettings
2024-07-04 19:43:45,728 [INFO] IPUIPlugin:80 - create IPUIPlugin
2024-07-04 19:43:45,728 [INFO] PluginManager:220 - loadIPPluginJar : add gtzc
2024-07-04 19:43:45,729 [INFO] IPUIPlugin:80 - create IPUIPlugin
2024-07-04 19:43:45,729 [INFO] PluginManager:220 - loadIPPluginJar : add opamp
2024-07-04 19:43:45,731 [INFO] IPUIPlugin:80 - create IPUIPlugin
2024-07-04 19:43:45,731 [INFO] PluginManager:220 - loadIPPluginJar : add gic
2024-07-04 19:43:45,732 [INFO] IPUIPlugin:80 - create IPUIPlugin
2024-07-04 19:43:45,732 [INFO] PluginManager:220 - loadIPPluginJar : add ucpd
2024-07-04 19:43:45,733 [INFO] IPUIPlugin:80 - create IPUIPlugin
2024-07-04 19:43:45,733 [INFO] PluginManager:220 - loadIPPluginJar : add comp
2024-07-04 19:43:45,735 [INFO] IPUIPlugin:80 - create IPUIPlugin
2024-07-04 19:43:45,735 [INFO] PluginManager:220 - loadIPPluginJar : add usbx
2024-07-04 19:43:45,736 [INFO] IPUIPlugin:80 - create IPUIPlugin
2024-07-04 19:43:45,736 [INFO] PluginManager:220 - loadIPPluginJar : add i2s
2024-07-04 19:43:45,739 [INFO] IPUIPlugin:80 - create IPUIPlugin
2024-07-04 19:43:45,740 [INFO] PluginManager:220 - loadIPPluginJar : add stm32_wpan
2024-07-04 19:43:45,741 [INFO] IPUIPlugin:80 - create IPUIPlugin
2024-07-04 19:43:45,741 [INFO] PluginManager:220 - loadIPPluginJar : add ipddr
2024-07-04 19:43:45,743 [INFO] IPUIPlugin:80 - create IPUIPlugin
2024-07-04 19:43:45,743 [INFO] PluginManager:220 - loadIPPluginJar : add ddr_ctrl_phy
2024-07-04 19:43:45,744 [INFO] IPUIPlugin:80 - create IPUIPlugin
2024-07-04 19:43:45,744 [INFO] PluginManager:220 - loadIPPluginJar : add aes
2024-07-04 19:43:45,745 [INFO] IPUIPlugin:80 - create IPUIPlugin
2024-07-04 19:43:45,745 [INFO] PluginManager:220 - loadIPPluginJar : add tracer_emb
2024-07-04 19:43:45,746 [INFO] IPUIPlugin:80 - create IPUIPlugin
2024-07-04 19:43:45,746 [INFO] PluginManager:220 - loadIPPluginJar : add extmemmanager
2024-07-04 19:43:45,746 [INFO] IPUIPlugin:80 - create IPUIPlugin
2024-07-04 19:43:45,747 [INFO] PluginManager:220 - loadIPPluginJar : add ltdc
2024-07-04 19:43:45,748 [INFO] IPUIPlugin:80 - create IPUIPlugin
2024-07-04 19:43:45,748 [INFO] PluginManager:220 - loadIPPluginJar : add can
2024-07-04 19:43:45,748 [INFO] IPUIPlugin:80 - create IPUIPlugin
2024-07-04 19:43:45,749 [INFO] PluginManager:220 - loadIPPluginJar : add spi
2024-07-04 19:43:45,751 [INFO] IPUIPlugin:80 - create IPUIPlugin
2024-07-04 19:43:45,751 [INFO] PluginManager:220 - loadIPPluginJar : add nvic
2024-07-04 19:43:45,751 [INFO] IPUIPlugin:80 - create IPUIPlugin
2024-07-04 19:43:45,751 [INFO] PluginManager:220 - loadIPPluginJar : add quadspi
2024-07-04 19:43:45,752 [INFO] IPUIPlugin:80 - create IPUIPlugin
2024-07-04 19:43:45,752 [INFO] PluginManager:220 - loadIPPluginJar : add i2c
2024-07-04 19:43:45,753 [INFO] IPUIPlugin:80 - create IPUIPlugin
2024-07-04 19:43:45,754 [INFO] PluginManager:220 - loadIPPluginJar : add cryp
2024-07-04 19:43:45,754 [INFO] IPUIPlugin:80 - create IPUIPlugin
2024-07-04 19:43:45,754 [INFO] PluginManager:220 - loadIPPluginJar : add fatfs
2024-07-04 19:43:45,755 [INFO] IPUIPlugin:80 - create IPUIPlugin
2024-07-04 19:43:45,755 [INFO] PluginManager:220 - loadIPPluginJar : add lorawan
2024-07-04 19:43:45,841 [INFO] CADModel:165 - CPN selected for project level
2024-07-04 19:43:45,841 [INFO] CADModel:114 - Register for checkConnection events
2024-07-04 19:43:45,842 [FATAL] Updater:334 - Updater called before beeing initialized
2024-07-04 19:43:45,842 [ERROR] CADModel:125 - Updater not yet initialized, retry later 
2024-07-04 19:43:45,915 [INFO] CADModel:165 - CPN selected for project level
2024-07-04 19:43:45,916 [INFO] CADModel:114 - Register for checkConnection events
2024-07-04 19:43:45,916 [FATAL] Updater:334 - Updater called before beeing initialized
2024-07-04 19:43:45,916 [ERROR] CADModel:125 - Updater not yet initialized, retry later 
2024-07-04 19:43:45,918 [FATAL] Updater:334 - Updater called before beeing initialized
2024-07-04 19:43:45,959 [FATAL] Updater:334 - Updater called before beeing initialized
2024-07-04 19:43:45,962 [INFO] DbMcusAds:53 - JSON generation date=Thu May 16 12:22:00 TRT 2024 (1715851320852)
2024-07-04 19:43:45,962 [FATAL] Updater:334 - Updater called before beeing initialized
2024-07-04 19:43:45,978 [WARN] DetailPanel:346 - Failed to get advertising image, set to default
2024-07-04 19:43:46,045 [FATAL] Updater:334 - Updater called before beeing initialized
2024-07-04 19:43:46,047 [FATAL] Updater:334 - Updater called before beeing initialized
2024-07-04 19:43:46,047 [FATAL] Updater:334 - Updater called before beeing initialized
2024-07-04 19:43:46,047 [WARN] DetailPanel:346 - Failed to get advertising image, set to default
2024-07-04 19:43:46,047 [FATAL] Updater:334 - Updater called before beeing initialized
2024-07-04 19:43:46,063 [ERROR] Updater:1164 - MainUpdater not yet initialized. External WinMGr cannot be set.
2024-07-04 19:43:46,063 [INFO] Updater:1100 - Updater Version found : 6.12.0
2024-07-04 19:43:46,071 [INFO] ApplicationProperties:184 - Using Application install path: /home/faruk/st/stm32cubeide_1.16.0/plugins/com.st.stm32cube.common.mx_6.12.0.202406281431
2024-07-04 19:43:46,281 [INFO] MainUpdater:2873 - connection check result : 10
2024-07-04 19:43:46,281 [INFO] MainUpdater:290 - Updater Check For Update Now.
2024-07-04 19:43:46,281 [INFO] MicroXplorer:498 - Change Database Version : DB.6.0.120
2024-07-04 19:43:46,284 [INFO] McuFinderGlobals:63 - Set McuFinder mode to 2 (CubeIDE integrated)
2024-07-04 19:43:46,284 [INFO] UserAuth:179 - activating auth plugin
2024-07-04 19:43:46,286 [INFO] UserAuth:417 - Internet connection configuration mode: 1
2024-07-04 19:43:46,293 [INFO] JxBrowserEngine:152 - Initiate JxBrowser Engine with user profile folder
2024-07-04 19:43:46,429 [INFO] CheckServerUpdateThread:120 - End of CheckServer Thread
2024-07-04 19:43:46,827 [INFO] WebApp:167 - Instantiating new browser for Auth
2024-07-04 19:43:47,386 [INFO] WebApp:448 - Apply proxy settings
2024-07-04 19:43:47,387 [INFO] WebApp:533 - Chromium requires no authentication
2024-07-04 19:43:47,394 [INFO] WebApp:476 - Direct internet connection detected
2024-07-04 19:43:47,435 [INFO] WebApp:869 - Register for checkConnection events
2024-07-04 19:43:47,436 [INFO] WebApp:448 - Apply proxy settings
2024-07-04 19:43:47,436 [INFO] WebApp:533 - Chromium requires no authentication
2024-07-04 19:43:47,438 [INFO] WebApp:476 - Direct internet connection detected
2024-07-04 19:43:47,550 [INFO] WebApp:220 - Starting web application
2024-07-04 19:43:47,550 [INFO] WebApp:578 - Web application path used /home/faruk/st/stm32cubeide_1.16.0/plugins/com.st.stm32cube.common.mx_6.12.0.202406281431/db/plugins/mcufinder/reactClient1/index.html
2024-07-04 19:43:48,007 [INFO] WebApp:186 - Connection restablished
2024-07-04 19:43:48,498 [WARN] PackLoader:240 - Cannot read IP mode file for STMicroelectronics.FP-SNS-MOTENVWB1.1.4.0
2024-07-04 19:43:48,502 [WARN] PackLoader:240 - Cannot read IP mode file for STMicroelectronics.X-CUBE-SMBUS.2.1.0
2024-07-04 19:43:48,525 [WARN] PackLoader:240 - Cannot read IP mode file for STMicroelectronics.X-CUBE-AZRTOS-F7.1.1.0
2024-07-04 19:43:48,532 [WARN] PackLoader:240 - Cannot read IP mode file for STMicroelectronics.FP-SNS-FLIGHT1.5.0.2
2024-07-04 19:43:48,537 [WARN] PackLoader:240 - Cannot read IP mode file for STMicroelectronics.X-CUBE-DISPLAY.3.0.0
2024-07-04 19:43:48,543 [WARN] PackLoader:240 - Cannot read IP mode file for STMicroelectronics.X-CUBE-BLE1.7.0.0
2024-07-04 19:43:48,547 [WARN] PackLoader:240 - Cannot read IP mode file for emotas.I-CUBE-CANOPEN.1.3.0
2024-07-04 19:43:48,552 [WARN] PackLoader:240 - Cannot read IP mode file for STMicroelectronics.X-CUBE-BLEMGR.3.1.0
2024-07-04 19:43:48,557 [WARN] PackLoader:240 - Cannot read IP mode file for STMicroelectronics.FP-SNS-SMARTAG2.1.2.0
2024-07-04 19:43:48,562 [INFO] LogOutputStream:77 - [STDOUT_REDIRECT] 1 : Invalid condition id : UX_CORESTACK_Condition cause : null
2024-07-04 19:43:48,563 [INFO] LogOutputStream:77 - [STDOUT_REDIRECT] 1 : Invalid condition id : UX_CORESTACK_Condition cause : null
2024-07-04 19:43:48,563 [INFO] LogOutputStream:77 - [STDOUT_REDIRECT] 1 : Invalid condition id : UX_CORESTACK_Condition cause : null
2024-07-04 19:43:48,563 [INFO] LogOutputStream:77 - [STDOUT_REDIRECT] 1 : Invalid condition id : UX_CORESTACK_Condition cause : null
2024-07-04 19:43:48,563 [INFO] LogOutputStream:77 - [STDOUT_REDIRECT] 1 : Invalid condition id : UX_CORESTACK_Condition cause : null
2024-07-04 19:43:48,565 [WARN] PackLoader:240 - Cannot read IP mode file for STMicroelectronics.X-CUBE-AZRTOS-WL.2.0.0
2024-07-04 19:43:48,568 [WARN] PackLoader:240 - Cannot read IP mode file for STMicroelectronics.FP-SNS-MOTENV1.5.0.0
2024-07-04 19:43:48,571 [WARN] PackLoader:240 - Cannot read IP mode file for wolfSSL.I-CUBE-wolfMQTT.1.19.0
2024-07-04 19:43:48,574 [WARN] PackLoader:240 - Cannot read IP mode file for WES.I-CUBE-Cesium.1.3.0
2024-07-04 19:43:48,577 [WARN] PackLoader:240 - Cannot read IP mode file for STMicroelectronics.X-CUBE-BLE2.3.3.0
2024-07-04 19:43:48,580 [WARN] PackLoader:240 - Cannot read IP mode file for STMicroelectronics.X-CUBE-TCPP.4.1.0
2024-07-04 19:43:48,590 [WARN] PackLoader:240 - Cannot read IP mode file for STMicroelectronics.X-CUBE-AZRTOS-G0.1.1.0
2024-07-04 19:43:48,595 [WARN] PackLoader:240 - Cannot read IP mode file for STMicroelectronics.X-CUBE-SAFEA1.1.2.2
2024-07-04 19:43:48,598 [WARN] PackLoader:240 - Cannot read IP mode file for STMicroelectronics.X-CUBE-NFC4.3.0.0
2024-07-04 19:43:48,601 [WARN] PackLoader:240 - Cannot read IP mode file for wolfSSL.I-CUBE-wolfSSL.5.7.0
2024-07-04 19:43:48,602 [WARN] PackLoader:240 - Cannot read IP mode file for STMicroelectronics.FP-ATR-SIGFOX1.3.2.0
2024-07-04 19:43:48,604 [WARN] PackLoader:240 - Cannot read IP mode file for STMicroelectronics.X-CUBE-EEPRMA1.5.1.0
2024-07-04 19:43:48,608 [WARN] PackLoader:240 - Cannot read IP mode file for ITTIA_DB.I-CUBE-ITTIADB.8.9.0
2024-07-04 19:43:48,624 [WARN] PackLoader:240 - Cannot read IP mode file for SEGGER.I-CUBE-embOS.1.3.1
2024-07-04 19:43:48,650 [WARN] PackLoader:240 - Cannot read IP mode file for STMicroelectronics.X-CUBE-ALGOBUILD.1.4.0
2024-07-04 19:43:48,654 [WARN] PackLoader:240 - Cannot read IP mode file for STMicroelectronics.X-CUBE-GNSS1.6.0.0
2024-07-04 19:43:48,666 [WARN] PackLoader:240 - Cannot read IP mode file for STMicroelectronics.X-CUBE-AZRTOS-F4.1.1.0
2024-07-04 19:43:48,675 [WARN] PackLoader:240 - Cannot read IP mode file for STMicroelectronics.X-CUBE-FREERTOS.1.2.0
2024-07-04 19:43:48,689 [WARN] PackLoader:240 - Cannot read IP mode file for STMicroelectronics.X-CUBE-AZRTOS-L5.2.0.0
2024-07-04 19:43:48,703 [WARN] PackLoader:240 - Cannot read IP mode file for STMicroelectronics.X-CUBE-NFC6.3.1.0
2024-07-04 19:43:48,709 [WARN] PackLoader:240 - Cannot read IP mode file for STMicroelectronics.X-CUBE-DPower.1.2.0
2024-07-04 19:43:48,712 [WARN] PackLoader:240 - Cannot read IP mode file for STMicroelectronics.X-CUBE-AI.9.0.0
2024-07-04 19:43:48,715 [WARN] PackLoader:240 - Cannot read IP mode file for STMicroelectronics.X-CUBE-NFC7.1.0.1
2024-07-04 19:43:48,724 [WARN] ConditionMgr:438 - getConditionDescription Invalid condition id : LAN8742 Phy interface Condition cause : null
2024-07-04 19:43:48,725 [WARN] PackLoader:240 - Cannot read IP mode file for STMicroelectronics.X-CUBE-AZRTOS-L4.2.0.0
2024-07-04 19:43:48,725 [WARN] ConditionMgr:1039 - genDependencies : Invalid condition id : LAN8742 Phy interface Condition cause : null
2024-07-04 19:43:48,726 [WARN] ConditionMgr:1039 - genDependencies : Invalid condition id : LAN8742 Phy interface Condition cause : null
2024-07-04 19:43:48,726 [WARN] ConditionMgr:1039 - genDependencies : Invalid condition id : LAN8742 Phy interface Condition cause : null
2024-07-04 19:43:48,730 [WARN] PackLoader:240 - Cannot read IP mode file for STMicroelectronics.X-CUBE-SFXS2LP1.4.0.0
2024-07-04 19:43:48,735 [WARN] ConditionMgr:438 - getConditionDescription Invalid condition id : UX DEVICE CLASS RTOS Condition cause : null
2024-07-04 19:43:48,735 [WARN] ConditionMgr:438 - getConditionDescription Invalid condition id : UX DEVICE CLASS RTOS Condition cause : null
2024-07-04 19:43:48,736 [WARN] PackLoader:240 - Cannot read IP mode file for STMicroelectronics.X-CUBE-AZRTOS-WB.2.0.0
2024-07-04 19:43:48,737 [WARN] ConditionMgr:1039 - genDependencies : Invalid condition id : UX DEVICE CLASS RTOS Condition cause : null
2024-07-04 19:43:48,737 [WARN] ConditionMgr:1039 - genDependencies : Invalid condition id : UX DEVICE CLASS RTOS Condition cause : null
2024-07-04 19:43:48,737 [WARN] ConditionMgr:1039 - genDependencies : Invalid condition id : UX DEVICE CLASS RTOS Condition cause : null
2024-07-04 19:43:48,737 [WARN] ConditionMgr:1039 - genDependencies : Invalid condition id : UX DEVICE CLASS RTOS Condition cause : null
2024-07-04 19:43:48,737 [WARN] ConditionMgr:1039 - genDependencies : Invalid condition id : UX DEVICE CLASS RTOS Condition cause : null
2024-07-04 19:43:48,741 [WARN] PackLoader:240 - Cannot read IP mode file for STMicroelectronics.X-CUBE-SUBG2.5.0.0
2024-07-04 19:43:48,745 [WARN] PackLoader:240 - Cannot read IP mode file for Cesanta.I-CUBE-Mongoose.7.13.0
2024-07-04 19:43:48,750 [WARN] PackLoader:240 - Cannot read IP mode file for STMicroelectronics.X-CUBE-AZRTOS-G4.2.0.0
2024-07-04 19:43:48,753 [WARN] PackLoader:240 - Cannot read IP mode file for STMicroelectronics.X-CUBE-ISPU.2.0.0
2024-07-04 19:43:48,754 [WARN] PackLoader:240 - Cannot read IP mode file for STMicroelectronics.X-CUBE-ALS.1.0.2
2024-07-04 19:43:48,770 [WARN] PackLoader:240 - Cannot read IP mode file for STMicroelectronics.X-CUBE-MEMS1.10.0.0
2024-07-04 19:43:48,839 [WARN] PackLoader:240 - Cannot read IP mode file for STMicroelectronics.X-CUBE-TOUCHGFX.4.24.0
2024-07-04 19:43:48,842 [WARN] PackLoader:240 - Cannot read IP mode file for portGmbH.I-Cube-SoM-uGOAL.1.1.0
2024-07-04 19:43:48,851 [WARN] PackLoader:240 - Cannot read IP mode file for STMicroelectronics.X-CUBE-AZRTOS-H7RS.1.0.0
2024-07-04 19:43:48,854 [WARN] PackLoader:240 - Cannot read IP mode file for STMicroelectronics.FP-ATR-ASTRA1.2.0.0
2024-07-04 19:43:48,859 [WARN] PackLoader:240 - Cannot read IP mode file for STMicroelectronics.X-CUBE-TOF1.3.4.1
2024-07-04 19:43:48,873 [WARN] PackLoader:240 - Cannot read IP mode file for STMicroelectronics.X-CUBE-AZRTOS-H7.3.2.0
2024-07-04 19:43:48,882 [WARN] PackLoader:240 - Cannot read IP mode file for Infineon.AIROC-Wi-Fi-Bluetooth-STM32.1.6.0
2024-07-04 19:43:48,884 [INFO] ThirdParty:978 - Integrity check success = true
2024-07-04 19:43:48,884 [INFO] IntegrityCheckThread:100 - exiting critical section [integrity check]
2024-07-04 19:43:48,884 [INFO] IntegrityCheckThread:103 - End integrity checks thread
2024-07-04 20:01:38,381 [ERROR] LogOutputStream:75 - [STDERR_REDIRECT] org.eclipse.cdt.managedbuilder.core.BuildException: No toolchain option in toolchain configuration com.st.stm32cube.ide.mpu.gnu.managedbuild.toolchain.exe.debug.430146017: 
2024-07-04 20:01:38,382 [ERROR] LogOutputStream:75 - [STDERR_REDIRECT] 	at com.st.stm32cube.ide.mcu.toolchain.ToolChainHelper.getToolChainId(ToolChainHelper.java:166)
2024-07-04 20:01:38,382 [ERROR] LogOutputStream:75 - [STDERR_REDIRECT] 	at com.st.stm32cube.ide.mcu.toolchain.ToolChainHelper.getToolChainInfo(ToolChainHelper.java:109)
2024-07-04 20:01:38,382 [ERROR] LogOutputStream:75 - [STDERR_REDIRECT] 	at com.st.stm32cube.ide.mcu.toolchain.ui.unmanaged.ToolSettingsTab.createControls(ToolSettingsTab.java:149)
2024-07-04 20:01:38,382 [ERROR] LogOutputStream:75 - [STDERR_REDIRECT] 	at org.eclipse.cdt.ui.newui.AbstractCPropertyTab.createControls(AbstractCPropertyTab.java:139)
2024-07-04 20:01:38,382 [ERROR] LogOutputStream:75 - [STDERR_REDIRECT] 	at org.eclipse.cdt.ui.newui.AbstractPage.loadTab(AbstractPage.java:1199)
2024-07-04 20:01:38,382 [ERROR] LogOutputStream:75 - [STDERR_REDIRECT] 	at org.eclipse.cdt.ui.newui.AbstractPage.loadExtensionsSynchronized(AbstractPage.java:1143)
2024-07-04 20:01:38,382 [ERROR] LogOutputStream:75 - [STDERR_REDIRECT] 	at org.eclipse.cdt.ui.newui.AbstractPage.createWidgets(AbstractPage.java:373)
2024-07-04 20:01:38,382 [ERROR] LogOutputStream:75 - [STDERR_REDIRECT] 	at org.eclipse.cdt.ui.newui.AbstractPage.contentForCDT(AbstractPage.java:359)
2024-07-04 20:01:38,382 [ERROR] LogOutputStream:75 - [STDERR_REDIRECT] 	at org.eclipse.cdt.ui.newui.AbstractPage.createContents(AbstractPage.java:256)
2024-07-04 20:01:38,382 [ERROR] LogOutputStream:75 - [STDERR_REDIRECT] 	at org.eclipse.jface.preference.PreferencePage.createControl(PreferencePage.java:244)
2024-07-04 20:01:38,382 [ERROR] LogOutputStream:75 - [STDERR_REDIRECT] 	at org.eclipse.jface.preference.PreferenceDialog.createPageControl(PreferenceDialog.java:1434)
2024-07-04 20:01:38,382 [ERROR] LogOutputStream:75 - [STDERR_REDIRECT] 	at org.eclipse.jface.preference.PreferenceDialog$8.run(PreferenceDialog.java:1197)
2024-07-04 20:01:38,382 [ERROR] LogOutputStream:75 - [STDERR_REDIRECT] 	at org.eclipse.core.runtime.SafeRunner.run(SafeRunner.java:47)
2024-07-04 20:01:38,382 [ERROR] LogOutputStream:75 - [STDERR_REDIRECT] 	at org.eclipse.jface.util.SafeRunnable.run(SafeRunnable.java:174)
2024-07-04 20:01:38,382 [ERROR] LogOutputStream:75 - [STDERR_REDIRECT] 	at org.eclipse.jface.preference.PreferenceDialog.showPage(PreferenceDialog.java:1189)
2024-07-04 20:01:38,382 [ERROR] LogOutputStream:75 - [STDERR_REDIRECT] 	at org.eclipse.ui.internal.dialogs.FilteredPreferenceDialog.showPage(FilteredPreferenceDialog.java:630)
2024-07-04 20:01:38,382 [ERROR] LogOutputStream:75 - [STDERR_REDIRECT] 	at org.eclipse.jface.preference.PreferenceDialog$5.lambda$0(PreferenceDialog.java:661)
2024-07-04 20:01:38,382 [ERROR] LogOutputStream:75 - [STDERR_REDIRECT] 	at org.eclipse.swt.custom.BusyIndicator.showWhile(BusyIndicator.java:67)
2024-07-04 20:01:38,383 [ERROR] LogOutputStream:75 - [STDERR_REDIRECT] 	at org.eclipse.jface.preference.PreferenceDialog$5.selectionChanged(PreferenceDialog.java:658)
2024-07-04 20:01:38,383 [ERROR] LogOutputStream:75 - [STDERR_REDIRECT] 	at org.eclipse.jface.viewers.StructuredViewer$3.run(StructuredViewer.java:821)
2024-07-04 20:01:38,383 [ERROR] LogOutputStream:75 - [STDERR_REDIRECT] 	at org.eclipse.core.runtime.SafeRunner.run(SafeRunner.java:47)
2024-07-04 20:01:38,383 [ERROR] LogOutputStream:75 - [STDERR_REDIRECT] 	at org.eclipse.jface.util.SafeRunnable.run(SafeRunnable.java:174)
2024-07-04 20:01:38,383 [ERROR] LogOutputStream:75 - [STDERR_REDIRECT] 	at org.eclipse.jface.viewers.StructuredViewer.firePostSelectionChanged(StructuredViewer.java:818)
2024-07-04 20:01:38,383 [ERROR] LogOutputStream:75 - [STDERR_REDIRECT] 	at org.eclipse.jface.viewers.ColumnViewer.firePostSelectionChanged(ColumnViewer.java:1070)
2024-07-04 20:01:38,383 [ERROR] LogOutputStream:75 - [STDERR_REDIRECT] 	at org.eclipse.jface.viewers.StructuredViewer.handlePostSelect(StructuredViewer.java:1190)
2024-07-04 20:01:38,383 [ERROR] LogOutputStream:75 - [STDERR_REDIRECT] 	at org.eclipse.swt.events.SelectionListener$1.widgetSelected(SelectionListener.java:84)
2024-07-04 20:01:38,383 [ERROR] LogOutputStream:75 - [STDERR_REDIRECT] 	at org.eclipse.jface.util.OpenStrategy.firePostSelectionEvent(OpenStrategy.java:284)
2024-07-04 20:01:38,383 [ERROR] LogOutputStream:75 - [STDERR_REDIRECT] 	at org.eclipse.jface.util.OpenStrategy$1.lambda$1(OpenStrategy.java:438)
2024-07-04 20:01:38,383 [ERROR] LogOutputStream:75 - [STDERR_REDIRECT] 	at org.eclipse.swt.widgets.RunnableLock.run(RunnableLock.java:40)
2024-07-04 20:01:38,383 [ERROR] LogOutputStream:75 - [STDERR_REDIRECT] 	at org.eclipse.swt.widgets.Synchronizer.runAsyncMessages(Synchronizer.java:132)
2024-07-04 20:01:38,383 [ERROR] LogOutputStream:75 - [STDERR_REDIRECT] 	at org.eclipse.swt.widgets.Display.runAsyncMessages(Display.java:5039)
2024-07-04 20:01:38,383 [ERROR] LogOutputStream:75 - [STDERR_REDIRECT] 	at org.eclipse.swt.widgets.Display.readAndDispatch(Display.java:4519)
2024-07-04 20:01:38,383 [ERROR] LogOutputStream:75 - [STDERR_REDIRECT] 	at org.eclipse.jface.window.Window.runEventLoop(Window.java:823)
2024-07-04 20:01:38,383 [ERROR] LogOutputStream:75 - [STDERR_REDIRECT] 	at org.eclipse.jface.window.Window.open(Window.java:799)
2024-07-04 20:01:38,383 [ERROR] LogOutputStream:75 - [STDERR_REDIRECT] 	at org.eclipse.ui.dialogs.PropertyDialogAction.run(PropertyDialogAction.java:155)
2024-07-04 20:01:38,383 [ERROR] LogOutputStream:75 - [STDERR_REDIRECT] 	at org.eclipse.jface.action.Action.runWithEvent(Action.java:474)
2024-07-04 20:01:38,383 [ERROR] LogOutputStream:75 - [STDERR_REDIRECT] 	at org.eclipse.jface.action.ActionContributionItem.handleWidgetSelection(ActionContributionItem.java:580)
2024-07-04 20:01:38,384 [ERROR] LogOutputStream:75 - [STDERR_REDIRECT] 	at org.eclipse.jface.action.ActionContributionItem.lambda$4(ActionContributionItem.java:414)
2024-07-04 20:01:38,384 [ERROR] LogOutputStream:75 - [STDERR_REDIRECT] 	at org.eclipse.swt.widgets.EventTable.sendEvent(EventTable.java:89)
2024-07-04 20:01:38,384 [ERROR] LogOutputStream:75 - [STDERR_REDIRECT] 	at org.eclipse.swt.widgets.Display.sendEvent(Display.java:5854)
2024-07-04 20:01:38,384 [ERROR] LogOutputStream:75 - [STDERR_REDIRECT] 	at org.eclipse.swt.widgets.Widget.sendEvent(Widget.java:1529)
2024-07-04 20:01:38,384 [ERROR] LogOutputStream:75 - [STDERR_REDIRECT] 	at org.eclipse.swt.widgets.Display.runDeferredEvents(Display.java:5064)
2024-07-04 20:01:38,384 [ERROR] LogOutputStream:75 - [STDERR_REDIRECT] 	at org.eclipse.swt.widgets.Display.readAndDispatch(Display.java:4516)
2024-07-04 20:01:38,384 [ERROR] LogOutputStream:75 - [STDERR_REDIRECT] 	at org.eclipse.e4.ui.internal.workbench.swt.PartRenderingEngine$5.run(PartRenderingEngine.java:1155)
2024-07-04 20:01:38,384 [ERROR] LogOutputStream:75 - [STDERR_REDIRECT] 	at org.eclipse.core.databinding.observable.Realm.runWithDefault(Realm.java:342)
2024-07-04 20:01:38,384 [ERROR] LogOutputStream:75 - [STDERR_REDIRECT] 	at org.eclipse.e4.ui.internal.workbench.swt.PartRenderingEngine.run(PartRenderingEngine.java:1046)
2024-07-04 20:01:38,384 [ERROR] LogOutputStream:75 - [STDERR_REDIRECT] 	at org.eclipse.e4.ui.internal.workbench.E4Workbench.createAndRunUI(E4Workbench.java:155)
2024-07-04 20:01:38,384 [ERROR] LogOutputStream:75 - [STDERR_REDIRECT] 	at org.eclipse.ui.internal.Workbench.lambda$3(Workbench.java:648)
2024-07-04 20:01:38,384 [ERROR] LogOutputStream:75 - [STDERR_REDIRECT] 	at org.eclipse.core.databinding.observable.Realm.runWithDefault(Realm.java:342)
2024-07-04 20:01:38,384 [ERROR] LogOutputStream:75 - [STDERR_REDIRECT] 	at org.eclipse.ui.internal.Workbench.createAndRunWorkbench(Workbench.java:555)
2024-07-04 20:01:38,384 [ERROR] LogOutputStream:75 - [STDERR_REDIRECT] 	at org.eclipse.ui.PlatformUI.createAndRunWorkbench(PlatformUI.java:173)
2024-07-04 20:01:38,384 [ERROR] LogOutputStream:75 - [STDERR_REDIRECT] 	at org.eclipse.ui.internal.ide.application.IDEApplication.start(IDEApplication.java:152)
2024-07-04 20:01:38,384 [ERROR] LogOutputStream:75 - [STDERR_REDIRECT] 	at org.eclipse.equinox.internal.app.EclipseAppHandle.run(EclipseAppHandle.java:208)
2024-07-04 20:01:38,384 [ERROR] LogOutputStream:75 - [STDERR_REDIRECT] 	at org.eclipse.core.runtime.internal.adaptor.EclipseAppLauncher.runApplication(EclipseAppLauncher.java:136)
2024-07-04 20:01:38,384 [ERROR] LogOutputStream:75 - [STDERR_REDIRECT] 	at org.eclipse.core.runtime.internal.adaptor.EclipseAppLauncher.start(EclipseAppLauncher.java:104)
2024-07-04 20:01:38,384 [ERROR] LogOutputStream:75 - [STDERR_REDIRECT] 	at org.eclipse.core.runtime.adaptor.EclipseStarter.run(EclipseStarter.java:402)
2024-07-04 20:01:38,385 [ERROR] LogOutputStream:75 - [STDERR_REDIRECT] 	at org.eclipse.core.runtime.adaptor.EclipseStarter.run(EclipseStarter.java:255)
2024-07-04 20:01:38,385 [ERROR] LogOutputStream:75 - [STDERR_REDIRECT] 	at java.base/jdk.internal.reflect.NativeMethodAccessorImpl.invoke0(Native Method)
2024-07-04 20:01:38,385 [ERROR] LogOutputStream:75 - [STDERR_REDIRECT] 	at java.base/jdk.internal.reflect.NativeMethodAccessorImpl.invoke(NativeMethodAccessorImpl.java:77)
2024-07-04 20:01:38,385 [ERROR] LogOutputStream:75 - [STDERR_REDIRECT] 	at java.base/jdk.internal.reflect.DelegatingMethodAccessorImpl.invoke(DelegatingMethodAccessorImpl.java:43)
2024-07-04 20:01:38,385 [ERROR] LogOutputStream:75 - [STDERR_REDIRECT] 	at java.base/java.lang.reflect.Method.invoke(Method.java:568)
2024-07-04 20:01:38,385 [ERROR] LogOutputStream:75 - [STDERR_REDIRECT] 	at org.eclipse.equinox.launcher.Main.invokeFramework(Main.java:651)
2024-07-04 20:01:38,385 [ERROR] LogOutputStream:75 - [STDERR_REDIRECT] 	at org.eclipse.equinox.launcher.Main.basicRun(Main.java:588)
2024-07-04 20:01:38,385 [ERROR] LogOutputStream:75 - [STDERR_REDIRECT] 	at org.eclipse.equinox.launcher.Main.run(Main.java:1459)
2024-07-04 20:01:38,385 [ERROR] LogOutputStream:75 - [STDERR_REDIRECT] 	at org.eclipse.equinox.launcher.Main.main(Main.java:1432)
2024-07-04 20:02:34,470 [ERROR] LogOutputStream:75 - [STDERR_REDIRECT] org.eclipse.cdt.managedbuilder.core.BuildException: No toolchain option in toolchain configuration com.st.stm32cube.ide.mpu.gnu.managedbuild.toolchain.exe.debug.430146017: 
2024-07-04 20:02:34,470 [ERROR] LogOutputStream:75 - [STDERR_REDIRECT] 	at com.st.stm32cube.ide.mcu.toolchain.ToolChainHelper.getToolChainId(ToolChainHelper.java:166)
2024-07-04 20:02:34,470 [ERROR] LogOutputStream:75 - [STDERR_REDIRECT] 	at com.st.stm32cube.ide.mcu.toolchain.ToolChainHelper.getToolChainInfo(ToolChainHelper.java:109)
2024-07-04 20:02:34,471 [ERROR] LogOutputStream:75 - [STDERR_REDIRECT] 	at com.st.stm32cube.ide.mcu.toolchain.ui.unmanaged.ToolSettingsTab.createControls(ToolSettingsTab.java:149)
2024-07-04 20:02:34,471 [ERROR] LogOutputStream:75 - [STDERR_REDIRECT] 	at org.eclipse.cdt.ui.newui.AbstractCPropertyTab.createControls(AbstractCPropertyTab.java:139)
2024-07-04 20:02:34,471 [ERROR] LogOutputStream:75 - [STDERR_REDIRECT] 	at org.eclipse.cdt.ui.newui.AbstractPage.loadTab(AbstractPage.java:1199)
2024-07-04 20:02:34,471 [ERROR] LogOutputStream:75 - [STDERR_REDIRECT] 	at org.eclipse.cdt.ui.newui.AbstractPage.loadExtensionsSynchronized(AbstractPage.java:1143)
2024-07-04 20:02:34,471 [ERROR] LogOutputStream:75 - [STDERR_REDIRECT] 	at org.eclipse.cdt.ui.newui.AbstractPage.createWidgets(AbstractPage.java:373)
2024-07-04 20:02:34,471 [ERROR] LogOutputStream:75 - [STDERR_REDIRECT] 	at org.eclipse.cdt.ui.newui.AbstractPage.contentForCDT(AbstractPage.java:359)
2024-07-04 20:02:34,471 [ERROR] LogOutputStream:75 - [STDERR_REDIRECT] 	at org.eclipse.cdt.ui.newui.AbstractPage.createContents(AbstractPage.java:256)
2024-07-04 20:02:34,471 [ERROR] LogOutputStream:75 - [STDERR_REDIRECT] 	at org.eclipse.jface.preference.PreferencePage.createControl(PreferencePage.java:244)
2024-07-04 20:02:34,471 [ERROR] LogOutputStream:75 - [STDERR_REDIRECT] 	at org.eclipse.jface.preference.PreferenceDialog.createPageControl(PreferenceDialog.java:1434)
2024-07-04 20:02:34,471 [ERROR] LogOutputStream:75 - [STDERR_REDIRECT] 	at org.eclipse.jface.preference.PreferenceDialog$8.run(PreferenceDialog.java:1197)
2024-07-04 20:02:34,471 [ERROR] LogOutputStream:75 - [STDERR_REDIRECT] 	at org.eclipse.core.runtime.SafeRunner.run(SafeRunner.java:47)
2024-07-04 20:02:34,471 [ERROR] LogOutputStream:75 - [STDERR_REDIRECT] 	at org.eclipse.jface.util.SafeRunnable.run(SafeRunnable.java:174)
2024-07-04 20:02:34,471 [ERROR] LogOutputStream:75 - [STDERR_REDIRECT] 	at org.eclipse.jface.preference.PreferenceDialog.showPage(PreferenceDialog.java:1189)
2024-07-04 20:02:34,471 [ERROR] LogOutputStream:75 - [STDERR_REDIRECT] 	at org.eclipse.ui.internal.dialogs.FilteredPreferenceDialog.showPage(FilteredPreferenceDialog.java:630)
2024-07-04 20:02:34,471 [ERROR] LogOutputStream:75 - [STDERR_REDIRECT] 	at org.eclipse.jface.preference.PreferenceDialog$5.lambda$0(PreferenceDialog.java:661)
2024-07-04 20:02:34,471 [ERROR] LogOutputStream:75 - [STDERR_REDIRECT] 	at org.eclipse.swt.custom.BusyIndicator.showWhile(BusyIndicator.java:67)
2024-07-04 20:02:34,472 [ERROR] LogOutputStream:75 - [STDERR_REDIRECT] 	at org.eclipse.jface.preference.PreferenceDialog$5.selectionChanged(PreferenceDialog.java:658)
2024-07-04 20:02:34,472 [ERROR] LogOutputStream:75 - [STDERR_REDIRECT] 	at org.eclipse.jface.viewers.StructuredViewer$3.run(StructuredViewer.java:821)
2024-07-04 20:02:34,472 [ERROR] LogOutputStream:75 - [STDERR_REDIRECT] 	at org.eclipse.core.runtime.SafeRunner.run(SafeRunner.java:47)
2024-07-04 20:02:34,472 [ERROR] LogOutputStream:75 - [STDERR_REDIRECT] 	at org.eclipse.jface.util.SafeRunnable.run(SafeRunnable.java:174)
2024-07-04 20:02:34,472 [ERROR] LogOutputStream:75 - [STDERR_REDIRECT] 	at org.eclipse.jface.viewers.StructuredViewer.firePostSelectionChanged(StructuredViewer.java:818)
2024-07-04 20:02:34,472 [ERROR] LogOutputStream:75 - [STDERR_REDIRECT] 	at org.eclipse.jface.viewers.ColumnViewer.firePostSelectionChanged(ColumnViewer.java:1070)
2024-07-04 20:02:34,472 [ERROR] LogOutputStream:75 - [STDERR_REDIRECT] 	at org.eclipse.jface.viewers.StructuredViewer.setSelection(StructuredViewer.java:1670)
2024-07-04 20:02:34,472 [ERROR] LogOutputStream:75 - [STDERR_REDIRECT] 	at org.eclipse.jface.viewers.TreeViewer.setSelection(TreeViewer.java:1106)
2024-07-04 20:02:34,472 [ERROR] LogOutputStream:75 - [STDERR_REDIRECT] 	at org.eclipse.jface.preference.PreferenceDialog.selectSavedItem(PreferenceDialog.java:991)
2024-07-04 20:02:34,472 [ERROR] LogOutputStream:75 - [STDERR_REDIRECT] 	at org.eclipse.ui.internal.dialogs.FilteredPreferenceDialog.selectSavedItem(FilteredPreferenceDialog.java:680)
2024-07-04 20:02:34,472 [ERROR] LogOutputStream:75 - [STDERR_REDIRECT] 	at org.eclipse.jface.preference.PreferenceDialog.lambda$0(PreferenceDialog.java:349)
2024-07-04 20:02:34,472 [ERROR] LogOutputStream:75 - [STDERR_REDIRECT] 	at org.eclipse.swt.custom.BusyIndicator.showWhile(BusyIndicator.java:67)
2024-07-04 20:02:34,472 [ERROR] LogOutputStream:75 - [STDERR_REDIRECT] 	at org.eclipse.jface.preference.PreferenceDialog.createContents(PreferenceDialog.java:346)
2024-07-04 20:02:34,472 [ERROR] LogOutputStream:75 - [STDERR_REDIRECT] 	at org.eclipse.jface.window.Window.create(Window.java:431)
2024-07-04 20:02:34,473 [ERROR] LogOutputStream:75 - [STDERR_REDIRECT] 	at org.eclipse.jface.dialogs.Dialog.create(Dialog.java:1094)
2024-07-04 20:02:34,473 [ERROR] LogOutputStream:75 - [STDERR_REDIRECT] 	at org.eclipse.ui.internal.dialogs.PropertyDialog.createDialogOn(PropertyDialog.java:84)
2024-07-04 20:02:34,473 [ERROR] LogOutputStream:75 - [STDERR_REDIRECT] 	at org.eclipse.ui.dialogs.PropertyDialogAction.createDialog(PropertyDialogAction.java:171)
2024-07-04 20:02:34,473 [ERROR] LogOutputStream:75 - [STDERR_REDIRECT] 	at org.eclipse.ui.dialogs.PropertyDialogAction.run(PropertyDialogAction.java:153)
2024-07-04 20:02:34,473 [ERROR] LogOutputStream:75 - [STDERR_REDIRECT] 	at org.eclipse.jface.action.Action.runWithEvent(Action.java:474)
2024-07-04 20:02:34,473 [ERROR] LogOutputStream:75 - [STDERR_REDIRECT] 	at org.eclipse.jface.action.ActionContributionItem.handleWidgetSelection(ActionContributionItem.java:580)
2024-07-04 20:02:34,473 [ERROR] LogOutputStream:75 - [STDERR_REDIRECT] 	at org.eclipse.jface.action.ActionContributionItem.lambda$4(ActionContributionItem.java:414)
2024-07-04 20:02:34,473 [ERROR] LogOutputStream:75 - [STDERR_REDIRECT] 	at org.eclipse.swt.widgets.EventTable.sendEvent(EventTable.java:89)
2024-07-04 20:02:34,473 [ERROR] LogOutputStream:75 - [STDERR_REDIRECT] 	at org.eclipse.swt.widgets.Display.sendEvent(Display.java:5854)
2024-07-04 20:02:34,473 [ERROR] LogOutputStream:75 - [STDERR_REDIRECT] 	at org.eclipse.swt.widgets.Widget.sendEvent(Widget.java:1529)
2024-07-04 20:02:34,473 [ERROR] LogOutputStream:75 - [STDERR_REDIRECT] 	at org.eclipse.swt.widgets.Display.runDeferredEvents(Display.java:5064)
2024-07-04 20:02:34,473 [ERROR] LogOutputStream:75 - [STDERR_REDIRECT] 	at org.eclipse.swt.widgets.Display.readAndDispatch(Display.java:4516)
2024-07-04 20:02:34,473 [ERROR] LogOutputStream:75 - [STDERR_REDIRECT] 	at org.eclipse.e4.ui.internal.workbench.swt.PartRenderingEngine$5.run(PartRenderingEngine.java:1155)
2024-07-04 20:02:34,473 [ERROR] LogOutputStream:75 - [STDERR_REDIRECT] 	at org.eclipse.core.databinding.observable.Realm.runWithDefault(Realm.java:342)
2024-07-04 20:02:34,474 [ERROR] LogOutputStream:75 - [STDERR_REDIRECT] 	at org.eclipse.e4.ui.internal.workbench.swt.PartRenderingEngine.run(PartRenderingEngine.java:1046)
2024-07-04 20:02:34,474 [ERROR] LogOutputStream:75 - [STDERR_REDIRECT] 	at org.eclipse.e4.ui.internal.workbench.E4Workbench.createAndRunUI(E4Workbench.java:155)
2024-07-04 20:02:34,474 [ERROR] LogOutputStream:75 - [STDERR_REDIRECT] 	at org.eclipse.ui.internal.Workbench.lambda$3(Workbench.java:648)
2024-07-04 20:02:34,474 [ERROR] LogOutputStream:75 - [STDERR_REDIRECT] 	at org.eclipse.core.databinding.observable.Realm.runWithDefault(Realm.java:342)
2024-07-04 20:02:34,474 [ERROR] LogOutputStream:75 - [STDERR_REDIRECT] 	at org.eclipse.ui.internal.Workbench.createAndRunWorkbench(Workbench.java:555)
2024-07-04 20:02:34,474 [ERROR] LogOutputStream:75 - [STDERR_REDIRECT] 	at org.eclipse.ui.PlatformUI.createAndRunWorkbench(PlatformUI.java:173)
2024-07-04 20:02:34,474 [ERROR] LogOutputStream:75 - [STDERR_REDIRECT] 	at org.eclipse.ui.internal.ide.application.IDEApplication.start(IDEApplication.java:152)
2024-07-04 20:02:34,474 [ERROR] LogOutputStream:75 - [STDERR_REDIRECT] 	at org.eclipse.equinox.internal.app.EclipseAppHandle.run(EclipseAppHandle.java:208)
2024-07-04 20:02:34,474 [ERROR] LogOutputStream:75 - [STDERR_REDIRECT] 	at org.eclipse.core.runtime.internal.adaptor.EclipseAppLauncher.runApplication(EclipseAppLauncher.java:136)
2024-07-04 20:02:34,474 [ERROR] LogOutputStream:75 - [STDERR_REDIRECT] 	at org.eclipse.core.runtime.internal.adaptor.EclipseAppLauncher.start(EclipseAppLauncher.java:104)
2024-07-04 20:02:34,474 [ERROR] LogOutputStream:75 - [STDERR_REDIRECT] 	at org.eclipse.core.runtime.adaptor.EclipseStarter.run(EclipseStarter.java:402)
2024-07-04 20:02:34,474 [ERROR] LogOutputStream:75 - [STDERR_REDIRECT] 	at org.eclipse.core.runtime.adaptor.EclipseStarter.run(EclipseStarter.java:255)
2024-07-04 20:02:34,474 [ERROR] LogOutputStream:75 - [STDERR_REDIRECT] 	at java.base/jdk.internal.reflect.NativeMethodAccessorImpl.invoke0(Native Method)
2024-07-04 20:02:34,475 [ERROR] LogOutputStream:75 - [STDERR_REDIRECT] 	at java.base/jdk.internal.reflect.NativeMethodAccessorImpl.invoke(NativeMethodAccessorImpl.java:77)
2024-07-04 20:02:34,475 [ERROR] LogOutputStream:75 - [STDERR_REDIRECT] 	at java.base/jdk.internal.reflect.DelegatingMethodAccessorImpl.invoke(DelegatingMethodAccessorImpl.java:43)
2024-07-04 20:02:34,475 [ERROR] LogOutputStream:75 - [STDERR_REDIRECT] 	at java.base/java.lang.reflect.Method.invoke(Method.java:568)
2024-07-04 20:02:34,475 [ERROR] LogOutputStream:75 - [STDERR_REDIRECT] 	at org.eclipse.equinox.launcher.Main.invokeFramework(Main.java:651)
2024-07-04 20:02:34,475 [ERROR] LogOutputStream:75 - [STDERR_REDIRECT] 	at org.eclipse.equinox.launcher.Main.basicRun(Main.java:588)
2024-07-04 20:02:34,475 [ERROR] LogOutputStream:75 - [STDERR_REDIRECT] 	at org.eclipse.equinox.launcher.Main.run(Main.java:1459)
2024-07-04 20:02:34,475 [ERROR] LogOutputStream:75 - [STDERR_REDIRECT] 	at org.eclipse.equinox.launcher.Main.main(Main.java:1432)
2024-07-04 20:33:03,351 [ERROR] LogOutputStream:75 - [STDERR_REDIRECT] 
