2024-07-05 00:28:33,988 [INFO] Activator:176 - 


2024-07-05 00:28:33,990 [INFO] Activator:177 - !SESSION log4j initialized
2024-07-05 00:28:35,767 [INFO] LogOutputStream:77 - [STDOUT_REDIRECT] 
2024-07-05 00:28:36,465 [INFO] ApplicationProperties:184 - Using Application install path: /home/faruk/st/stm32cubeide_1.16.0/plugins/com.st.stm32cube.common.mx_6.12.0.202406281431
2024-07-05 00:28:36,473 [INFO] DbMcusXml:78 - Set database path to: /home/faruk/st/stm32cubeide_1.16.0/plugins/com.st.stm32cube.common.mx_6.12.0.202406281431//db//mcu/
2024-07-05 00:28:36,474 [INFO] ApiDb:274 - Set plugin database path to: /home/faruk/st/stm32cubeide_1.16.0/plugins/com.st.stm32cube.common.mx_6.12.0.202406281431//db//plugins/boardmanager/
2024-07-05 00:28:36,474 [WARN] ApiDb:259 - Overriding images path with different value:  => /home/faruk/st/stm32cubeide_1.16.0/plugins/com.st.stm32cube.common.mx_6.12.0.202406281431//db//plugins/mcufinder/images/
2024-07-05 00:28:36,477 [INFO] ApiDb:250 - Set database path to: /home/faruk/.stmcufinder/plugins/mcufinder//mcu/
2024-07-05 00:28:36,478 [INFO] DbMcusAds:125 - Set database path to: /home/faruk/.stmcufinder/plugins/mcufinder//mcu/
2024-07-05 00:28:36,479 [INFO] CrossReferenceDbSqlite:203 - Set database path to: /home/faruk/.stmcufinder/plugins/mcufinder//mcu/cs/
2024-07-05 00:28:36,524 [INFO] RulesReader:64 - Compatibility file has been processed (297 Rules)
2024-07-05 00:28:36,551 [INFO] DbMcusXml:78 - Set database path to: /home/faruk/st/stm32cubeide_1.16.0/plugins/com.st.stm32cube.common.mx_6.12.0.202406281431//db//mcu/
2024-07-05 00:28:36,551 [INFO] ApiDb:274 - Set plugin database path to: /home/faruk/st/stm32cubeide_1.16.0/plugins/com.st.stm32cube.common.mx_6.12.0.202406281431//db//plugins/boardmanager/
2024-07-05 00:28:36,551 [INFO] ApiDb:261 - Set plugin images path to: /home/faruk/st/stm32cubeide_1.16.0/plugins/com.st.stm32cube.common.mx_6.12.0.202406281431//db//plugins/mcufinder/images/
2024-07-05 00:28:36,552 [WARN] DbFile:41 - Overriding database path with different value: /home/faruk/.stmcufinder/plugins/mcufinder/ => /home/faruk/.stmcufinder/plugins/mcufinder
2024-07-05 00:28:36,552 [INFO] ApiDb:250 - Set database path to: /home/faruk/.stmcufinder/plugins/mcufinder//mcu/
2024-07-05 00:28:36,552 [WARN] DbFile:41 - Overriding database path with different value: /home/faruk/.stmcufinder/plugins/mcufinder/ => /home/faruk/.stmcufinder/plugins/mcufinder
2024-07-05 00:28:36,552 [INFO] DbMcusAds:125 - Set database path to: /home/faruk/.stmcufinder/plugins/mcufinder//mcu/
2024-07-05 00:28:36,552 [WARN] DbFile:41 - Overriding database path with different value: /home/faruk/.stmcufinder/plugins/mcufinder/ => /home/faruk/.stmcufinder/plugins/mcufinder
2024-07-05 00:28:36,552 [WARN] DbFile:41 - Overriding database path with different value: /home/faruk/.stmcufinder/plugins/mcufinder/ => /home/faruk/.stmcufinder/plugins/mcufinder
2024-07-05 00:28:36,552 [INFO] CrossReferenceDbSqlite:203 - Set database path to: /home/faruk/.stmcufinder/plugins/mcufinder//mcu/cs/
2024-07-05 00:28:36,581 [INFO] MainPanel:268 - HeapMemory: 268435456
2024-07-05 00:28:36,640 [INFO] DbMcusXml:78 - Set database path to: /home/faruk/st/stm32cubeide_1.16.0/plugins/com.st.stm32cube.common.mx_6.12.0.202406281431//db//mcu/
2024-07-05 00:28:36,640 [INFO] ApiDb:274 - Set plugin database path to: /home/faruk/st/stm32cubeide_1.16.0/plugins/com.st.stm32cube.common.mx_6.12.0.202406281431//db//plugins/boardmanager/
2024-07-05 00:28:36,640 [INFO] ApiDb:261 - Set plugin images path to: /home/faruk/st/stm32cubeide_1.16.0/plugins/com.st.stm32cube.common.mx_6.12.0.202406281431//db//plugins/mcufinder/images/
2024-07-05 00:28:36,640 [WARN] DbFile:41 - Overriding database path with different value: /home/faruk/.stmcufinder/plugins/mcufinder/ => /home/faruk/.stmcufinder/plugins/mcufinder
2024-07-05 00:28:36,640 [INFO] ApiDb:250 - Set database path to: /home/faruk/.stmcufinder/plugins/mcufinder//mcu/
2024-07-05 00:28:36,640 [WARN] DbFile:41 - Overriding database path with different value: /home/faruk/.stmcufinder/plugins/mcufinder/ => /home/faruk/.stmcufinder/plugins/mcufinder
2024-07-05 00:28:36,640 [INFO] DbMcusAds:125 - Set database path to: /home/faruk/.stmcufinder/plugins/mcufinder//mcu/
2024-07-05 00:28:36,640 [WARN] DbFile:41 - Overriding database path with different value: /home/faruk/.stmcufinder/plugins/mcufinder/ => /home/faruk/.stmcufinder/plugins/mcufinder
2024-07-05 00:28:36,640 [WARN] DbFile:41 - Overriding database path with different value: /home/faruk/.stmcufinder/plugins/mcufinder/ => /home/faruk/.stmcufinder/plugins/mcufinder
2024-07-05 00:28:36,640 [INFO] CrossReferenceDbSqlite:203 - Set database path to: /home/faruk/.stmcufinder/plugins/mcufinder//mcu/cs/
2024-07-05 00:28:36,646 [INFO] ApplicationProperties:184 - Using Application install path: /home/faruk/st/stm32cubeide_1.16.0/plugins/com.st.stm32cube.common.mx_6.12.0.202406281431
2024-07-05 00:28:36,647 [INFO] PluginManage:196 - Search for loadable plugins [exclusion list=, ]
2024-07-05 00:28:36,648 [INFO] PluginManage:310 - Check plugin analytics
2024-07-05 00:28:36,711 [INFO] AnalyticsPlugin:253 - Accepted Software Licenses: 
2024-07-05 00:28:36,711 [INFO] AnalyticsPlugin:255 - Accepted CMSIS Pack Licenses: 
2024-07-05 00:28:36,711 [INFO] AnalyticsPlugin:257 - Accepted Firmware Licenses: FW.MP1.1.6.0,FW.H7.1.11.0
2024-07-05 00:28:36,712 [INFO] PluginManage:359 - Loaded plugin analytics (category:tool,tabindex:-1)
2024-07-05 00:28:36,712 [INFO] PluginManage:310 - Check plugin cadmodel
2024-07-05 00:28:36,715 [INFO] CADModel:105 - Init CAD model plugin
2024-07-05 00:28:36,715 [INFO] PluginManage:359 - Loaded plugin cadmodel (category:power,tabindex:5)
2024-07-05 00:28:36,715 [INFO] PluginManage:310 - Check plugin clock
2024-07-05 00:28:36,720 [INFO] PluginManage:359 - Loaded plugin clock (category:base,tabindex:2)
2024-07-05 00:28:36,720 [INFO] PluginManage:310 - Check plugin ddr
2024-07-05 00:28:36,721 [INFO] PluginManage:359 - Loaded plugin ddr (category:tool,tabindex:6)
2024-07-05 00:28:36,721 [INFO] PluginManage:310 - Check plugin filemanager
2024-07-05 00:28:36,786 [INFO] PluginManage:359 - Loaded plugin filemanager (category:base,tabindex:10)
2024-07-05 00:28:36,786 [INFO] PluginManage:310 - Check plugin ipmanager
2024-07-05 00:28:36,789 [INFO] PluginManage:359 - Loaded plugin ipmanager (category:base,tabindex:5)
2024-07-05 00:28:36,789 [INFO] PluginManage:310 - Check plugin lpbam
2024-07-05 00:28:36,793 [INFO] PluginManage:359 - Loaded plugin lpbam (category:base,tabindex:0)
2024-07-05 00:28:36,793 [INFO] PluginManage:310 - Check plugin memorymap
2024-07-05 00:28:36,798 [INFO] PluginManage:359 - Loaded plugin memorymap (category:base,tabindex:4)
2024-07-05 00:28:36,798 [INFO] PluginManage:310 - Check plugin pinoutandconfiguration
2024-07-05 00:28:36,801 [INFO] PluginManage:359 - Loaded plugin pinoutandconfiguration (category:base,tabindex:1)
2024-07-05 00:28:36,801 [INFO] PluginManage:310 - Check plugin pinoutconfig
2024-07-05 00:28:36,850 [WARN] SupportedApi:132 - Cannot load RTOS API schema: s4s-elt-must-match.1: The content of 'definitions' must match (annotation?, (simpleType | complexType)?, (unique | key | keyref)*)). A problem was found starting at: attribute.
2024-07-05 00:28:36,907 [INFO] PluginManage:359 - Loaded plugin pinoutconfig (category:base,tabindex:0)
2024-07-05 00:28:36,907 [INFO] PluginManage:310 - Check plugin power
2024-07-05 00:28:36,911 [INFO] PluginManage:359 - Loaded plugin power (category:power,tabindex:4)
2024-07-05 00:28:36,911 [INFO] PluginManage:310 - Check plugin projectmanager
2024-07-05 00:28:36,920 [INFO] PluginManage:359 - Loaded plugin projectmanager (category:projectmanager,tabindex:4)
2024-07-05 00:28:36,920 [INFO] PluginManage:310 - Check plugin rif
2024-07-05 00:28:36,922 [INFO] PluginManage:359 - Loaded plugin rif (category:base,tabindex:3)
2024-07-05 00:28:36,922 [INFO] PluginManage:310 - Check plugin thirdparty
2024-07-05 00:28:36,972 [INFO] PluginManage:359 - Loaded plugin thirdparty (category:base,tabindex:-1)
2024-07-05 00:28:36,972 [WARN] IntegrityCheckThread:84 - waiting for thirdparty lock release [integrity check]
2024-07-05 00:28:36,972 [INFO] PluginManage:310 - Check plugin tools
2024-07-05 00:28:36,972 [INFO] IntegrityCheckThread:86 - entering critical section [integrity check]
2024-07-05 00:28:36,972 [INFO] ThirdPartyUpdaterWithRetryManager:70 - Updater plugin not ready yet. [1/15]
2024-07-05 00:28:36,973 [INFO] PluginManage:359 - Loaded plugin tools (category:base,tabindex:7)
2024-07-05 00:28:36,973 [INFO] PluginManage:310 - Check plugin tutovideos
2024-07-05 00:28:37,052 [INFO] PluginManage:359 - Loaded plugin tutovideos (category:base,tabindex:-1)
2024-07-05 00:28:37,052 [INFO] PluginManage:310 - Check plugin updater
2024-07-05 00:28:37,063 [INFO] PluginManage:359 - Loaded plugin updater (category:base,tabindex:12)
2024-07-05 00:28:37,063 [INFO] PluginManage:310 - Check plugin userauth
2024-07-05 00:28:37,066 [INFO] UserAuth:113 - Init User Auth plugin
2024-07-05 00:28:37,066 [INFO] PluginManage:359 - Loaded plugin userauth (category:base,tabindex:14)
2024-07-05 00:28:37,066 [INFO] PluginManage:283 - PluginManage : Loaded plugins [18]
2024-07-05 00:28:37,147 [INFO] PinOutPanel:1561 - setPackage(No Configuration,No Configuration)
2024-07-05 00:28:37,182 [INFO] CADModel:165 - CPN selected for project level
2024-07-05 00:28:37,182 [INFO] CADModel:114 - Register for checkConnection events
2024-07-05 00:28:37,188 [INFO] IPUIPlugin:80 - create IPUIPlugin
2024-07-05 00:28:37,188 [INFO] PluginManager:220 - loadIPPluginJar : add pdm2pcm
2024-07-05 00:28:37,189 [INFO] IPUIPlugin:80 - create IPUIPlugin
2024-07-05 00:28:37,189 [INFO] PluginManager:220 - loadIPPluginJar : add tsc
2024-07-05 00:28:37,193 [INFO] IPUIPlugin:80 - create IPUIPlugin
2024-07-05 00:28:37,193 [INFO] PluginManager:220 - loadIPPluginJar : add linkedlist
2024-07-05 00:28:37,197 [INFO] IPUIPlugin:80 - create IPUIPlugin
2024-07-05 00:28:37,197 [INFO] PluginManager:220 - loadIPPluginJar : add adc
2024-07-05 00:28:37,197 [INFO] IPUIPlugin:80 - create IPUIPlugin
2024-07-05 00:28:37,197 [INFO] PluginManager:220 - loadIPPluginJar : add gfxmmu
2024-07-05 00:28:37,199 [INFO] IPUIPlugin:80 - create IPUIPlugin
2024-07-05 00:28:37,199 [INFO] PluginManager:220 - loadIPPluginJar : add gpio
2024-07-05 00:28:37,200 [INFO] IPUIPlugin:80 - create IPUIPlugin
2024-07-05 00:28:37,201 [INFO] PluginManager:220 - loadIPPluginJar : add usart
2024-07-05 00:28:37,203 [INFO] IPUIPlugin:80 - create IPUIPlugin
2024-07-05 00:28:37,203 [INFO] PluginManager:220 - loadIPPluginJar : add dma
2024-07-05 00:28:37,204 [INFO] IPUIPlugin:80 - create IPUIPlugin
2024-07-05 00:28:37,204 [INFO] PluginManager:220 - loadIPPluginJar : add dfsdm
2024-07-05 00:28:37,206 [INFO] IPUIPlugin:80 - create IPUIPlugin
2024-07-05 00:28:37,206 [INFO] PluginManager:220 - loadIPPluginJar : add resmgrutility
2024-07-05 00:28:37,206 [INFO] IPUIPlugin:80 - create IPUIPlugin
2024-07-05 00:28:37,207 [INFO] PluginManager:220 - loadIPPluginJar : add hash
2024-07-05 00:28:37,210 [INFO] IPUIPlugin:80 - create IPUIPlugin
2024-07-05 00:28:37,210 [INFO] PluginManager:220 - loadIPPluginJar : add mdma
2024-07-05 00:28:37,211 [INFO] IPUIPlugin:80 - create IPUIPlugin
2024-07-05 00:28:37,211 [INFO] PluginManager:220 - loadIPPluginJar : add i3c
2024-07-05 00:28:37,212 [INFO] IPUIPlugin:80 - create IPUIPlugin
2024-07-05 00:28:37,212 [INFO] PluginManager:220 - loadIPPluginJar : add sai
2024-07-05 00:28:37,214 [INFO] IPUIPlugin:80 - create IPUIPlugin
2024-07-05 00:28:37,214 [INFO] PluginManager:220 - loadIPPluginJar : add openamp
2024-07-05 00:28:37,217 [INFO] IPUIPlugin:80 - create IPUIPlugin
2024-07-05 00:28:37,217 [INFO] PluginManager:220 - loadIPPluginJar : add freertos
2024-07-05 00:28:37,218 [INFO] IPUIPlugin:80 - create IPUIPlugin
2024-07-05 00:28:37,218 [INFO] PluginManager:220 - loadIPPluginJar : add dma3
2024-07-05 00:28:37,220 [INFO] IPUIPlugin:80 - create IPUIPlugin
2024-07-05 00:28:37,220 [INFO] PluginManager:220 - loadIPPluginJar : add fmc
2024-07-05 00:28:37,220 [INFO] IPUIPlugin:80 - create IPUIPlugin
2024-07-05 00:28:37,220 [INFO] PluginManager:220 - loadIPPluginJar : add genericplugin
2024-07-05 00:28:37,221 [INFO] IPUIPlugin:80 - create IPUIPlugin
2024-07-05 00:28:37,222 [INFO] PluginManager:220 - loadIPPluginJar : add touchsensing
2024-07-05 00:28:37,222 [INFO] IPUIPlugin:80 - create IPUIPlugin
2024-07-05 00:28:37,222 [INFO] PluginManager:220 - loadIPPluginJar : add ts
2024-07-05 00:28:37,223 [INFO] IPUIPlugin:80 - create IPUIPlugin
2024-07-05 00:28:37,223 [INFO] PluginManager:220 - loadIPPluginJar : add radio
2024-07-05 00:28:37,224 [INFO] IPUIPlugin:80 - create IPUIPlugin
2024-07-05 00:28:37,224 [INFO] PluginManager:220 - loadIPPluginJar : add tim
2024-07-05 00:28:37,226 [INFO] IPUIPlugin:80 - create IPUIPlugin
2024-07-05 00:28:37,227 [INFO] PluginManager:220 - loadIPPluginJar : add plateformsettings
2024-07-05 00:28:37,228 [INFO] IPUIPlugin:80 - create IPUIPlugin
2024-07-05 00:28:37,229 [INFO] PluginManager:220 - loadIPPluginJar : add gtzc
2024-07-05 00:28:37,229 [INFO] IPUIPlugin:80 - create IPUIPlugin
2024-07-05 00:28:37,229 [INFO] PluginManager:220 - loadIPPluginJar : add opamp
2024-07-05 00:28:37,232 [INFO] IPUIPlugin:80 - create IPUIPlugin
2024-07-05 00:28:37,232 [INFO] PluginManager:220 - loadIPPluginJar : add gic
2024-07-05 00:28:37,233 [INFO] IPUIPlugin:80 - create IPUIPlugin
2024-07-05 00:28:37,233 [INFO] PluginManager:220 - loadIPPluginJar : add ucpd
2024-07-05 00:28:37,234 [INFO] IPUIPlugin:80 - create IPUIPlugin
2024-07-05 00:28:37,234 [INFO] PluginManager:220 - loadIPPluginJar : add comp
2024-07-05 00:28:37,235 [INFO] IPUIPlugin:80 - create IPUIPlugin
2024-07-05 00:28:37,235 [INFO] PluginManager:220 - loadIPPluginJar : add usbx
2024-07-05 00:28:37,236 [INFO] IPUIPlugin:80 - create IPUIPlugin
2024-07-05 00:28:37,236 [INFO] PluginManager:220 - loadIPPluginJar : add i2s
2024-07-05 00:28:37,238 [INFO] IPUIPlugin:80 - create IPUIPlugin
2024-07-05 00:28:37,238 [INFO] PluginManager:220 - loadIPPluginJar : add stm32_wpan
2024-07-05 00:28:37,239 [INFO] IPUIPlugin:80 - create IPUIPlugin
2024-07-05 00:28:37,239 [INFO] PluginManager:220 - loadIPPluginJar : add ipddr
2024-07-05 00:28:37,240 [INFO] IPUIPlugin:80 - create IPUIPlugin
2024-07-05 00:28:37,240 [INFO] PluginManager:220 - loadIPPluginJar : add ddr_ctrl_phy
2024-07-05 00:28:37,241 [INFO] IPUIPlugin:80 - create IPUIPlugin
2024-07-05 00:28:37,241 [INFO] PluginManager:220 - loadIPPluginJar : add aes
2024-07-05 00:28:37,241 [INFO] IPUIPlugin:80 - create IPUIPlugin
2024-07-05 00:28:37,241 [INFO] PluginManager:220 - loadIPPluginJar : add tracer_emb
2024-07-05 00:28:37,242 [INFO] IPUIPlugin:80 - create IPUIPlugin
2024-07-05 00:28:37,242 [INFO] PluginManager:220 - loadIPPluginJar : add extmemmanager
2024-07-05 00:28:37,243 [INFO] IPUIPlugin:80 - create IPUIPlugin
2024-07-05 00:28:37,243 [INFO] PluginManager:220 - loadIPPluginJar : add ltdc
2024-07-05 00:28:37,243 [INFO] IPUIPlugin:80 - create IPUIPlugin
2024-07-05 00:28:37,243 [INFO] PluginManager:220 - loadIPPluginJar : add can
2024-07-05 00:28:37,244 [INFO] IPUIPlugin:80 - create IPUIPlugin
2024-07-05 00:28:37,244 [INFO] PluginManager:220 - loadIPPluginJar : add spi
2024-07-05 00:28:37,245 [INFO] IPUIPlugin:80 - create IPUIPlugin
2024-07-05 00:28:37,246 [INFO] PluginManager:220 - loadIPPluginJar : add nvic
2024-07-05 00:28:37,246 [INFO] IPUIPlugin:80 - create IPUIPlugin
2024-07-05 00:28:37,246 [INFO] PluginManager:220 - loadIPPluginJar : add quadspi
2024-07-05 00:28:37,247 [INFO] IPUIPlugin:80 - create IPUIPlugin
2024-07-05 00:28:37,247 [INFO] PluginManager:220 - loadIPPluginJar : add i2c
2024-07-05 00:28:37,248 [INFO] IPUIPlugin:80 - create IPUIPlugin
2024-07-05 00:28:37,248 [INFO] PluginManager:220 - loadIPPluginJar : add cryp
2024-07-05 00:28:37,248 [INFO] IPUIPlugin:80 - create IPUIPlugin
2024-07-05 00:28:37,248 [INFO] PluginManager:220 - loadIPPluginJar : add fatfs
2024-07-05 00:28:37,249 [INFO] IPUIPlugin:80 - create IPUIPlugin
2024-07-05 00:28:37,249 [INFO] PluginManager:220 - loadIPPluginJar : add lorawan
2024-07-05 00:28:37,332 [INFO] CADModel:165 - CPN selected for project level
2024-07-05 00:28:37,332 [INFO] CADModel:114 - Register for checkConnection events
2024-07-05 00:28:37,332 [FATAL] Updater:334 - Updater called before beeing initialized
2024-07-05 00:28:37,332 [ERROR] CADModel:125 - Updater not yet initialized, retry later 
2024-07-05 00:28:37,393 [INFO] CADModel:165 - CPN selected for project level
2024-07-05 00:28:37,393 [INFO] CADModel:114 - Register for checkConnection events
2024-07-05 00:28:37,394 [FATAL] Updater:334 - Updater called before beeing initialized
2024-07-05 00:28:37,394 [ERROR] CADModel:125 - Updater not yet initialized, retry later 
2024-07-05 00:28:37,395 [FATAL] Updater:334 - Updater called before beeing initialized
2024-07-05 00:28:37,430 [FATAL] Updater:334 - Updater called before beeing initialized
2024-07-05 00:28:37,432 [INFO] DbMcusAds:53 - JSON generation date=Thu May 16 12:22:00 TRT 2024 (1715851320852)
2024-07-05 00:28:37,432 [FATAL] Updater:334 - Updater called before beeing initialized
2024-07-05 00:28:37,450 [WARN] DetailPanel:346 - Failed to get advertising image, set to default
2024-07-05 00:28:37,511 [FATAL] Updater:334 - Updater called before beeing initialized
2024-07-05 00:28:37,512 [FATAL] Updater:334 - Updater called before beeing initialized
2024-07-05 00:28:37,513 [FATAL] Updater:334 - Updater called before beeing initialized
2024-07-05 00:28:37,513 [WARN] DetailPanel:346 - Failed to get advertising image, set to default
2024-07-05 00:28:37,513 [FATAL] Updater:334 - Updater called before beeing initialized
2024-07-05 00:28:37,528 [ERROR] Updater:1164 - MainUpdater not yet initialized. External WinMGr cannot be set.
2024-07-05 00:28:37,529 [INFO] Updater:1100 - Updater Version found : 6.12.0
2024-07-05 00:28:37,538 [INFO] ApplicationProperties:184 - Using Application install path: /home/faruk/st/stm32cubeide_1.16.0/plugins/com.st.stm32cube.common.mx_6.12.0.202406281431
2024-07-05 00:28:37,753 [INFO] MainUpdater:2873 - connection check result : 10
2024-07-05 00:28:37,753 [INFO] MainUpdater:290 - Updater Check For Update Now.
2024-07-05 00:28:37,753 [INFO] MicroXplorer:498 - Change Database Version : DB.6.0.120
2024-07-05 00:28:37,755 [INFO] McuFinderGlobals:63 - Set McuFinder mode to 2 (CubeIDE integrated)
2024-07-05 00:28:37,755 [INFO] UserAuth:179 - activating auth plugin
2024-07-05 00:28:37,756 [INFO] UserAuth:417 - Internet connection configuration mode: 1
2024-07-05 00:28:37,763 [INFO] JxBrowserEngine:152 - Initiate JxBrowser Engine with user profile folder
2024-07-05 00:28:37,879 [INFO] CheckServerUpdateThread:120 - End of CheckServer Thread
2024-07-05 00:28:38,219 [INFO] WebApp:167 - Instantiating new browser for Auth
2024-07-05 00:28:38,700 [INFO] WebApp:448 - Apply proxy settings
2024-07-05 00:28:38,700 [INFO] WebApp:533 - Chromium requires no authentication
2024-07-05 00:28:38,704 [INFO] WebApp:476 - Direct internet connection detected
2024-07-05 00:28:38,711 [INFO] WebApp:869 - Register for checkConnection events
2024-07-05 00:28:38,712 [INFO] WebApp:448 - Apply proxy settings
2024-07-05 00:28:38,712 [INFO] WebApp:533 - Chromium requires no authentication
2024-07-05 00:28:38,712 [INFO] WebApp:476 - Direct internet connection detected
2024-07-05 00:28:38,770 [INFO] WebApp:220 - Starting web application
2024-07-05 00:28:38,771 [INFO] WebApp:578 - Web application path used /home/faruk/st/stm32cubeide_1.16.0/plugins/com.st.stm32cube.common.mx_6.12.0.202406281431/db/plugins/mcufinder/reactClient1/index.html
2024-07-05 00:28:39,284 [INFO] WebApp:186 - Connection restablished
2024-07-05 00:28:40,026 [WARN] PackLoader:240 - Cannot read IP mode file for STMicroelectronics.FP-SNS-MOTENVWB1.1.4.0
2024-07-05 00:28:40,029 [WARN] PackLoader:240 - Cannot read IP mode file for STMicroelectronics.X-CUBE-SMBUS.2.1.0
2024-07-05 00:28:40,043 [WARN] PackLoader:240 - Cannot read IP mode file for STMicroelectronics.X-CUBE-AZRTOS-F7.1.1.0
2024-07-05 00:28:40,047 [WARN] PackLoader:240 - Cannot read IP mode file for STMicroelectronics.FP-SNS-FLIGHT1.5.0.2
2024-07-05 00:28:40,053 [WARN] PackLoader:240 - Cannot read IP mode file for STMicroelectronics.X-CUBE-DISPLAY.3.0.0
2024-07-05 00:28:40,073 [WARN] PackLoader:240 - Cannot read IP mode file for STMicroelectronics.X-CUBE-BLE1.7.0.0
2024-07-05 00:28:40,075 [WARN] PackLoader:240 - Cannot read IP mode file for emotas.I-CUBE-CANOPEN.1.3.0
2024-07-05 00:28:40,079 [WARN] PackLoader:240 - Cannot read IP mode file for STMicroelectronics.X-CUBE-BLEMGR.3.1.0
2024-07-05 00:28:40,082 [WARN] PackLoader:240 - Cannot read IP mode file for STMicroelectronics.FP-SNS-SMARTAG2.1.2.0
2024-07-05 00:28:40,086 [INFO] LogOutputStream:77 - [STDOUT_REDIRECT] 1 : Invalid condition id : UX_CORESTACK_Condition cause : null
2024-07-05 00:28:40,086 [INFO] LogOutputStream:77 - [STDOUT_REDIRECT] 1 : Invalid condition id : UX_CORESTACK_Condition cause : null
2024-07-05 00:28:40,086 [INFO] LogOutputStream:77 - [STDOUT_REDIRECT] 1 : Invalid condition id : UX_CORESTACK_Condition cause : null
2024-07-05 00:28:40,086 [INFO] LogOutputStream:77 - [STDOUT_REDIRECT] 1 : Invalid condition id : UX_CORESTACK_Condition cause : null
2024-07-05 00:28:40,086 [INFO] LogOutputStream:77 - [STDOUT_REDIRECT] 1 : Invalid condition id : UX_CORESTACK_Condition cause : null
2024-07-05 00:28:40,087 [WARN] PackLoader:240 - Cannot read IP mode file for STMicroelectronics.X-CUBE-AZRTOS-WL.2.0.0
2024-07-05 00:28:40,089 [WARN] PackLoader:240 - Cannot read IP mode file for STMicroelectronics.FP-SNS-MOTENV1.5.0.0
2024-07-05 00:28:40,090 [WARN] PackLoader:240 - Cannot read IP mode file for wolfSSL.I-CUBE-wolfMQTT.1.19.0
2024-07-05 00:28:40,092 [WARN] PackLoader:240 - Cannot read IP mode file for WES.I-CUBE-Cesium.1.3.0
2024-07-05 00:28:40,094 [WARN] PackLoader:240 - Cannot read IP mode file for STMicroelectronics.X-CUBE-BLE2.3.3.0
2024-07-05 00:28:40,096 [WARN] PackLoader:240 - Cannot read IP mode file for STMicroelectronics.X-CUBE-TCPP.4.1.0
2024-07-05 00:28:40,101 [WARN] PackLoader:240 - Cannot read IP mode file for STMicroelectronics.X-CUBE-AZRTOS-G0.1.1.0
2024-07-05 00:28:40,104 [WARN] PackLoader:240 - Cannot read IP mode file for STMicroelectronics.X-CUBE-SAFEA1.1.2.2
2024-07-05 00:28:40,106 [WARN] PackLoader:240 - Cannot read IP mode file for STMicroelectronics.X-CUBE-NFC4.3.0.0
2024-07-05 00:28:40,107 [WARN] PackLoader:240 - Cannot read IP mode file for wolfSSL.I-CUBE-wolfSSL.5.7.0
2024-07-05 00:28:40,108 [WARN] PackLoader:240 - Cannot read IP mode file for STMicroelectronics.FP-ATR-SIGFOX1.3.2.0
2024-07-05 00:28:40,109 [WARN] PackLoader:240 - Cannot read IP mode file for STMicroelectronics.X-CUBE-EEPRMA1.5.1.0
2024-07-05 00:28:40,112 [WARN] PackLoader:240 - Cannot read IP mode file for ITTIA_DB.I-CUBE-ITTIADB.8.9.0
2024-07-05 00:28:40,123 [WARN] PackLoader:240 - Cannot read IP mode file for SEGGER.I-CUBE-embOS.1.3.1
2024-07-05 00:28:40,141 [WARN] PackLoader:240 - Cannot read IP mode file for STMicroelectronics.X-CUBE-ALGOBUILD.1.4.0
2024-07-05 00:28:40,143 [WARN] PackLoader:240 - Cannot read IP mode file for STMicroelectronics.X-CUBE-GNSS1.6.0.0
2024-07-05 00:28:40,151 [WARN] PackLoader:240 - Cannot read IP mode file for STMicroelectronics.X-CUBE-AZRTOS-F4.1.1.0
2024-07-05 00:28:40,155 [WARN] PackLoader:240 - Cannot read IP mode file for STMicroelectronics.X-CUBE-FREERTOS.1.2.0
2024-07-05 00:28:40,167 [WARN] PackLoader:240 - Cannot read IP mode file for STMicroelectronics.X-CUBE-AZRTOS-L5.2.0.0
2024-07-05 00:28:40,170 [WARN] PackLoader:240 - Cannot read IP mode file for STMicroelectronics.X-CUBE-NFC6.3.1.0
2024-07-05 00:28:40,173 [WARN] PackLoader:240 - Cannot read IP mode file for STMicroelectronics.X-CUBE-DPower.1.2.0
2024-07-05 00:28:40,174 [WARN] PackLoader:240 - Cannot read IP mode file for STMicroelectronics.X-CUBE-AI.9.0.0
2024-07-05 00:28:40,175 [WARN] PackLoader:240 - Cannot read IP mode file for STMicroelectronics.X-CUBE-NFC7.1.0.1
2024-07-05 00:28:40,180 [WARN] ConditionMgr:438 - getConditionDescription Invalid condition id : LAN8742 Phy interface Condition cause : null
2024-07-05 00:28:40,181 [WARN] PackLoader:240 - Cannot read IP mode file for STMicroelectronics.X-CUBE-AZRTOS-L4.2.0.0
2024-07-05 00:28:40,181 [WARN] ConditionMgr:1039 - genDependencies : Invalid condition id : LAN8742 Phy interface Condition cause : null
2024-07-05 00:28:40,181 [WARN] ConditionMgr:1039 - genDependencies : Invalid condition id : LAN8742 Phy interface Condition cause : null
2024-07-05 00:28:40,181 [WARN] ConditionMgr:1039 - genDependencies : Invalid condition id : LAN8742 Phy interface Condition cause : null
2024-07-05 00:28:40,184 [WARN] PackLoader:240 - Cannot read IP mode file for STMicroelectronics.X-CUBE-SFXS2LP1.4.0.0
2024-07-05 00:28:40,188 [WARN] ConditionMgr:438 - getConditionDescription Invalid condition id : UX DEVICE CLASS RTOS Condition cause : null
2024-07-05 00:28:40,188 [WARN] ConditionMgr:438 - getConditionDescription Invalid condition id : UX DEVICE CLASS RTOS Condition cause : null
2024-07-05 00:28:40,188 [WARN] PackLoader:240 - Cannot read IP mode file for STMicroelectronics.X-CUBE-AZRTOS-WB.2.0.0
2024-07-05 00:28:40,189 [WARN] ConditionMgr:1039 - genDependencies : Invalid condition id : UX DEVICE CLASS RTOS Condition cause : null
2024-07-05 00:28:40,189 [WARN] ConditionMgr:1039 - genDependencies : Invalid condition id : UX DEVICE CLASS RTOS Condition cause : null
2024-07-05 00:28:40,189 [WARN] ConditionMgr:1039 - genDependencies : Invalid condition id : UX DEVICE CLASS RTOS Condition cause : null
2024-07-05 00:28:40,189 [WARN] ConditionMgr:1039 - genDependencies : Invalid condition id : UX DEVICE CLASS RTOS Condition cause : null
2024-07-05 00:28:40,189 [WARN] ConditionMgr:1039 - genDependencies : Invalid condition id : UX DEVICE CLASS RTOS Condition cause : null
2024-07-05 00:28:40,192 [WARN] PackLoader:240 - Cannot read IP mode file for STMicroelectronics.X-CUBE-SUBG2.5.0.0
2024-07-05 00:28:40,195 [WARN] PackLoader:240 - Cannot read IP mode file for Cesanta.I-CUBE-Mongoose.7.13.0
2024-07-05 00:28:40,199 [WARN] PackLoader:240 - Cannot read IP mode file for STMicroelectronics.X-CUBE-AZRTOS-G4.2.0.0
2024-07-05 00:28:40,201 [WARN] PackLoader:240 - Cannot read IP mode file for STMicroelectronics.X-CUBE-ISPU.2.0.0
2024-07-05 00:28:40,202 [WARN] PackLoader:240 - Cannot read IP mode file for STMicroelectronics.X-CUBE-ALS.1.0.2
2024-07-05 00:28:40,215 [WARN] PackLoader:240 - Cannot read IP mode file for STMicroelectronics.X-CUBE-MEMS1.10.0.0
2024-07-05 00:28:40,263 [WARN] PackLoader:240 - Cannot read IP mode file for STMicroelectronics.X-CUBE-TOUCHGFX.4.24.0
2024-07-05 00:28:40,266 [WARN] PackLoader:240 - Cannot read IP mode file for portGmbH.I-Cube-SoM-uGOAL.1.1.0
2024-07-05 00:28:40,277 [WARN] PackLoader:240 - Cannot read IP mode file for STMicroelectronics.X-CUBE-AZRTOS-H7RS.1.0.0
2024-07-05 00:28:40,279 [WARN] PackLoader:240 - Cannot read IP mode file for STMicroelectronics.FP-ATR-ASTRA1.2.0.0
2024-07-05 00:28:40,282 [WARN] PackLoader:240 - Cannot read IP mode file for STMicroelectronics.X-CUBE-TOF1.3.4.1
2024-07-05 00:28:40,290 [WARN] PackLoader:240 - Cannot read IP mode file for STMicroelectronics.X-CUBE-AZRTOS-H7.3.2.0
2024-07-05 00:28:40,295 [WARN] PackLoader:240 - Cannot read IP mode file for Infineon.AIROC-Wi-Fi-Bluetooth-STM32.1.6.0
2024-07-05 00:28:40,297 [INFO] ThirdParty:978 - Integrity check success = true
2024-07-05 00:28:40,297 [INFO] IntegrityCheckThread:100 - exiting critical section [integrity check]
2024-07-05 00:28:40,297 [INFO] IntegrityCheckThread:103 - End integrity checks thread
2024-07-05 00:28:53,808 [ERROR] LogOutputStream:75 - [STDERR_REDIRECT] 
