2024-07-12 16:50:20,472 [INFO] Activator:176 - 


2024-07-12 16:50:20,474 [INFO] Activator:177 - !SESSION log4j initialized
2024-07-12 16:50:22,251 [INFO] LogOutputStream:77 - [STDOUT_REDIRECT] 
2024-07-12 16:50:22,971 [INFO] ApplicationProperties:184 - Using Application install path: /home/faruk/st/stm32cubeide_1.16.0/plugins/com.st.stm32cube.common.mx_6.12.0.202406281431
2024-07-12 16:50:22,980 [INFO] DbMcusXml:78 - Set database path to: /home/faruk/st/stm32cubeide_1.16.0/plugins/com.st.stm32cube.common.mx_6.12.0.202406281431//db//mcu/
2024-07-12 16:50:22,980 [INFO] ApiDb:274 - Set plugin database path to: /home/faruk/st/stm32cubeide_1.16.0/plugins/com.st.stm32cube.common.mx_6.12.0.202406281431//db//plugins/boardmanager/
2024-07-12 16:50:22,980 [WARN] ApiDb:259 - Overriding images path with different value:  => /home/faruk/st/stm32cubeide_1.16.0/plugins/com.st.stm32cube.common.mx_6.12.0.202406281431//db//plugins/mcufinder/images/
2024-07-12 16:50:22,983 [INFO] ApiDb:250 - Set database path to: /home/faruk/.stmcufinder/plugins/mcufinder//mcu/
2024-07-12 16:50:22,984 [INFO] DbMcusAds:125 - Set database path to: /home/faruk/.stmcufinder/plugins/mcufinder//mcu/
2024-07-12 16:50:22,985 [INFO] CrossReferenceDbSqlite:203 - Set database path to: /home/faruk/.stmcufinder/plugins/mcufinder//mcu/cs/
2024-07-12 16:50:23,032 [INFO] RulesReader:64 - Compatibility file has been processed (297 Rules)
2024-07-12 16:50:23,059 [INFO] DbMcusXml:78 - Set database path to: /home/faruk/st/stm32cubeide_1.16.0/plugins/com.st.stm32cube.common.mx_6.12.0.202406281431//db//mcu/
2024-07-12 16:50:23,059 [INFO] ApiDb:274 - Set plugin database path to: /home/faruk/st/stm32cubeide_1.16.0/plugins/com.st.stm32cube.common.mx_6.12.0.202406281431//db//plugins/boardmanager/
2024-07-12 16:50:23,059 [INFO] ApiDb:261 - Set plugin images path to: /home/faruk/st/stm32cubeide_1.16.0/plugins/com.st.stm32cube.common.mx_6.12.0.202406281431//db//plugins/mcufinder/images/
2024-07-12 16:50:23,060 [WARN] DbFile:41 - Overriding database path with different value: /home/faruk/.stmcufinder/plugins/mcufinder/ => /home/faruk/.stmcufinder/plugins/mcufinder
2024-07-12 16:50:23,060 [INFO] ApiDb:250 - Set database path to: /home/faruk/.stmcufinder/plugins/mcufinder//mcu/
2024-07-12 16:50:23,060 [WARN] DbFile:41 - Overriding database path with different value: /home/faruk/.stmcufinder/plugins/mcufinder/ => /home/faruk/.stmcufinder/plugins/mcufinder
2024-07-12 16:50:23,060 [INFO] DbMcusAds:125 - Set database path to: /home/faruk/.stmcufinder/plugins/mcufinder//mcu/
2024-07-12 16:50:23,060 [WARN] DbFile:41 - Overriding database path with different value: /home/faruk/.stmcufinder/plugins/mcufinder/ => /home/faruk/.stmcufinder/plugins/mcufinder
2024-07-12 16:50:23,060 [WARN] DbFile:41 - Overriding database path with different value: /home/faruk/.stmcufinder/plugins/mcufinder/ => /home/faruk/.stmcufinder/plugins/mcufinder
2024-07-12 16:50:23,060 [INFO] CrossReferenceDbSqlite:203 - Set database path to: /home/faruk/.stmcufinder/plugins/mcufinder//mcu/cs/
2024-07-12 16:50:23,091 [INFO] MainPanel:268 - HeapMemory: 268435456
2024-07-12 16:50:23,150 [INFO] DbMcusXml:78 - Set database path to: /home/faruk/st/stm32cubeide_1.16.0/plugins/com.st.stm32cube.common.mx_6.12.0.202406281431//db//mcu/
2024-07-12 16:50:23,150 [INFO] ApiDb:274 - Set plugin database path to: /home/faruk/st/stm32cubeide_1.16.0/plugins/com.st.stm32cube.common.mx_6.12.0.202406281431//db//plugins/boardmanager/
2024-07-12 16:50:23,150 [INFO] ApiDb:261 - Set plugin images path to: /home/faruk/st/stm32cubeide_1.16.0/plugins/com.st.stm32cube.common.mx_6.12.0.202406281431//db//plugins/mcufinder/images/
2024-07-12 16:50:23,150 [WARN] DbFile:41 - Overriding database path with different value: /home/faruk/.stmcufinder/plugins/mcufinder/ => /home/faruk/.stmcufinder/plugins/mcufinder
2024-07-12 16:50:23,150 [INFO] ApiDb:250 - Set database path to: /home/faruk/.stmcufinder/plugins/mcufinder//mcu/
2024-07-12 16:50:23,150 [WARN] DbFile:41 - Overriding database path with different value: /home/faruk/.stmcufinder/plugins/mcufinder/ => /home/faruk/.stmcufinder/plugins/mcufinder
2024-07-12 16:50:23,150 [INFO] DbMcusAds:125 - Set database path to: /home/faruk/.stmcufinder/plugins/mcufinder//mcu/
2024-07-12 16:50:23,150 [WARN] DbFile:41 - Overriding database path with different value: /home/faruk/.stmcufinder/plugins/mcufinder/ => /home/faruk/.stmcufinder/plugins/mcufinder
2024-07-12 16:50:23,150 [WARN] DbFile:41 - Overriding database path with different value: /home/faruk/.stmcufinder/plugins/mcufinder/ => /home/faruk/.stmcufinder/plugins/mcufinder
2024-07-12 16:50:23,150 [INFO] CrossReferenceDbSqlite:203 - Set database path to: /home/faruk/.stmcufinder/plugins/mcufinder//mcu/cs/
2024-07-12 16:50:23,157 [INFO] ApplicationProperties:184 - Using Application install path: /home/faruk/st/stm32cubeide_1.16.0/plugins/com.st.stm32cube.common.mx_6.12.0.202406281431
2024-07-12 16:50:23,158 [INFO] PluginManage:196 - Search for loadable plugins [exclusion list=, ]
2024-07-12 16:50:23,158 [INFO] PluginManage:310 - Check plugin analytics
2024-07-12 16:50:23,221 [INFO] AnalyticsPlugin:253 - Accepted Software Licenses: 
2024-07-12 16:50:23,221 [INFO] AnalyticsPlugin:255 - Accepted CMSIS Pack Licenses: 
2024-07-12 16:50:23,221 [INFO] AnalyticsPlugin:257 - Accepted Firmware Licenses: FW.MP1.1.6.0,FW.H7.1.11.0
2024-07-12 16:50:23,222 [INFO] PluginManage:359 - Loaded plugin analytics (category:tool,tabindex:-1)
2024-07-12 16:50:23,222 [INFO] PluginManage:310 - Check plugin cadmodel
2024-07-12 16:50:23,225 [INFO] CADModel:105 - Init CAD model plugin
2024-07-12 16:50:23,225 [INFO] PluginManage:359 - Loaded plugin cadmodel (category:power,tabindex:5)
2024-07-12 16:50:23,225 [INFO] PluginManage:310 - Check plugin clock
2024-07-12 16:50:23,229 [INFO] PluginManage:359 - Loaded plugin clock (category:base,tabindex:2)
2024-07-12 16:50:23,229 [INFO] PluginManage:310 - Check plugin ddr
2024-07-12 16:50:23,230 [INFO] PluginManage:359 - Loaded plugin ddr (category:tool,tabindex:6)
2024-07-12 16:50:23,231 [INFO] PluginManage:310 - Check plugin filemanager
2024-07-12 16:50:23,304 [INFO] PluginManage:359 - Loaded plugin filemanager (category:base,tabindex:10)
2024-07-12 16:50:23,304 [INFO] PluginManage:310 - Check plugin ipmanager
2024-07-12 16:50:23,307 [INFO] PluginManage:359 - Loaded plugin ipmanager (category:base,tabindex:5)
2024-07-12 16:50:23,307 [INFO] PluginManage:310 - Check plugin lpbam
2024-07-12 16:50:23,312 [INFO] PluginManage:359 - Loaded plugin lpbam (category:base,tabindex:0)
2024-07-12 16:50:23,312 [INFO] PluginManage:310 - Check plugin memorymap
2024-07-12 16:50:23,320 [INFO] PluginManage:359 - Loaded plugin memorymap (category:base,tabindex:4)
2024-07-12 16:50:23,320 [INFO] PluginManage:310 - Check plugin pinoutandconfiguration
2024-07-12 16:50:23,324 [INFO] PluginManage:359 - Loaded plugin pinoutandconfiguration (category:base,tabindex:1)
2024-07-12 16:50:23,325 [INFO] PluginManage:310 - Check plugin pinoutconfig
2024-07-12 16:50:23,374 [WARN] SupportedApi:132 - Cannot load RTOS API schema: s4s-elt-must-match.1: The content of 'definitions' must match (annotation?, (simpleType | complexType)?, (unique | key | keyref)*)). A problem was found starting at: attribute.
2024-07-12 16:50:23,456 [INFO] PluginManage:359 - Loaded plugin pinoutconfig (category:base,tabindex:0)
2024-07-12 16:50:23,456 [INFO] PluginManage:310 - Check plugin power
2024-07-12 16:50:23,462 [INFO] PluginManage:359 - Loaded plugin power (category:power,tabindex:4)
2024-07-12 16:50:23,462 [INFO] PluginManage:310 - Check plugin projectmanager
2024-07-12 16:50:23,473 [INFO] PluginManage:359 - Loaded plugin projectmanager (category:projectmanager,tabindex:4)
2024-07-12 16:50:23,473 [INFO] PluginManage:310 - Check plugin rif
2024-07-12 16:50:23,476 [INFO] PluginManage:359 - Loaded plugin rif (category:base,tabindex:3)
2024-07-12 16:50:23,476 [INFO] PluginManage:310 - Check plugin thirdparty
2024-07-12 16:50:23,544 [INFO] PluginManage:359 - Loaded plugin thirdparty (category:base,tabindex:-1)
2024-07-12 16:50:23,544 [WARN] IntegrityCheckThread:84 - waiting for thirdparty lock release [integrity check]
2024-07-12 16:50:23,544 [INFO] PluginManage:310 - Check plugin tools
2024-07-12 16:50:23,544 [INFO] IntegrityCheckThread:86 - entering critical section [integrity check]
2024-07-12 16:50:23,544 [INFO] ThirdPartyUpdaterWithRetryManager:70 - Updater plugin not ready yet. [1/15]
2024-07-12 16:50:23,545 [INFO] PluginManage:359 - Loaded plugin tools (category:base,tabindex:7)
2024-07-12 16:50:23,545 [INFO] PluginManage:310 - Check plugin tutovideos
2024-07-12 16:50:23,629 [INFO] PluginManage:359 - Loaded plugin tutovideos (category:base,tabindex:-1)
2024-07-12 16:50:23,629 [INFO] PluginManage:310 - Check plugin updater
2024-07-12 16:50:23,638 [INFO] PluginManage:359 - Loaded plugin updater (category:base,tabindex:12)
2024-07-12 16:50:23,638 [INFO] PluginManage:310 - Check plugin userauth
2024-07-12 16:50:23,641 [INFO] UserAuth:113 - Init User Auth plugin
2024-07-12 16:50:23,641 [INFO] PluginManage:359 - Loaded plugin userauth (category:base,tabindex:14)
2024-07-12 16:50:23,641 [INFO] PluginManage:283 - PluginManage : Loaded plugins [18]
2024-07-12 16:50:23,722 [INFO] PinOutPanel:1561 - setPackage(No Configuration,No Configuration)
2024-07-12 16:50:23,757 [INFO] CADModel:165 - CPN selected for project level
2024-07-12 16:50:23,757 [INFO] CADModel:114 - Register for checkConnection events
2024-07-12 16:50:23,763 [INFO] IPUIPlugin:80 - create IPUIPlugin
2024-07-12 16:50:23,763 [INFO] PluginManager:220 - loadIPPluginJar : add pdm2pcm
2024-07-12 16:50:23,764 [INFO] IPUIPlugin:80 - create IPUIPlugin
2024-07-12 16:50:23,764 [INFO] PluginManager:220 - loadIPPluginJar : add tsc
2024-07-12 16:50:23,767 [INFO] IPUIPlugin:80 - create IPUIPlugin
2024-07-12 16:50:23,767 [INFO] PluginManager:220 - loadIPPluginJar : add linkedlist
2024-07-12 16:50:23,770 [INFO] IPUIPlugin:80 - create IPUIPlugin
2024-07-12 16:50:23,770 [INFO] PluginManager:220 - loadIPPluginJar : add adc
2024-07-12 16:50:23,771 [INFO] IPUIPlugin:80 - create IPUIPlugin
2024-07-12 16:50:23,771 [INFO] PluginManager:220 - loadIPPluginJar : add gfxmmu
2024-07-12 16:50:23,773 [INFO] IPUIPlugin:80 - create IPUIPlugin
2024-07-12 16:50:23,773 [INFO] PluginManager:220 - loadIPPluginJar : add gpio
2024-07-12 16:50:23,774 [INFO] IPUIPlugin:80 - create IPUIPlugin
2024-07-12 16:50:23,774 [INFO] PluginManager:220 - loadIPPluginJar : add usart
2024-07-12 16:50:23,776 [INFO] IPUIPlugin:80 - create IPUIPlugin
2024-07-12 16:50:23,777 [INFO] PluginManager:220 - loadIPPluginJar : add dma
2024-07-12 16:50:23,777 [INFO] IPUIPlugin:80 - create IPUIPlugin
2024-07-12 16:50:23,777 [INFO] PluginManager:220 - loadIPPluginJar : add dfsdm
2024-07-12 16:50:23,779 [INFO] IPUIPlugin:80 - create IPUIPlugin
2024-07-12 16:50:23,779 [INFO] PluginManager:220 - loadIPPluginJar : add resmgrutility
2024-07-12 16:50:23,779 [INFO] IPUIPlugin:80 - create IPUIPlugin
2024-07-12 16:50:23,779 [INFO] PluginManager:220 - loadIPPluginJar : add hash
2024-07-12 16:50:23,783 [INFO] IPUIPlugin:80 - create IPUIPlugin
2024-07-12 16:50:23,783 [INFO] PluginManager:220 - loadIPPluginJar : add mdma
2024-07-12 16:50:23,784 [INFO] IPUIPlugin:80 - create IPUIPlugin
2024-07-12 16:50:23,784 [INFO] PluginManager:220 - loadIPPluginJar : add i3c
2024-07-12 16:50:23,785 [INFO] IPUIPlugin:80 - create IPUIPlugin
2024-07-12 16:50:23,785 [INFO] PluginManager:220 - loadIPPluginJar : add sai
2024-07-12 16:50:23,786 [INFO] IPUIPlugin:80 - create IPUIPlugin
2024-07-12 16:50:23,786 [INFO] PluginManager:220 - loadIPPluginJar : add openamp
2024-07-12 16:50:23,789 [INFO] IPUIPlugin:80 - create IPUIPlugin
2024-07-12 16:50:23,789 [INFO] PluginManager:220 - loadIPPluginJar : add freertos
2024-07-12 16:50:23,789 [INFO] IPUIPlugin:80 - create IPUIPlugin
2024-07-12 16:50:23,789 [INFO] PluginManager:220 - loadIPPluginJar : add dma3
2024-07-12 16:50:23,791 [INFO] IPUIPlugin:80 - create IPUIPlugin
2024-07-12 16:50:23,791 [INFO] PluginManager:220 - loadIPPluginJar : add fmc
2024-07-12 16:50:23,791 [INFO] IPUIPlugin:80 - create IPUIPlugin
2024-07-12 16:50:23,791 [INFO] PluginManager:220 - loadIPPluginJar : add genericplugin
2024-07-12 16:50:23,792 [INFO] IPUIPlugin:80 - create IPUIPlugin
2024-07-12 16:50:23,792 [INFO] PluginManager:220 - loadIPPluginJar : add touchsensing
2024-07-12 16:50:23,793 [INFO] IPUIPlugin:80 - create IPUIPlugin
2024-07-12 16:50:23,793 [INFO] PluginManager:220 - loadIPPluginJar : add ts
2024-07-12 16:50:23,794 [INFO] IPUIPlugin:80 - create IPUIPlugin
2024-07-12 16:50:23,794 [INFO] PluginManager:220 - loadIPPluginJar : add radio
2024-07-12 16:50:23,795 [INFO] IPUIPlugin:80 - create IPUIPlugin
2024-07-12 16:50:23,795 [INFO] PluginManager:220 - loadIPPluginJar : add tim
2024-07-12 16:50:23,797 [INFO] IPUIPlugin:80 - create IPUIPlugin
2024-07-12 16:50:23,798 [INFO] PluginManager:220 - loadIPPluginJar : add plateformsettings
2024-07-12 16:50:23,799 [INFO] IPUIPlugin:80 - create IPUIPlugin
2024-07-12 16:50:23,799 [INFO] PluginManager:220 - loadIPPluginJar : add gtzc
2024-07-12 16:50:23,800 [INFO] IPUIPlugin:80 - create IPUIPlugin
2024-07-12 16:50:23,800 [INFO] PluginManager:220 - loadIPPluginJar : add opamp
2024-07-12 16:50:23,802 [INFO] IPUIPlugin:80 - create IPUIPlugin
2024-07-12 16:50:23,803 [INFO] PluginManager:220 - loadIPPluginJar : add gic
2024-07-12 16:50:23,803 [INFO] IPUIPlugin:80 - create IPUIPlugin
2024-07-12 16:50:23,803 [INFO] PluginManager:220 - loadIPPluginJar : add ucpd
2024-07-12 16:50:23,804 [INFO] IPUIPlugin:80 - create IPUIPlugin
2024-07-12 16:50:23,804 [INFO] PluginManager:220 - loadIPPluginJar : add comp
2024-07-12 16:50:23,805 [INFO] IPUIPlugin:80 - create IPUIPlugin
2024-07-12 16:50:23,805 [INFO] PluginManager:220 - loadIPPluginJar : add usbx
2024-07-12 16:50:23,805 [INFO] IPUIPlugin:80 - create IPUIPlugin
2024-07-12 16:50:23,805 [INFO] PluginManager:220 - loadIPPluginJar : add i2s
2024-07-12 16:50:23,807 [INFO] IPUIPlugin:80 - create IPUIPlugin
2024-07-12 16:50:23,807 [INFO] PluginManager:220 - loadIPPluginJar : add stm32_wpan
2024-07-12 16:50:23,808 [INFO] IPUIPlugin:80 - create IPUIPlugin
2024-07-12 16:50:23,808 [INFO] PluginManager:220 - loadIPPluginJar : add ipddr
2024-07-12 16:50:23,809 [INFO] IPUIPlugin:80 - create IPUIPlugin
2024-07-12 16:50:23,809 [INFO] PluginManager:220 - loadIPPluginJar : add ddr_ctrl_phy
2024-07-12 16:50:23,810 [INFO] IPUIPlugin:80 - create IPUIPlugin
2024-07-12 16:50:23,810 [INFO] PluginManager:220 - loadIPPluginJar : add aes
2024-07-12 16:50:23,811 [INFO] IPUIPlugin:80 - create IPUIPlugin
2024-07-12 16:50:23,811 [INFO] PluginManager:220 - loadIPPluginJar : add tracer_emb
2024-07-12 16:50:23,812 [INFO] IPUIPlugin:80 - create IPUIPlugin
2024-07-12 16:50:23,812 [INFO] PluginManager:220 - loadIPPluginJar : add extmemmanager
2024-07-12 16:50:23,812 [INFO] IPUIPlugin:80 - create IPUIPlugin
2024-07-12 16:50:23,812 [INFO] PluginManager:220 - loadIPPluginJar : add ltdc
2024-07-12 16:50:23,813 [INFO] IPUIPlugin:80 - create IPUIPlugin
2024-07-12 16:50:23,813 [INFO] PluginManager:220 - loadIPPluginJar : add can
2024-07-12 16:50:23,813 [INFO] IPUIPlugin:80 - create IPUIPlugin
2024-07-12 16:50:23,813 [INFO] PluginManager:220 - loadIPPluginJar : add spi
2024-07-12 16:50:23,816 [INFO] IPUIPlugin:80 - create IPUIPlugin
2024-07-12 16:50:23,816 [INFO] PluginManager:220 - loadIPPluginJar : add nvic
2024-07-12 16:50:23,816 [INFO] IPUIPlugin:80 - create IPUIPlugin
2024-07-12 16:50:23,816 [INFO] PluginManager:220 - loadIPPluginJar : add quadspi
2024-07-12 16:50:23,817 [INFO] IPUIPlugin:80 - create IPUIPlugin
2024-07-12 16:50:23,817 [INFO] PluginManager:220 - loadIPPluginJar : add i2c
2024-07-12 16:50:23,818 [INFO] IPUIPlugin:80 - create IPUIPlugin
2024-07-12 16:50:23,818 [INFO] PluginManager:220 - loadIPPluginJar : add cryp
2024-07-12 16:50:23,818 [INFO] IPUIPlugin:80 - create IPUIPlugin
2024-07-12 16:50:23,818 [INFO] PluginManager:220 - loadIPPluginJar : add fatfs
2024-07-12 16:50:23,819 [INFO] IPUIPlugin:80 - create IPUIPlugin
2024-07-12 16:50:23,819 [INFO] PluginManager:220 - loadIPPluginJar : add lorawan
2024-07-12 16:50:23,900 [INFO] CADModel:165 - CPN selected for project level
2024-07-12 16:50:23,900 [INFO] CADModel:114 - Register for checkConnection events
2024-07-12 16:50:23,900 [FATAL] Updater:334 - Updater called before beeing initialized
2024-07-12 16:50:23,901 [ERROR] CADModel:125 - Updater not yet initialized, retry later 
2024-07-12 16:50:23,953 [INFO] CADModel:165 - CPN selected for project level
2024-07-12 16:50:23,953 [INFO] CADModel:114 - Register for checkConnection events
2024-07-12 16:50:23,953 [FATAL] Updater:334 - Updater called before beeing initialized
2024-07-12 16:50:23,953 [ERROR] CADModel:125 - Updater not yet initialized, retry later 
2024-07-12 16:50:23,955 [FATAL] Updater:334 - Updater called before beeing initialized
2024-07-12 16:50:23,988 [FATAL] Updater:334 - Updater called before beeing initialized
2024-07-12 16:50:23,990 [INFO] DbMcusAds:53 - JSON generation date=Thu May 16 12:22:00 TRT 2024 (1715851320852)
2024-07-12 16:50:23,990 [FATAL] Updater:334 - Updater called before beeing initialized
2024-07-12 16:50:24,013 [WARN] DetailPanel:346 - Failed to get advertising image, set to default
2024-07-12 16:50:24,082 [FATAL] Updater:334 - Updater called before beeing initialized
2024-07-12 16:50:24,083 [FATAL] Updater:334 - Updater called before beeing initialized
2024-07-12 16:50:24,083 [FATAL] Updater:334 - Updater called before beeing initialized
2024-07-12 16:50:24,084 [WARN] DetailPanel:346 - Failed to get advertising image, set to default
2024-07-12 16:50:24,084 [FATAL] Updater:334 - Updater called before beeing initialized
2024-07-12 16:50:24,097 [ERROR] Updater:1164 - MainUpdater not yet initialized. External WinMGr cannot be set.
2024-07-12 16:50:24,098 [INFO] Updater:1100 - Updater Version found : 6.12.0
2024-07-12 16:50:24,107 [INFO] ApplicationProperties:184 - Using Application install path: /home/faruk/st/stm32cubeide_1.16.0/plugins/com.st.stm32cube.common.mx_6.12.0.202406281431
2024-07-12 16:50:24,347 [INFO] MainUpdater:2873 - connection check result : 10
2024-07-12 16:50:24,348 [INFO] MainUpdater:290 - Updater Check For Update Now.
2024-07-12 16:50:24,348 [INFO] MicroXplorer:498 - Change Database Version : DB.6.0.120
2024-07-12 16:50:24,350 [INFO] McuFinderGlobals:63 - Set McuFinder mode to 2 (CubeIDE integrated)
2024-07-12 16:50:24,350 [INFO] UserAuth:179 - activating auth plugin
2024-07-12 16:50:24,355 [INFO] UserAuth:417 - Internet connection configuration mode: 1
2024-07-12 16:50:24,362 [INFO] JxBrowserEngine:152 - Initiate JxBrowser Engine with user profile folder
2024-07-12 16:50:24,476 [INFO] CheckServerUpdateThread:120 - End of CheckServer Thread
2024-07-12 16:50:24,891 [INFO] WebApp:167 - Instantiating new browser for Auth
2024-07-12 16:50:25,342 [INFO] WebApp:448 - Apply proxy settings
2024-07-12 16:50:25,342 [INFO] WebApp:533 - Chromium requires no authentication
2024-07-12 16:50:25,347 [INFO] WebApp:476 - Direct internet connection detected
2024-07-12 16:50:25,362 [INFO] WebApp:869 - Register for checkConnection events
2024-07-12 16:50:25,362 [INFO] WebApp:448 - Apply proxy settings
2024-07-12 16:50:25,363 [INFO] WebApp:533 - Chromium requires no authentication
2024-07-12 16:50:25,363 [INFO] WebApp:476 - Direct internet connection detected
2024-07-12 16:50:25,433 [INFO] WebApp:220 - Starting web application
2024-07-12 16:50:25,434 [INFO] WebApp:578 - Web application path used /home/faruk/st/stm32cubeide_1.16.0/plugins/com.st.stm32cube.common.mx_6.12.0.202406281431/db/plugins/mcufinder/reactClient1/index.html
2024-07-12 16:50:25,896 [INFO] WebApp:186 - Connection restablished
2024-07-12 16:50:26,592 [WARN] PackLoader:240 - Cannot read IP mode file for STMicroelectronics.FP-SNS-MOTENVWB1.1.4.0
2024-07-12 16:50:26,595 [WARN] PackLoader:240 - Cannot read IP mode file for STMicroelectronics.X-CUBE-SMBUS.2.1.0
2024-07-12 16:50:26,605 [WARN] PackLoader:240 - Cannot read IP mode file for STMicroelectronics.X-CUBE-AZRTOS-F7.1.1.0
2024-07-12 16:50:26,609 [WARN] PackLoader:240 - Cannot read IP mode file for STMicroelectronics.FP-SNS-FLIGHT1.5.0.2
2024-07-12 16:50:26,612 [WARN] PackLoader:240 - Cannot read IP mode file for STMicroelectronics.X-CUBE-DISPLAY.3.0.0
2024-07-12 16:50:26,617 [WARN] PackLoader:240 - Cannot read IP mode file for STMicroelectronics.X-CUBE-BLE1.7.0.0
2024-07-12 16:50:26,619 [WARN] PackLoader:240 - Cannot read IP mode file for emotas.I-CUBE-CANOPEN.1.3.0
2024-07-12 16:50:26,624 [WARN] PackLoader:240 - Cannot read IP mode file for STMicroelectronics.X-CUBE-BLEMGR.3.1.0
2024-07-12 16:50:26,629 [WARN] PackLoader:240 - Cannot read IP mode file for STMicroelectronics.FP-SNS-SMARTAG2.1.2.0
2024-07-12 16:50:26,637 [INFO] LogOutputStream:77 - [STDOUT_REDIRECT] 1 : Invalid condition id : UX_CORESTACK_Condition cause : null
2024-07-12 16:50:26,637 [INFO] LogOutputStream:77 - [STDOUT_REDIRECT] 1 : Invalid condition id : UX_CORESTACK_Condition cause : null
2024-07-12 16:50:26,637 [INFO] LogOutputStream:77 - [STDOUT_REDIRECT] 1 : Invalid condition id : UX_CORESTACK_Condition cause : null
2024-07-12 16:50:26,637 [INFO] LogOutputStream:77 - [STDOUT_REDIRECT] 1 : Invalid condition id : UX_CORESTACK_Condition cause : null
2024-07-12 16:50:26,637 [INFO] LogOutputStream:77 - [STDOUT_REDIRECT] 1 : Invalid condition id : UX_CORESTACK_Condition cause : null
2024-07-12 16:50:26,639 [WARN] PackLoader:240 - Cannot read IP mode file for STMicroelectronics.X-CUBE-AZRTOS-WL.2.0.0
2024-07-12 16:50:26,642 [WARN] PackLoader:240 - Cannot read IP mode file for STMicroelectronics.FP-SNS-MOTENV1.5.0.0
2024-07-12 16:50:26,644 [WARN] PackLoader:240 - Cannot read IP mode file for wolfSSL.I-CUBE-wolfMQTT.1.19.0
2024-07-12 16:50:26,647 [WARN] PackLoader:240 - Cannot read IP mode file for WES.I-CUBE-Cesium.1.3.0
2024-07-12 16:50:26,649 [WARN] PackLoader:240 - Cannot read IP mode file for STMicroelectronics.X-CUBE-BLE2.3.3.0
2024-07-12 16:50:26,653 [WARN] PackLoader:240 - Cannot read IP mode file for STMicroelectronics.X-CUBE-TCPP.4.1.0
2024-07-12 16:50:26,663 [WARN] PackLoader:240 - Cannot read IP mode file for STMicroelectronics.X-CUBE-AZRTOS-G0.1.1.0
2024-07-12 16:50:26,668 [WARN] PackLoader:240 - Cannot read IP mode file for STMicroelectronics.X-CUBE-SAFEA1.1.2.2
2024-07-12 16:50:26,671 [WARN] PackLoader:240 - Cannot read IP mode file for STMicroelectronics.X-CUBE-NFC4.3.0.0
2024-07-12 16:50:26,677 [WARN] PackLoader:240 - Cannot read IP mode file for EmbeddedOffice.I-CUBE-FS-RTOS.1.0.1
2024-07-12 16:50:26,678 [ERROR] ConditionMgr:805 - Attr not supported : Dmpu
2024-07-12 16:50:26,678 [ERROR] ConditionMgr:805 - Attr not supported : Dmpu
2024-07-12 16:50:26,678 [ERROR] ConditionMgr:805 - Attr not supported : Dmpu
2024-07-12 16:50:26,678 [ERROR] ConditionMgr:805 - Attr not supported : Dmpu
2024-07-12 16:50:26,678 [ERROR] ConditionMgr:805 - Attr not supported : Dmpu
2024-07-12 16:50:26,678 [ERROR] ConditionMgr:805 - Attr not supported : Dmpu
2024-07-12 16:50:26,678 [ERROR] ConditionMgr:805 - Attr not supported : Dmpu
2024-07-12 16:50:26,678 [ERROR] ConditionMgr:805 - Attr not supported : Dmpu
2024-07-12 16:50:26,678 [ERROR] ConditionMgr:805 - Attr not supported : Dmpu
2024-07-12 16:50:26,678 [ERROR] ConditionMgr:805 - Attr not supported : Dmpu
2024-07-12 16:50:26,678 [ERROR] ConditionMgr:805 - Attr not supported : Dmpu
2024-07-12 16:50:26,678 [ERROR] ConditionMgr:805 - Attr not supported : Dmpu
2024-07-12 16:50:26,678 [ERROR] ConditionMgr:805 - Attr not supported : Dmpu
2024-07-12 16:50:26,678 [ERROR] ConditionMgr:805 - Attr not supported : Dmpu
2024-07-12 16:50:26,678 [ERROR] ConditionMgr:805 - Attr not supported : Dmpu
2024-07-12 16:50:26,678 [ERROR] ConditionMgr:805 - Attr not supported : Dmpu
2024-07-12 16:50:26,678 [ERROR] ConditionMgr:805 - Attr not supported : Dmpu
2024-07-12 16:50:26,679 [ERROR] ConditionMgr:805 - Attr not supported : Dmpu
2024-07-12 16:50:26,679 [ERROR] ConditionMgr:805 - Attr not supported : Dmpu
2024-07-12 16:50:26,679 [ERROR] ConditionMgr:805 - Attr not supported : Dmpu
2024-07-12 16:50:26,679 [ERROR] ConditionMgr:805 - Attr not supported : Dmpu
2024-07-12 16:50:26,679 [ERROR] ConditionMgr:805 - Attr not supported : Dmpu
2024-07-12 16:50:26,679 [ERROR] ConditionMgr:805 - Attr not supported : Dmpu
2024-07-12 16:50:26,679 [ERROR] ConditionMgr:805 - Attr not supported : Dmpu
2024-07-12 16:50:26,679 [ERROR] ConditionMgr:805 - Attr not supported : Dmpu
2024-07-12 16:50:26,679 [ERROR] ConditionMgr:805 - Attr not supported : Dmpu
2024-07-12 16:50:26,679 [ERROR] ConditionMgr:805 - Attr not supported : Dmpu
2024-07-12 16:50:26,679 [ERROR] ConditionMgr:805 - Attr not supported : Dmpu
2024-07-12 16:50:26,679 [ERROR] ConditionMgr:805 - Attr not supported : Dmpu
2024-07-12 16:50:26,679 [ERROR] ConditionMgr:805 - Attr not supported : Dmpu
2024-07-12 16:50:26,679 [ERROR] ConditionMgr:805 - Attr not supported : Dmpu
2024-07-12 16:50:26,679 [ERROR] ConditionMgr:805 - Attr not supported : Dmpu
2024-07-12 16:50:26,679 [ERROR] ConditionMgr:805 - Attr not supported : Dmpu
2024-07-12 16:50:26,679 [ERROR] ConditionMgr:805 - Attr not supported : Dmpu
2024-07-12 16:50:26,679 [ERROR] ConditionMgr:805 - Attr not supported : Dmpu
2024-07-12 16:50:26,679 [ERROR] ConditionMgr:805 - Attr not supported : Dmpu
2024-07-12 16:50:26,679 [ERROR] ConditionMgr:805 - Attr not supported : Dmpu
2024-07-12 16:50:26,679 [ERROR] ConditionMgr:805 - Attr not supported : Dmpu
2024-07-12 16:50:26,679 [ERROR] ConditionMgr:805 - Attr not supported : Dmpu
2024-07-12 16:50:26,679 [ERROR] ConditionMgr:805 - Attr not supported : Dmpu
2024-07-12 16:50:26,679 [ERROR] ConditionMgr:805 - Attr not supported : Dmpu
2024-07-12 16:50:26,679 [ERROR] ConditionMgr:805 - Attr not supported : Dmpu
2024-07-12 16:50:26,680 [ERROR] ConditionMgr:805 - Attr not supported : Dmpu
2024-07-12 16:50:26,680 [ERROR] ConditionMgr:805 - Attr not supported : Dmpu
2024-07-12 16:50:26,680 [ERROR] ConditionMgr:805 - Attr not supported : Dmpu
2024-07-12 16:50:26,680 [ERROR] ConditionMgr:805 - Attr not supported : Dmpu
2024-07-12 16:50:26,680 [ERROR] ConditionMgr:805 - Attr not supported : Dmpu
2024-07-12 16:50:26,680 [ERROR] ConditionMgr:805 - Attr not supported : Dmpu
2024-07-12 16:50:26,680 [ERROR] ConditionMgr:805 - Attr not supported : Dmpu
2024-07-12 16:50:26,680 [ERROR] ConditionMgr:805 - Attr not supported : Dmpu
2024-07-12 16:50:26,680 [ERROR] ConditionMgr:805 - Attr not supported : Dmpu
2024-07-12 16:50:26,680 [ERROR] ConditionMgr:805 - Attr not supported : Dmpu
2024-07-12 16:50:26,680 [ERROR] ConditionMgr:805 - Attr not supported : Dmpu
2024-07-12 16:50:26,680 [ERROR] ConditionMgr:805 - Attr not supported : Dmpu
2024-07-12 16:50:26,680 [ERROR] ConditionMgr:805 - Attr not supported : Dmpu
2024-07-12 16:50:26,680 [ERROR] ConditionMgr:805 - Attr not supported : Dmpu
2024-07-12 16:50:26,680 [ERROR] ConditionMgr:805 - Attr not supported : Dmpu
2024-07-12 16:50:26,680 [ERROR] ConditionMgr:805 - Attr not supported : Dmpu
2024-07-12 16:50:26,680 [ERROR] ConditionMgr:805 - Attr not supported : Dmpu
2024-07-12 16:50:26,680 [ERROR] ConditionMgr:805 - Attr not supported : Dmpu
2024-07-12 16:50:26,680 [ERROR] ConditionMgr:805 - Attr not supported : Dmpu
2024-07-12 16:50:26,680 [ERROR] ConditionMgr:805 - Attr not supported : Dmpu
2024-07-12 16:50:26,680 [ERROR] ConditionMgr:805 - Attr not supported : Dmpu
2024-07-12 16:50:26,680 [ERROR] ConditionMgr:805 - Attr not supported : Dmpu
2024-07-12 16:50:26,682 [WARN] PackLoader:240 - Cannot read IP mode file for RealThread.X-CUBE-RT-Thread_Nano.4.1.1
2024-07-12 16:50:26,684 [WARN] PackLoader:240 - Cannot read IP mode file for wolfSSL.I-CUBE-wolfSSL.5.7.0
2024-07-12 16:50:26,685 [WARN] PackLoader:240 - Cannot read IP mode file for STMicroelectronics.FP-ATR-SIGFOX1.3.2.0
2024-07-12 16:50:26,687 [WARN] PackLoader:240 - Cannot read IP mode file for STMicroelectronics.X-CUBE-EEPRMA1.5.1.0
2024-07-12 16:50:26,690 [WARN] PackLoader:240 - Cannot read IP mode file for ITTIA_DB.I-CUBE-ITTIADB.8.9.0
2024-07-12 16:50:26,709 [WARN] PackLoader:240 - Cannot read IP mode file for SEGGER.I-CUBE-embOS.1.3.1
2024-07-12 16:50:26,753 [WARN] PackLoader:240 - Cannot read IP mode file for STMicroelectronics.X-CUBE-ALGOBUILD.1.4.0
2024-07-12 16:50:26,756 [WARN] PackLoader:240 - Cannot read IP mode file for STMicroelectronics.X-CUBE-GNSS1.6.0.0
2024-07-12 16:50:26,764 [WARN] PackLoader:240 - Cannot read IP mode file for STMicroelectronics.X-CUBE-AZRTOS-F4.1.1.0
2024-07-12 16:50:26,769 [WARN] PackLoader:240 - Cannot read IP mode file for STMicroelectronics.X-CUBE-FREERTOS.1.2.0
2024-07-12 16:50:26,776 [WARN] PackLoader:240 - Cannot read IP mode file for STMicroelectronics.X-CUBE-AZRTOS-L5.2.0.0
2024-07-12 16:50:26,780 [WARN] PackLoader:240 - Cannot read IP mode file for STMicroelectronics.X-CUBE-NFC6.3.1.0
2024-07-12 16:50:26,783 [WARN] PackLoader:240 - Cannot read IP mode file for STMicroelectronics.X-CUBE-DPower.1.2.0
2024-07-12 16:50:26,785 [WARN] PackLoader:240 - Cannot read IP mode file for STMicroelectronics.X-CUBE-AI.9.0.0
2024-07-12 16:50:26,786 [WARN] PackLoader:240 - Cannot read IP mode file for STMicroelectronics.X-CUBE-NFC7.1.0.1
2024-07-12 16:50:26,788 [WARN] PackLoader:240 - Cannot read IP mode file for wolfSSL.I-CUBE-wolfTPM.3.2.0
2024-07-12 16:50:26,797 [WARN] ConditionMgr:438 - getConditionDescription Invalid condition id : LAN8742 Phy interface Condition cause : null
2024-07-12 16:50:26,797 [WARN] PackLoader:240 - Cannot read IP mode file for STMicroelectronics.X-CUBE-AZRTOS-L4.2.0.0
2024-07-12 16:50:26,798 [WARN] ConditionMgr:1039 - genDependencies : Invalid condition id : LAN8742 Phy interface Condition cause : null
2024-07-12 16:50:26,798 [WARN] ConditionMgr:1039 - genDependencies : Invalid condition id : LAN8742 Phy interface Condition cause : null
2024-07-12 16:50:26,798 [WARN] ConditionMgr:1039 - genDependencies : Invalid condition id : LAN8742 Phy interface Condition cause : null
2024-07-12 16:50:26,801 [WARN] PackLoader:240 - Cannot read IP mode file for STMicroelectronics.X-CUBE-SFXS2LP1.4.0.0
2024-07-12 16:50:26,807 [WARN] ConditionMgr:438 - getConditionDescription Invalid condition id : UX DEVICE CLASS RTOS Condition cause : null
2024-07-12 16:50:26,807 [WARN] ConditionMgr:438 - getConditionDescription Invalid condition id : UX DEVICE CLASS RTOS Condition cause : null
2024-07-12 16:50:26,808 [WARN] PackLoader:240 - Cannot read IP mode file for STMicroelectronics.X-CUBE-AZRTOS-WB.2.0.0
2024-07-12 16:50:26,808 [WARN] ConditionMgr:1039 - genDependencies : Invalid condition id : UX DEVICE CLASS RTOS Condition cause : null
2024-07-12 16:50:26,808 [WARN] ConditionMgr:1039 - genDependencies : Invalid condition id : UX DEVICE CLASS RTOS Condition cause : null
2024-07-12 16:50:26,809 [WARN] ConditionMgr:1039 - genDependencies : Invalid condition id : UX DEVICE CLASS RTOS Condition cause : null
2024-07-12 16:50:26,809 [WARN] ConditionMgr:1039 - genDependencies : Invalid condition id : UX DEVICE CLASS RTOS Condition cause : null
2024-07-12 16:50:26,809 [WARN] ConditionMgr:1039 - genDependencies : Invalid condition id : UX DEVICE CLASS RTOS Condition cause : null
2024-07-12 16:50:26,813 [WARN] PackLoader:240 - Cannot read IP mode file for STMicroelectronics.X-CUBE-SUBG2.5.0.0
2024-07-12 16:50:26,817 [WARN] PackLoader:240 - Cannot read IP mode file for Cesanta.I-CUBE-Mongoose.7.13.0
2024-07-12 16:50:26,822 [WARN] PackLoader:240 - Cannot read IP mode file for STMicroelectronics.X-CUBE-AZRTOS-G4.2.0.0
2024-07-12 16:50:26,825 [WARN] PackLoader:240 - Cannot read IP mode file for STMicroelectronics.X-CUBE-ISPU.2.0.0
2024-07-12 16:50:26,827 [WARN] PackLoader:240 - Cannot read IP mode file for STMicroelectronics.X-CUBE-ALS.1.0.2
2024-07-12 16:50:26,850 [WARN] PackLoader:240 - Cannot read IP mode file for STMicroelectronics.X-CUBE-MEMS1.10.0.0
2024-07-12 16:50:26,915 [WARN] PackLoader:240 - Cannot read IP mode file for STMicroelectronics.X-CUBE-TOUCHGFX.4.24.0
2024-07-12 16:50:26,919 [WARN] PackLoader:240 - Cannot read IP mode file for portGmbH.I-Cube-SoM-uGOAL.1.1.0
2024-07-12 16:50:26,931 [WARN] PackLoader:240 - Cannot read IP mode file for STMicroelectronics.X-CUBE-AZRTOS-H7RS.1.0.0
2024-07-12 16:50:26,936 [WARN] PackLoader:240 - Cannot read IP mode file for STMicroelectronics.FP-ATR-ASTRA1.2.0.0
2024-07-12 16:50:26,943 [WARN] PackLoader:240 - Cannot read IP mode file for STMicroelectronics.X-CUBE-TOF1.3.4.1
2024-07-12 16:50:26,967 [WARN] PackLoader:240 - Cannot read IP mode file for STMicroelectronics.X-CUBE-AZRTOS-H7.3.2.0
2024-07-12 16:50:26,981 [WARN] PackLoader:240 - Cannot read IP mode file for Infineon.AIROC-Wi-Fi-Bluetooth-STM32.1.6.0
2024-07-12 16:50:26,987 [WARN] PackLoader:240 - Cannot read IP mode file for wolfSSL.I-CUBE-wolfSSH.1.4.17
2024-07-12 16:50:26,988 [INFO] ThirdParty:978 - Integrity check success = true
2024-07-12 16:50:26,988 [INFO] IntegrityCheckThread:100 - exiting critical section [integrity check]
2024-07-12 16:50:26,988 [INFO] IntegrityCheckThread:103 - End integrity checks thread
2024-07-12 16:53:16,690 [ERROR] LogOutputStream:75 - [STDERR_REDIRECT] 
2024-07-12 16:53:25,811 [INFO] Activator:176 - 


2024-07-12 16:53:25,812 [INFO] Activator:177 - !SESSION log4j initialized
2024-07-12 16:53:27,360 [INFO] LogOutputStream:77 - [STDOUT_REDIRECT] 
2024-07-12 16:53:27,612 [INFO] ApplicationProperties:184 - Using Application install path: /home/faruk/st/stm32cubeide_1.16.0/plugins/com.st.stm32cube.common.mx_6.12.0.202406281431
2024-07-12 16:53:27,618 [INFO] DbMcusXml:78 - Set database path to: /home/faruk/st/stm32cubeide_1.16.0/plugins/com.st.stm32cube.common.mx_6.12.0.202406281431//db//mcu/
2024-07-12 16:53:27,618 [INFO] ApiDb:274 - Set plugin database path to: /home/faruk/st/stm32cubeide_1.16.0/plugins/com.st.stm32cube.common.mx_6.12.0.202406281431//db//plugins/boardmanager/
2024-07-12 16:53:27,618 [WARN] ApiDb:259 - Overriding images path with different value:  => /home/faruk/st/stm32cubeide_1.16.0/plugins/com.st.stm32cube.common.mx_6.12.0.202406281431//db//plugins/mcufinder/images/
2024-07-12 16:53:27,619 [INFO] ApiDb:250 - Set database path to: /home/faruk/.stmcufinder/plugins/mcufinder//mcu/
2024-07-12 16:53:27,620 [INFO] DbMcusAds:125 - Set database path to: /home/faruk/.stmcufinder/plugins/mcufinder//mcu/
2024-07-12 16:53:27,620 [INFO] CrossReferenceDbSqlite:203 - Set database path to: /home/faruk/.stmcufinder/plugins/mcufinder//mcu/cs/
2024-07-12 16:53:27,664 [INFO] RulesReader:64 - Compatibility file has been processed (297 Rules)
2024-07-12 16:53:27,687 [INFO] DbMcusXml:78 - Set database path to: /home/faruk/st/stm32cubeide_1.16.0/plugins/com.st.stm32cube.common.mx_6.12.0.202406281431//db//mcu/
2024-07-12 16:53:27,688 [INFO] ApiDb:274 - Set plugin database path to: /home/faruk/st/stm32cubeide_1.16.0/plugins/com.st.stm32cube.common.mx_6.12.0.202406281431//db//plugins/boardmanager/
2024-07-12 16:53:27,688 [INFO] ApiDb:261 - Set plugin images path to: /home/faruk/st/stm32cubeide_1.16.0/plugins/com.st.stm32cube.common.mx_6.12.0.202406281431//db//plugins/mcufinder/images/
2024-07-12 16:53:27,688 [WARN] DbFile:41 - Overriding database path with different value: /home/faruk/.stmcufinder/plugins/mcufinder/ => /home/faruk/.stmcufinder/plugins/mcufinder
2024-07-12 16:53:27,688 [INFO] ApiDb:250 - Set database path to: /home/faruk/.stmcufinder/plugins/mcufinder//mcu/
2024-07-12 16:53:27,688 [WARN] DbFile:41 - Overriding database path with different value: /home/faruk/.stmcufinder/plugins/mcufinder/ => /home/faruk/.stmcufinder/plugins/mcufinder
2024-07-12 16:53:27,688 [INFO] DbMcusAds:125 - Set database path to: /home/faruk/.stmcufinder/plugins/mcufinder//mcu/
2024-07-12 16:53:27,688 [WARN] DbFile:41 - Overriding database path with different value: /home/faruk/.stmcufinder/plugins/mcufinder/ => /home/faruk/.stmcufinder/plugins/mcufinder
2024-07-12 16:53:27,688 [WARN] DbFile:41 - Overriding database path with different value: /home/faruk/.stmcufinder/plugins/mcufinder/ => /home/faruk/.stmcufinder/plugins/mcufinder
2024-07-12 16:53:27,688 [INFO] CrossReferenceDbSqlite:203 - Set database path to: /home/faruk/.stmcufinder/plugins/mcufinder//mcu/cs/
2024-07-12 16:53:27,716 [INFO] MainPanel:268 - HeapMemory: 268435456
2024-07-12 16:53:27,761 [INFO] DbMcusXml:78 - Set database path to: /home/faruk/st/stm32cubeide_1.16.0/plugins/com.st.stm32cube.common.mx_6.12.0.202406281431//db//mcu/
2024-07-12 16:53:27,761 [INFO] ApiDb:274 - Set plugin database path to: /home/faruk/st/stm32cubeide_1.16.0/plugins/com.st.stm32cube.common.mx_6.12.0.202406281431//db//plugins/boardmanager/
2024-07-12 16:53:27,761 [INFO] ApiDb:261 - Set plugin images path to: /home/faruk/st/stm32cubeide_1.16.0/plugins/com.st.stm32cube.common.mx_6.12.0.202406281431//db//plugins/mcufinder/images/
2024-07-12 16:53:27,761 [WARN] DbFile:41 - Overriding database path with different value: /home/faruk/.stmcufinder/plugins/mcufinder/ => /home/faruk/.stmcufinder/plugins/mcufinder
2024-07-12 16:53:27,761 [INFO] ApiDb:250 - Set database path to: /home/faruk/.stmcufinder/plugins/mcufinder//mcu/
2024-07-12 16:53:27,761 [WARN] DbFile:41 - Overriding database path with different value: /home/faruk/.stmcufinder/plugins/mcufinder/ => /home/faruk/.stmcufinder/plugins/mcufinder
2024-07-12 16:53:27,761 [INFO] DbMcusAds:125 - Set database path to: /home/faruk/.stmcufinder/plugins/mcufinder//mcu/
2024-07-12 16:53:27,761 [WARN] DbFile:41 - Overriding database path with different value: /home/faruk/.stmcufinder/plugins/mcufinder/ => /home/faruk/.stmcufinder/plugins/mcufinder
2024-07-12 16:53:27,761 [WARN] DbFile:41 - Overriding database path with different value: /home/faruk/.stmcufinder/plugins/mcufinder/ => /home/faruk/.stmcufinder/plugins/mcufinder
2024-07-12 16:53:27,761 [INFO] CrossReferenceDbSqlite:203 - Set database path to: /home/faruk/.stmcufinder/plugins/mcufinder//mcu/cs/
2024-07-12 16:53:27,767 [INFO] ApplicationProperties:184 - Using Application install path: /home/faruk/st/stm32cubeide_1.16.0/plugins/com.st.stm32cube.common.mx_6.12.0.202406281431
2024-07-12 16:53:27,767 [INFO] PluginManage:196 - Search for loadable plugins [exclusion list=, ]
2024-07-12 16:53:27,768 [INFO] PluginManage:310 - Check plugin analytics
2024-07-12 16:53:27,833 [INFO] AnalyticsPlugin:253 - Accepted Software Licenses: 
2024-07-12 16:53:27,833 [INFO] AnalyticsPlugin:255 - Accepted CMSIS Pack Licenses: 
2024-07-12 16:53:27,833 [INFO] AnalyticsPlugin:257 - Accepted Firmware Licenses: FW.MP1.1.6.0,FW.H7.1.11.0
2024-07-12 16:53:27,834 [INFO] PluginManage:359 - Loaded plugin analytics (category:tool,tabindex:-1)
2024-07-12 16:53:27,834 [INFO] PluginManage:310 - Check plugin cadmodel
2024-07-12 16:53:27,836 [INFO] CADModel:105 - Init CAD model plugin
2024-07-12 16:53:27,836 [INFO] PluginManage:359 - Loaded plugin cadmodel (category:power,tabindex:5)
2024-07-12 16:53:27,836 [INFO] PluginManage:310 - Check plugin clock
2024-07-12 16:53:27,840 [INFO] PluginManage:359 - Loaded plugin clock (category:base,tabindex:2)
2024-07-12 16:53:27,840 [INFO] PluginManage:310 - Check plugin ddr
2024-07-12 16:53:27,841 [INFO] PluginManage:359 - Loaded plugin ddr (category:tool,tabindex:6)
2024-07-12 16:53:27,841 [INFO] PluginManage:310 - Check plugin filemanager
2024-07-12 16:53:27,902 [INFO] PluginManage:359 - Loaded plugin filemanager (category:base,tabindex:10)
2024-07-12 16:53:27,902 [INFO] PluginManage:310 - Check plugin ipmanager
2024-07-12 16:53:27,905 [INFO] PluginManage:359 - Loaded plugin ipmanager (category:base,tabindex:5)
2024-07-12 16:53:27,905 [INFO] PluginManage:310 - Check plugin lpbam
2024-07-12 16:53:27,908 [INFO] PluginManage:359 - Loaded plugin lpbam (category:base,tabindex:0)
2024-07-12 16:53:27,908 [INFO] PluginManage:310 - Check plugin memorymap
2024-07-12 16:53:27,912 [INFO] PluginManage:359 - Loaded plugin memorymap (category:base,tabindex:4)
2024-07-12 16:53:27,913 [INFO] PluginManage:310 - Check plugin pinoutandconfiguration
2024-07-12 16:53:27,915 [INFO] PluginManage:359 - Loaded plugin pinoutandconfiguration (category:base,tabindex:1)
2024-07-12 16:53:27,915 [INFO] PluginManage:310 - Check plugin pinoutconfig
2024-07-12 16:53:27,948 [WARN] SupportedApi:132 - Cannot load RTOS API schema: s4s-elt-must-match.1: The content of 'definitions' must match (annotation?, (simpleType | complexType)?, (unique | key | keyref)*)). A problem was found starting at: attribute.
2024-07-12 16:53:28,001 [INFO] PluginManage:359 - Loaded plugin pinoutconfig (category:base,tabindex:0)
2024-07-12 16:53:28,001 [INFO] PluginManage:310 - Check plugin power
2024-07-12 16:53:28,004 [INFO] PluginManage:359 - Loaded plugin power (category:power,tabindex:4)
2024-07-12 16:53:28,004 [INFO] PluginManage:310 - Check plugin projectmanager
2024-07-12 16:53:28,011 [INFO] PluginManage:359 - Loaded plugin projectmanager (category:projectmanager,tabindex:4)
2024-07-12 16:53:28,011 [INFO] PluginManage:310 - Check plugin rif
2024-07-12 16:53:28,013 [INFO] PluginManage:359 - Loaded plugin rif (category:base,tabindex:3)
2024-07-12 16:53:28,013 [INFO] PluginManage:310 - Check plugin thirdparty
2024-07-12 16:53:28,058 [INFO] PluginManage:359 - Loaded plugin thirdparty (category:base,tabindex:-1)
2024-07-12 16:53:28,058 [WARN] IntegrityCheckThread:84 - waiting for thirdparty lock release [integrity check]
2024-07-12 16:53:28,058 [INFO] IntegrityCheckThread:86 - entering critical section [integrity check]
2024-07-12 16:53:28,058 [INFO] PluginManage:310 - Check plugin tools
2024-07-12 16:53:28,058 [INFO] ThirdPartyUpdaterWithRetryManager:70 - Updater plugin not ready yet. [1/15]
2024-07-12 16:53:28,059 [INFO] PluginManage:359 - Loaded plugin tools (category:base,tabindex:7)
2024-07-12 16:53:28,059 [INFO] PluginManage:310 - Check plugin tutovideos
2024-07-12 16:53:28,125 [INFO] PluginManage:359 - Loaded plugin tutovideos (category:base,tabindex:-1)
2024-07-12 16:53:28,126 [INFO] PluginManage:310 - Check plugin updater
2024-07-12 16:53:28,132 [INFO] PluginManage:359 - Loaded plugin updater (category:base,tabindex:12)
2024-07-12 16:53:28,132 [INFO] PluginManage:310 - Check plugin userauth
2024-07-12 16:53:28,134 [INFO] UserAuth:113 - Init User Auth plugin
2024-07-12 16:53:28,134 [INFO] PluginManage:359 - Loaded plugin userauth (category:base,tabindex:14)
2024-07-12 16:53:28,135 [INFO] PluginManage:283 - PluginManage : Loaded plugins [18]
2024-07-12 16:53:28,210 [INFO] PinOutPanel:1561 - setPackage(No Configuration,No Configuration)
2024-07-12 16:53:28,240 [INFO] CADModel:165 - CPN selected for project level
2024-07-12 16:53:28,240 [INFO] CADModel:114 - Register for checkConnection events
2024-07-12 16:53:28,245 [INFO] IPUIPlugin:80 - create IPUIPlugin
2024-07-12 16:53:28,245 [INFO] PluginManager:220 - loadIPPluginJar : add pdm2pcm
2024-07-12 16:53:28,245 [INFO] IPUIPlugin:80 - create IPUIPlugin
2024-07-12 16:53:28,245 [INFO] PluginManager:220 - loadIPPluginJar : add tsc
2024-07-12 16:53:28,248 [INFO] IPUIPlugin:80 - create IPUIPlugin
2024-07-12 16:53:28,248 [INFO] PluginManager:220 - loadIPPluginJar : add linkedlist
2024-07-12 16:53:28,251 [INFO] IPUIPlugin:80 - create IPUIPlugin
2024-07-12 16:53:28,251 [INFO] PluginManager:220 - loadIPPluginJar : add adc
2024-07-12 16:53:28,252 [INFO] IPUIPlugin:80 - create IPUIPlugin
2024-07-12 16:53:28,252 [INFO] PluginManager:220 - loadIPPluginJar : add gfxmmu
2024-07-12 16:53:28,253 [INFO] IPUIPlugin:80 - create IPUIPlugin
2024-07-12 16:53:28,253 [INFO] PluginManager:220 - loadIPPluginJar : add gpio
2024-07-12 16:53:28,254 [INFO] IPUIPlugin:80 - create IPUIPlugin
2024-07-12 16:53:28,254 [INFO] PluginManager:220 - loadIPPluginJar : add usart
2024-07-12 16:53:28,256 [INFO] IPUIPlugin:80 - create IPUIPlugin
2024-07-12 16:53:28,256 [INFO] PluginManager:220 - loadIPPluginJar : add dma
2024-07-12 16:53:28,257 [INFO] IPUIPlugin:80 - create IPUIPlugin
2024-07-12 16:53:28,257 [INFO] PluginManager:220 - loadIPPluginJar : add dfsdm
2024-07-12 16:53:28,258 [INFO] IPUIPlugin:80 - create IPUIPlugin
2024-07-12 16:53:28,258 [INFO] PluginManager:220 - loadIPPluginJar : add resmgrutility
2024-07-12 16:53:28,258 [INFO] IPUIPlugin:80 - create IPUIPlugin
2024-07-12 16:53:28,258 [INFO] PluginManager:220 - loadIPPluginJar : add hash
2024-07-12 16:53:28,260 [INFO] IPUIPlugin:80 - create IPUIPlugin
2024-07-12 16:53:28,260 [INFO] PluginManager:220 - loadIPPluginJar : add mdma
2024-07-12 16:53:28,261 [INFO] IPUIPlugin:80 - create IPUIPlugin
2024-07-12 16:53:28,261 [INFO] PluginManager:220 - loadIPPluginJar : add i3c
2024-07-12 16:53:28,262 [INFO] IPUIPlugin:80 - create IPUIPlugin
2024-07-12 16:53:28,262 [INFO] PluginManager:220 - loadIPPluginJar : add sai
2024-07-12 16:53:28,263 [INFO] IPUIPlugin:80 - create IPUIPlugin
2024-07-12 16:53:28,263 [INFO] PluginManager:220 - loadIPPluginJar : add openamp
2024-07-12 16:53:28,265 [INFO] IPUIPlugin:80 - create IPUIPlugin
2024-07-12 16:53:28,265 [INFO] PluginManager:220 - loadIPPluginJar : add freertos
2024-07-12 16:53:28,266 [INFO] IPUIPlugin:80 - create IPUIPlugin
2024-07-12 16:53:28,266 [INFO] PluginManager:220 - loadIPPluginJar : add dma3
2024-07-12 16:53:28,267 [INFO] IPUIPlugin:80 - create IPUIPlugin
2024-07-12 16:53:28,267 [INFO] PluginManager:220 - loadIPPluginJar : add fmc
2024-07-12 16:53:28,267 [INFO] IPUIPlugin:80 - create IPUIPlugin
2024-07-12 16:53:28,268 [INFO] PluginManager:220 - loadIPPluginJar : add genericplugin
2024-07-12 16:53:28,269 [INFO] IPUIPlugin:80 - create IPUIPlugin
2024-07-12 16:53:28,269 [INFO] PluginManager:220 - loadIPPluginJar : add touchsensing
2024-07-12 16:53:28,269 [INFO] IPUIPlugin:80 - create IPUIPlugin
2024-07-12 16:53:28,269 [INFO] PluginManager:220 - loadIPPluginJar : add ts
2024-07-12 16:53:28,270 [INFO] IPUIPlugin:80 - create IPUIPlugin
2024-07-12 16:53:28,270 [INFO] PluginManager:220 - loadIPPluginJar : add radio
2024-07-12 16:53:28,270 [INFO] IPUIPlugin:80 - create IPUIPlugin
2024-07-12 16:53:28,271 [INFO] PluginManager:220 - loadIPPluginJar : add tim
2024-07-12 16:53:28,273 [INFO] IPUIPlugin:80 - create IPUIPlugin
2024-07-12 16:53:28,274 [INFO] PluginManager:220 - loadIPPluginJar : add plateformsettings
2024-07-12 16:53:28,275 [INFO] IPUIPlugin:80 - create IPUIPlugin
2024-07-12 16:53:28,275 [INFO] PluginManager:220 - loadIPPluginJar : add gtzc
2024-07-12 16:53:28,276 [INFO] IPUIPlugin:80 - create IPUIPlugin
2024-07-12 16:53:28,276 [INFO] PluginManager:220 - loadIPPluginJar : add opamp
2024-07-12 16:53:28,278 [INFO] IPUIPlugin:80 - create IPUIPlugin
2024-07-12 16:53:28,278 [INFO] PluginManager:220 - loadIPPluginJar : add gic
2024-07-12 16:53:28,278 [INFO] IPUIPlugin:80 - create IPUIPlugin
2024-07-12 16:53:28,278 [INFO] PluginManager:220 - loadIPPluginJar : add ucpd
2024-07-12 16:53:28,279 [INFO] IPUIPlugin:80 - create IPUIPlugin
2024-07-12 16:53:28,279 [INFO] PluginManager:220 - loadIPPluginJar : add comp
2024-07-12 16:53:28,280 [INFO] IPUIPlugin:80 - create IPUIPlugin
2024-07-12 16:53:28,280 [INFO] PluginManager:220 - loadIPPluginJar : add usbx
2024-07-12 16:53:28,284 [INFO] IPUIPlugin:80 - create IPUIPlugin
2024-07-12 16:53:28,285 [INFO] PluginManager:220 - loadIPPluginJar : add i2s
2024-07-12 16:53:28,287 [INFO] IPUIPlugin:80 - create IPUIPlugin
2024-07-12 16:53:28,287 [INFO] PluginManager:220 - loadIPPluginJar : add stm32_wpan
2024-07-12 16:53:28,288 [INFO] IPUIPlugin:80 - create IPUIPlugin
2024-07-12 16:53:28,288 [INFO] PluginManager:220 - loadIPPluginJar : add ipddr
2024-07-12 16:53:28,289 [INFO] IPUIPlugin:80 - create IPUIPlugin
2024-07-12 16:53:28,289 [INFO] PluginManager:220 - loadIPPluginJar : add ddr_ctrl_phy
2024-07-12 16:53:28,289 [INFO] IPUIPlugin:80 - create IPUIPlugin
2024-07-12 16:53:28,289 [INFO] PluginManager:220 - loadIPPluginJar : add aes
2024-07-12 16:53:28,290 [INFO] IPUIPlugin:80 - create IPUIPlugin
2024-07-12 16:53:28,290 [INFO] PluginManager:220 - loadIPPluginJar : add tracer_emb
2024-07-12 16:53:28,291 [INFO] IPUIPlugin:80 - create IPUIPlugin
2024-07-12 16:53:28,291 [INFO] PluginManager:220 - loadIPPluginJar : add extmemmanager
2024-07-12 16:53:28,291 [INFO] IPUIPlugin:80 - create IPUIPlugin
2024-07-12 16:53:28,291 [INFO] PluginManager:220 - loadIPPluginJar : add ltdc
2024-07-12 16:53:28,295 [INFO] IPUIPlugin:80 - create IPUIPlugin
2024-07-12 16:53:28,295 [INFO] PluginManager:220 - loadIPPluginJar : add can
2024-07-12 16:53:28,296 [INFO] IPUIPlugin:80 - create IPUIPlugin
2024-07-12 16:53:28,296 [INFO] PluginManager:220 - loadIPPluginJar : add spi
2024-07-12 16:53:28,297 [INFO] IPUIPlugin:80 - create IPUIPlugin
2024-07-12 16:53:28,297 [INFO] PluginManager:220 - loadIPPluginJar : add nvic
2024-07-12 16:53:28,297 [INFO] IPUIPlugin:80 - create IPUIPlugin
2024-07-12 16:53:28,297 [INFO] PluginManager:220 - loadIPPluginJar : add quadspi
2024-07-12 16:53:28,298 [INFO] IPUIPlugin:80 - create IPUIPlugin
2024-07-12 16:53:28,298 [INFO] PluginManager:220 - loadIPPluginJar : add i2c
2024-07-12 16:53:28,299 [INFO] IPUIPlugin:80 - create IPUIPlugin
2024-07-12 16:53:28,299 [INFO] PluginManager:220 - loadIPPluginJar : add cryp
2024-07-12 16:53:28,299 [INFO] IPUIPlugin:80 - create IPUIPlugin
2024-07-12 16:53:28,299 [INFO] PluginManager:220 - loadIPPluginJar : add fatfs
2024-07-12 16:53:28,300 [INFO] IPUIPlugin:80 - create IPUIPlugin
2024-07-12 16:53:28,300 [INFO] PluginManager:220 - loadIPPluginJar : add lorawan
2024-07-12 16:53:28,382 [INFO] CADModel:165 - CPN selected for project level
2024-07-12 16:53:28,382 [INFO] CADModel:114 - Register for checkConnection events
2024-07-12 16:53:28,382 [FATAL] Updater:334 - Updater called before beeing initialized
2024-07-12 16:53:28,382 [ERROR] CADModel:125 - Updater not yet initialized, retry later 
2024-07-12 16:53:28,436 [INFO] CADModel:165 - CPN selected for project level
2024-07-12 16:53:28,436 [INFO] CADModel:114 - Register for checkConnection events
2024-07-12 16:53:28,436 [FATAL] Updater:334 - Updater called before beeing initialized
2024-07-12 16:53:28,436 [ERROR] CADModel:125 - Updater not yet initialized, retry later 
2024-07-12 16:53:28,437 [FATAL] Updater:334 - Updater called before beeing initialized
2024-07-12 16:53:28,466 [FATAL] Updater:334 - Updater called before beeing initialized
2024-07-12 16:53:28,468 [INFO] DbMcusAds:53 - JSON generation date=Thu May 16 12:22:00 TRT 2024 (1715851320852)
2024-07-12 16:53:28,468 [FATAL] Updater:334 - Updater called before beeing initialized
2024-07-12 16:53:28,484 [WARN] DetailPanel:346 - Failed to get advertising image, set to default
2024-07-12 16:53:28,525 [FATAL] Updater:334 - Updater called before beeing initialized
2024-07-12 16:53:28,526 [FATAL] Updater:334 - Updater called before beeing initialized
2024-07-12 16:53:28,526 [FATAL] Updater:334 - Updater called before beeing initialized
2024-07-12 16:53:28,526 [WARN] DetailPanel:346 - Failed to get advertising image, set to default
2024-07-12 16:53:28,527 [FATAL] Updater:334 - Updater called before beeing initialized
2024-07-12 16:53:28,541 [ERROR] Updater:1164 - MainUpdater not yet initialized. External WinMGr cannot be set.
2024-07-12 16:53:28,542 [INFO] Updater:1100 - Updater Version found : 6.12.0
2024-07-12 16:53:28,550 [INFO] ApplicationProperties:184 - Using Application install path: /home/faruk/st/stm32cubeide_1.16.0/plugins/com.st.stm32cube.common.mx_6.12.0.202406281431
2024-07-12 16:53:28,745 [INFO] MainUpdater:2873 - connection check result : 10
2024-07-12 16:53:28,746 [INFO] MainUpdater:290 - Updater Check For Update Now.
2024-07-12 16:53:28,746 [INFO] MicroXplorer:498 - Change Database Version : DB.6.0.120
2024-07-12 16:53:28,748 [INFO] McuFinderGlobals:63 - Set McuFinder mode to 2 (CubeIDE integrated)
2024-07-12 16:53:28,748 [INFO] UserAuth:179 - activating auth plugin
2024-07-12 16:53:28,753 [INFO] UserAuth:417 - Internet connection configuration mode: 1
2024-07-12 16:53:28,757 [INFO] JxBrowserEngine:152 - Initiate JxBrowser Engine with user profile folder
2024-07-12 16:53:28,872 [INFO] CheckServerUpdateThread:120 - End of CheckServer Thread
2024-07-12 16:53:29,015 [INFO] WebApp:167 - Instantiating new browser for Auth
2024-07-12 16:53:29,304 [INFO] WebApp:448 - Apply proxy settings
2024-07-12 16:53:29,304 [INFO] WebApp:533 - Chromium requires no authentication
2024-07-12 16:53:29,307 [INFO] WebApp:476 - Direct internet connection detected
2024-07-12 16:53:29,314 [INFO] WebApp:869 - Register for checkConnection events
2024-07-12 16:53:29,314 [INFO] WebApp:448 - Apply proxy settings
2024-07-12 16:53:29,314 [INFO] WebApp:533 - Chromium requires no authentication
2024-07-12 16:53:29,314 [INFO] WebApp:476 - Direct internet connection detected
2024-07-12 16:53:29,366 [INFO] WebApp:220 - Starting web application
2024-07-12 16:53:29,366 [INFO] WebApp:578 - Web application path used /home/faruk/st/stm32cubeide_1.16.0/plugins/com.st.stm32cube.common.mx_6.12.0.202406281431/db/plugins/mcufinder/reactClient1/index.html
2024-07-12 16:53:29,861 [INFO] WebApp:186 - Connection restablished
2024-07-12 16:53:31,090 [WARN] PackLoader:240 - Cannot read IP mode file for STMicroelectronics.FP-SNS-MOTENVWB1.1.4.0
2024-07-12 16:53:31,093 [WARN] PackLoader:240 - Cannot read IP mode file for STMicroelectronics.X-CUBE-SMBUS.2.1.0
2024-07-12 16:53:31,103 [WARN] PackLoader:240 - Cannot read IP mode file for STMicroelectronics.X-CUBE-AZRTOS-F7.1.1.0
2024-07-12 16:53:31,106 [WARN] PackLoader:240 - Cannot read IP mode file for STMicroelectronics.FP-SNS-FLIGHT1.5.0.2
2024-07-12 16:53:31,108 [WARN] PackLoader:240 - Cannot read IP mode file for STMicroelectronics.X-CUBE-DISPLAY.3.0.0
2024-07-12 16:53:31,113 [WARN] PackLoader:240 - Cannot read IP mode file for STMicroelectronics.X-CUBE-BLE1.7.0.0
2024-07-12 16:53:31,114 [WARN] PackLoader:240 - Cannot read IP mode file for emotas.I-CUBE-CANOPEN.1.3.0
2024-07-12 16:53:31,118 [WARN] PackLoader:240 - Cannot read IP mode file for STMicroelectronics.X-CUBE-BLEMGR.3.1.0
2024-07-12 16:53:31,120 [WARN] PackLoader:240 - Cannot read IP mode file for STMicroelectronics.FP-SNS-SMARTAG2.1.2.0
2024-07-12 16:53:31,123 [INFO] LogOutputStream:77 - [STDOUT_REDIRECT] 1 : Invalid condition id : UX_CORESTACK_Condition cause : null
2024-07-12 16:53:31,123 [INFO] LogOutputStream:77 - [STDOUT_REDIRECT] 1 : Invalid condition id : UX_CORESTACK_Condition cause : null
2024-07-12 16:53:31,124 [INFO] LogOutputStream:77 - [STDOUT_REDIRECT] 1 : Invalid condition id : UX_CORESTACK_Condition cause : null
2024-07-12 16:53:31,124 [INFO] LogOutputStream:77 - [STDOUT_REDIRECT] 1 : Invalid condition id : UX_CORESTACK_Condition cause : null
2024-07-12 16:53:31,124 [INFO] LogOutputStream:77 - [STDOUT_REDIRECT] 1 : Invalid condition id : UX_CORESTACK_Condition cause : null
2024-07-12 16:53:31,125 [WARN] PackLoader:240 - Cannot read IP mode file for STMicroelectronics.X-CUBE-AZRTOS-WL.2.0.0
2024-07-12 16:53:31,127 [WARN] PackLoader:240 - Cannot read IP mode file for STMicroelectronics.FP-SNS-MOTENV1.5.0.0
2024-07-12 16:53:31,129 [WARN] PackLoader:240 - Cannot read IP mode file for wolfSSL.I-CUBE-wolfMQTT.1.19.0
2024-07-12 16:53:31,131 [WARN] PackLoader:240 - Cannot read IP mode file for WES.I-CUBE-Cesium.1.3.0
2024-07-12 16:53:31,132 [WARN] PackLoader:240 - Cannot read IP mode file for STMicroelectronics.X-CUBE-BLE2.3.3.0
2024-07-12 16:53:31,134 [WARN] PackLoader:240 - Cannot read IP mode file for STMicroelectronics.X-CUBE-TCPP.4.1.0
2024-07-12 16:53:31,140 [WARN] PackLoader:240 - Cannot read IP mode file for STMicroelectronics.X-CUBE-AZRTOS-G0.1.1.0
2024-07-12 16:53:31,143 [WARN] PackLoader:240 - Cannot read IP mode file for STMicroelectronics.X-CUBE-SAFEA1.1.2.2
2024-07-12 16:53:31,144 [WARN] PackLoader:240 - Cannot read IP mode file for STMicroelectronics.X-CUBE-NFC4.3.0.0
2024-07-12 16:53:31,148 [WARN] PackLoader:240 - Cannot read IP mode file for EmbeddedOffice.I-CUBE-FS-RTOS.1.0.1
2024-07-12 16:53:31,148 [ERROR] ConditionMgr:805 - Attr not supported : Dmpu
2024-07-12 16:53:31,148 [ERROR] ConditionMgr:805 - Attr not supported : Dmpu
2024-07-12 16:53:31,148 [ERROR] ConditionMgr:805 - Attr not supported : Dmpu
2024-07-12 16:53:31,148 [ERROR] ConditionMgr:805 - Attr not supported : Dmpu
2024-07-12 16:53:31,148 [ERROR] ConditionMgr:805 - Attr not supported : Dmpu
2024-07-12 16:53:31,148 [ERROR] ConditionMgr:805 - Attr not supported : Dmpu
2024-07-12 16:53:31,148 [ERROR] ConditionMgr:805 - Attr not supported : Dmpu
2024-07-12 16:53:31,148 [ERROR] ConditionMgr:805 - Attr not supported : Dmpu
2024-07-12 16:53:31,148 [ERROR] ConditionMgr:805 - Attr not supported : Dmpu
2024-07-12 16:53:31,148 [ERROR] ConditionMgr:805 - Attr not supported : Dmpu
2024-07-12 16:53:31,148 [ERROR] ConditionMgr:805 - Attr not supported : Dmpu
2024-07-12 16:53:31,148 [ERROR] ConditionMgr:805 - Attr not supported : Dmpu
2024-07-12 16:53:31,148 [ERROR] ConditionMgr:805 - Attr not supported : Dmpu
2024-07-12 16:53:31,148 [ERROR] ConditionMgr:805 - Attr not supported : Dmpu
2024-07-12 16:53:31,148 [ERROR] ConditionMgr:805 - Attr not supported : Dmpu
2024-07-12 16:53:31,148 [ERROR] ConditionMgr:805 - Attr not supported : Dmpu
2024-07-12 16:53:31,148 [ERROR] ConditionMgr:805 - Attr not supported : Dmpu
2024-07-12 16:53:31,148 [ERROR] ConditionMgr:805 - Attr not supported : Dmpu
2024-07-12 16:53:31,148 [ERROR] ConditionMgr:805 - Attr not supported : Dmpu
2024-07-12 16:53:31,148 [ERROR] ConditionMgr:805 - Attr not supported : Dmpu
2024-07-12 16:53:31,148 [ERROR] ConditionMgr:805 - Attr not supported : Dmpu
2024-07-12 16:53:31,149 [ERROR] ConditionMgr:805 - Attr not supported : Dmpu
2024-07-12 16:53:31,149 [ERROR] ConditionMgr:805 - Attr not supported : Dmpu
2024-07-12 16:53:31,149 [ERROR] ConditionMgr:805 - Attr not supported : Dmpu
2024-07-12 16:53:31,149 [ERROR] ConditionMgr:805 - Attr not supported : Dmpu
2024-07-12 16:53:31,149 [ERROR] ConditionMgr:805 - Attr not supported : Dmpu
2024-07-12 16:53:31,149 [ERROR] ConditionMgr:805 - Attr not supported : Dmpu
2024-07-12 16:53:31,149 [ERROR] ConditionMgr:805 - Attr not supported : Dmpu
2024-07-12 16:53:31,149 [ERROR] ConditionMgr:805 - Attr not supported : Dmpu
2024-07-12 16:53:31,149 [ERROR] ConditionMgr:805 - Attr not supported : Dmpu
2024-07-12 16:53:31,149 [ERROR] ConditionMgr:805 - Attr not supported : Dmpu
2024-07-12 16:53:31,149 [ERROR] ConditionMgr:805 - Attr not supported : Dmpu
2024-07-12 16:53:31,149 [ERROR] ConditionMgr:805 - Attr not supported : Dmpu
2024-07-12 16:53:31,149 [ERROR] ConditionMgr:805 - Attr not supported : Dmpu
2024-07-12 16:53:31,149 [ERROR] ConditionMgr:805 - Attr not supported : Dmpu
2024-07-12 16:53:31,149 [ERROR] ConditionMgr:805 - Attr not supported : Dmpu
2024-07-12 16:53:31,149 [ERROR] ConditionMgr:805 - Attr not supported : Dmpu
2024-07-12 16:53:31,149 [ERROR] ConditionMgr:805 - Attr not supported : Dmpu
2024-07-12 16:53:31,149 [ERROR] ConditionMgr:805 - Attr not supported : Dmpu
2024-07-12 16:53:31,149 [ERROR] ConditionMgr:805 - Attr not supported : Dmpu
2024-07-12 16:53:31,149 [ERROR] ConditionMgr:805 - Attr not supported : Dmpu
2024-07-12 16:53:31,149 [ERROR] ConditionMgr:805 - Attr not supported : Dmpu
2024-07-12 16:53:31,149 [ERROR] ConditionMgr:805 - Attr not supported : Dmpu
2024-07-12 16:53:31,149 [ERROR] ConditionMgr:805 - Attr not supported : Dmpu
2024-07-12 16:53:31,149 [ERROR] ConditionMgr:805 - Attr not supported : Dmpu
2024-07-12 16:53:31,149 [ERROR] ConditionMgr:805 - Attr not supported : Dmpu
2024-07-12 16:53:31,149 [ERROR] ConditionMgr:805 - Attr not supported : Dmpu
2024-07-12 16:53:31,149 [ERROR] ConditionMgr:805 - Attr not supported : Dmpu
2024-07-12 16:53:31,149 [ERROR] ConditionMgr:805 - Attr not supported : Dmpu
2024-07-12 16:53:31,149 [ERROR] ConditionMgr:805 - Attr not supported : Dmpu
2024-07-12 16:53:31,149 [ERROR] ConditionMgr:805 - Attr not supported : Dmpu
2024-07-12 16:53:31,149 [ERROR] ConditionMgr:805 - Attr not supported : Dmpu
2024-07-12 16:53:31,149 [ERROR] ConditionMgr:805 - Attr not supported : Dmpu
2024-07-12 16:53:31,149 [ERROR] ConditionMgr:805 - Attr not supported : Dmpu
2024-07-12 16:53:31,149 [ERROR] ConditionMgr:805 - Attr not supported : Dmpu
2024-07-12 16:53:31,149 [ERROR] ConditionMgr:805 - Attr not supported : Dmpu
2024-07-12 16:53:31,149 [ERROR] ConditionMgr:805 - Attr not supported : Dmpu
2024-07-12 16:53:31,149 [ERROR] ConditionMgr:805 - Attr not supported : Dmpu
2024-07-12 16:53:31,149 [ERROR] ConditionMgr:805 - Attr not supported : Dmpu
2024-07-12 16:53:31,149 [ERROR] ConditionMgr:805 - Attr not supported : Dmpu
2024-07-12 16:53:31,149 [ERROR] ConditionMgr:805 - Attr not supported : Dmpu
2024-07-12 16:53:31,149 [ERROR] ConditionMgr:805 - Attr not supported : Dmpu
2024-07-12 16:53:31,149 [ERROR] ConditionMgr:805 - Attr not supported : Dmpu
2024-07-12 16:53:31,149 [ERROR] ConditionMgr:805 - Attr not supported : Dmpu
2024-07-12 16:53:31,151 [WARN] PackLoader:240 - Cannot read IP mode file for RealThread.X-CUBE-RT-Thread_Nano.4.1.1
2024-07-12 16:53:31,152 [WARN] PackLoader:240 - Cannot read IP mode file for wolfSSL.I-CUBE-wolfSSL.5.7.0
2024-07-12 16:53:31,153 [WARN] PackLoader:240 - Cannot read IP mode file for STMicroelectronics.FP-ATR-SIGFOX1.3.2.0
2024-07-12 16:53:31,154 [WARN] PackLoader:240 - Cannot read IP mode file for STMicroelectronics.X-CUBE-EEPRMA1.5.1.0
2024-07-12 16:53:31,156 [WARN] PackLoader:240 - Cannot read IP mode file for ITTIA_DB.I-CUBE-ITTIADB.8.9.0
2024-07-12 16:53:31,167 [WARN] PackLoader:240 - Cannot read IP mode file for SEGGER.I-CUBE-embOS.1.3.1
2024-07-12 16:53:31,195 [WARN] PackLoader:240 - Cannot read IP mode file for STMicroelectronics.X-CUBE-ALGOBUILD.1.4.0
2024-07-12 16:53:31,198 [WARN] PackLoader:240 - Cannot read IP mode file for STMicroelectronics.X-CUBE-GNSS1.6.0.0
2024-07-12 16:53:31,206 [WARN] PackLoader:240 - Cannot read IP mode file for STMicroelectronics.X-CUBE-AZRTOS-F4.1.1.0
2024-07-12 16:53:31,210 [WARN] PackLoader:240 - Cannot read IP mode file for STMicroelectronics.X-CUBE-FREERTOS.1.2.0
2024-07-12 16:53:31,215 [WARN] PackLoader:240 - Cannot read IP mode file for STMicroelectronics.X-CUBE-AZRTOS-L5.2.0.0
2024-07-12 16:53:31,218 [WARN] PackLoader:240 - Cannot read IP mode file for STMicroelectronics.X-CUBE-NFC6.3.1.0
2024-07-12 16:53:31,220 [WARN] PackLoader:240 - Cannot read IP mode file for STMicroelectronics.X-CUBE-DPower.1.2.0
2024-07-12 16:53:31,221 [WARN] PackLoader:240 - Cannot read IP mode file for STMicroelectronics.X-CUBE-AI.9.0.0
2024-07-12 16:53:31,223 [WARN] PackLoader:240 - Cannot read IP mode file for STMicroelectronics.X-CUBE-NFC7.1.0.1
2024-07-12 16:53:31,224 [WARN] PackLoader:240 - Cannot read IP mode file for wolfSSL.I-CUBE-wolfTPM.3.2.0
2024-07-12 16:53:31,229 [WARN] ConditionMgr:438 - getConditionDescription Invalid condition id : LAN8742 Phy interface Condition cause : null
2024-07-12 16:53:31,229 [WARN] PackLoader:240 - Cannot read IP mode file for STMicroelectronics.X-CUBE-AZRTOS-L4.2.0.0
2024-07-12 16:53:31,229 [WARN] ConditionMgr:1039 - genDependencies : Invalid condition id : LAN8742 Phy interface Condition cause : null
2024-07-12 16:53:31,230 [WARN] ConditionMgr:1039 - genDependencies : Invalid condition id : LAN8742 Phy interface Condition cause : null
2024-07-12 16:53:31,230 [WARN] ConditionMgr:1039 - genDependencies : Invalid condition id : LAN8742 Phy interface Condition cause : null
2024-07-12 16:53:31,232 [WARN] PackLoader:240 - Cannot read IP mode file for STMicroelectronics.X-CUBE-SFXS2LP1.4.0.0
2024-07-12 16:53:31,236 [WARN] ConditionMgr:438 - getConditionDescription Invalid condition id : UX DEVICE CLASS RTOS Condition cause : null
2024-07-12 16:53:31,236 [WARN] ConditionMgr:438 - getConditionDescription Invalid condition id : UX DEVICE CLASS RTOS Condition cause : null
2024-07-12 16:53:31,237 [WARN] PackLoader:240 - Cannot read IP mode file for STMicroelectronics.X-CUBE-AZRTOS-WB.2.0.0
2024-07-12 16:53:31,237 [WARN] ConditionMgr:1039 - genDependencies : Invalid condition id : UX DEVICE CLASS RTOS Condition cause : null
2024-07-12 16:53:31,237 [WARN] ConditionMgr:1039 - genDependencies : Invalid condition id : UX DEVICE CLASS RTOS Condition cause : null
2024-07-12 16:53:31,237 [WARN] ConditionMgr:1039 - genDependencies : Invalid condition id : UX DEVICE CLASS RTOS Condition cause : null
2024-07-12 16:53:31,237 [WARN] ConditionMgr:1039 - genDependencies : Invalid condition id : UX DEVICE CLASS RTOS Condition cause : null
2024-07-12 16:53:31,237 [WARN] ConditionMgr:1039 - genDependencies : Invalid condition id : UX DEVICE CLASS RTOS Condition cause : null
2024-07-12 16:53:31,240 [WARN] PackLoader:240 - Cannot read IP mode file for STMicroelectronics.X-CUBE-SUBG2.5.0.0
2024-07-12 16:53:31,243 [WARN] PackLoader:240 - Cannot read IP mode file for Cesanta.I-CUBE-Mongoose.7.13.0
2024-07-12 16:53:31,247 [WARN] PackLoader:240 - Cannot read IP mode file for STMicroelectronics.X-CUBE-AZRTOS-G4.2.0.0
2024-07-12 16:53:31,249 [WARN] PackLoader:240 - Cannot read IP mode file for STMicroelectronics.X-CUBE-ISPU.2.0.0
2024-07-12 16:53:31,250 [WARN] PackLoader:240 - Cannot read IP mode file for STMicroelectronics.X-CUBE-ALS.1.0.2
2024-07-12 16:53:31,264 [WARN] PackLoader:240 - Cannot read IP mode file for STMicroelectronics.X-CUBE-MEMS1.10.0.0
2024-07-12 16:53:31,301 [WARN] PackLoader:240 - Cannot read IP mode file for STMicroelectronics.X-CUBE-TOUCHGFX.4.24.0
2024-07-12 16:53:31,303 [WARN] PackLoader:240 - Cannot read IP mode file for portGmbH.I-Cube-SoM-uGOAL.1.1.0
2024-07-12 16:53:31,311 [WARN] PackLoader:240 - Cannot read IP mode file for STMicroelectronics.X-CUBE-AZRTOS-H7RS.1.0.0
2024-07-12 16:53:31,315 [WARN] PackLoader:240 - Cannot read IP mode file for STMicroelectronics.FP-ATR-ASTRA1.2.0.0
2024-07-12 16:53:31,319 [WARN] PackLoader:240 - Cannot read IP mode file for STMicroelectronics.X-CUBE-TOF1.3.4.1
2024-07-12 16:53:31,333 [WARN] PackLoader:240 - Cannot read IP mode file for STMicroelectronics.X-CUBE-AZRTOS-H7.3.2.0
2024-07-12 16:53:31,341 [WARN] PackLoader:240 - Cannot read IP mode file for Infineon.AIROC-Wi-Fi-Bluetooth-STM32.1.6.0
2024-07-12 16:53:31,347 [WARN] PackLoader:240 - Cannot read IP mode file for wolfSSL.I-CUBE-wolfSSH.1.4.17
2024-07-12 16:53:31,348 [INFO] ThirdParty:978 - Integrity check success = true
2024-07-12 16:53:31,348 [INFO] IntegrityCheckThread:100 - exiting critical section [integrity check]
2024-07-12 16:53:31,348 [INFO] IntegrityCheckThread:103 - End integrity checks thread
