2024-07-11 23:38:45,333 [INFO] Activator:176 - 


2024-07-11 23:38:45,335 [INFO] Activator:177 - !SESSION log4j initialized
2024-07-11 23:38:47,460 [INFO] LogOutputStream:77 - [STDOUT_REDIRECT] 
2024-07-11 23:38:47,999 [INFO] ApplicationProperties:184 - Using Application install path: /home/faruk/st/stm32cubeide_1.16.0/plugins/com.st.stm32cube.common.mx_6.12.0.202406281431
2024-07-11 23:38:48,009 [INFO] DbMcusXml:78 - Set database path to: /home/faruk/st/stm32cubeide_1.16.0/plugins/com.st.stm32cube.common.mx_6.12.0.202406281431//db//mcu/
2024-07-11 23:38:48,010 [INFO] ApiDb:274 - Set plugin database path to: /home/faruk/st/stm32cubeide_1.16.0/plugins/com.st.stm32cube.common.mx_6.12.0.202406281431//db//plugins/boardmanager/
2024-07-11 23:38:48,010 [WARN] ApiDb:259 - Overriding images path with different value:  => /home/faruk/st/stm32cubeide_1.16.0/plugins/com.st.stm32cube.common.mx_6.12.0.202406281431//db//plugins/mcufinder/images/
2024-07-11 23:38:48,014 [INFO] ApiDb:250 - Set database path to: /home/faruk/.stmcufinder/plugins/mcufinder//mcu/
2024-07-11 23:38:48,014 [INFO] DbMcusAds:125 - Set database path to: /home/faruk/.stmcufinder/plugins/mcufinder//mcu/
2024-07-11 23:38:48,015 [INFO] CrossReferenceDbSqlite:203 - Set database path to: /home/faruk/.stmcufinder/plugins/mcufinder//mcu/cs/
2024-07-11 23:38:48,075 [INFO] RulesReader:64 - Compatibility file has been processed (297 Rules)
2024-07-11 23:38:48,113 [INFO] DbMcusXml:78 - Set database path to: /home/faruk/st/stm32cubeide_1.16.0/plugins/com.st.stm32cube.common.mx_6.12.0.202406281431//db//mcu/
2024-07-11 23:38:48,113 [INFO] ApiDb:274 - Set plugin database path to: /home/faruk/st/stm32cubeide_1.16.0/plugins/com.st.stm32cube.common.mx_6.12.0.202406281431//db//plugins/boardmanager/
2024-07-11 23:38:48,113 [INFO] ApiDb:261 - Set plugin images path to: /home/faruk/st/stm32cubeide_1.16.0/plugins/com.st.stm32cube.common.mx_6.12.0.202406281431//db//plugins/mcufinder/images/
2024-07-11 23:38:48,113 [WARN] DbFile:41 - Overriding database path with different value: /home/faruk/.stmcufinder/plugins/mcufinder/ => /home/faruk/.stmcufinder/plugins/mcufinder
2024-07-11 23:38:48,113 [INFO] ApiDb:250 - Set database path to: /home/faruk/.stmcufinder/plugins/mcufinder//mcu/
2024-07-11 23:38:48,113 [WARN] DbFile:41 - Overriding database path with different value: /home/faruk/.stmcufinder/plugins/mcufinder/ => /home/faruk/.stmcufinder/plugins/mcufinder
2024-07-11 23:38:48,114 [INFO] DbMcusAds:125 - Set database path to: /home/faruk/.stmcufinder/plugins/mcufinder//mcu/
2024-07-11 23:38:48,114 [WARN] DbFile:41 - Overriding database path with different value: /home/faruk/.stmcufinder/plugins/mcufinder/ => /home/faruk/.stmcufinder/plugins/mcufinder
2024-07-11 23:38:48,114 [WARN] DbFile:41 - Overriding database path with different value: /home/faruk/.stmcufinder/plugins/mcufinder/ => /home/faruk/.stmcufinder/plugins/mcufinder
2024-07-11 23:38:48,114 [INFO] CrossReferenceDbSqlite:203 - Set database path to: /home/faruk/.stmcufinder/plugins/mcufinder//mcu/cs/
2024-07-11 23:38:48,159 [INFO] MainPanel:268 - HeapMemory: 268435456
2024-07-11 23:38:48,239 [INFO] DbMcusXml:78 - Set database path to: /home/faruk/st/stm32cubeide_1.16.0/plugins/com.st.stm32cube.common.mx_6.12.0.202406281431//db//mcu/
2024-07-11 23:38:48,239 [INFO] ApiDb:274 - Set plugin database path to: /home/faruk/st/stm32cubeide_1.16.0/plugins/com.st.stm32cube.common.mx_6.12.0.202406281431//db//plugins/boardmanager/
2024-07-11 23:38:48,239 [INFO] ApiDb:261 - Set plugin images path to: /home/faruk/st/stm32cubeide_1.16.0/plugins/com.st.stm32cube.common.mx_6.12.0.202406281431//db//plugins/mcufinder/images/
2024-07-11 23:38:48,240 [WARN] DbFile:41 - Overriding database path with different value: /home/faruk/.stmcufinder/plugins/mcufinder/ => /home/faruk/.stmcufinder/plugins/mcufinder
2024-07-11 23:38:48,240 [INFO] ApiDb:250 - Set database path to: /home/faruk/.stmcufinder/plugins/mcufinder//mcu/
2024-07-11 23:38:48,240 [WARN] DbFile:41 - Overriding database path with different value: /home/faruk/.stmcufinder/plugins/mcufinder/ => /home/faruk/.stmcufinder/plugins/mcufinder
2024-07-11 23:38:48,240 [INFO] DbMcusAds:125 - Set database path to: /home/faruk/.stmcufinder/plugins/mcufinder//mcu/
2024-07-11 23:38:48,240 [WARN] DbFile:41 - Overriding database path with different value: /home/faruk/.stmcufinder/plugins/mcufinder/ => /home/faruk/.stmcufinder/plugins/mcufinder
2024-07-11 23:38:48,240 [WARN] DbFile:41 - Overriding database path with different value: /home/faruk/.stmcufinder/plugins/mcufinder/ => /home/faruk/.stmcufinder/plugins/mcufinder
2024-07-11 23:38:48,240 [INFO] CrossReferenceDbSqlite:203 - Set database path to: /home/faruk/.stmcufinder/plugins/mcufinder//mcu/cs/
2024-07-11 23:38:48,250 [INFO] ApplicationProperties:184 - Using Application install path: /home/faruk/st/stm32cubeide_1.16.0/plugins/com.st.stm32cube.common.mx_6.12.0.202406281431
2024-07-11 23:38:48,250 [INFO] PluginManage:196 - Search for loadable plugins [exclusion list=, ]
2024-07-11 23:38:48,251 [INFO] PluginManage:310 - Check plugin analytics
2024-07-11 23:38:48,338 [INFO] AnalyticsPlugin:253 - Accepted Software Licenses: 
2024-07-11 23:38:48,338 [INFO] AnalyticsPlugin:255 - Accepted CMSIS Pack Licenses: 
2024-07-11 23:38:48,338 [INFO] AnalyticsPlugin:257 - Accepted Firmware Licenses: FW.MP1.1.6.0,FW.H7.1.11.0
2024-07-11 23:38:48,339 [INFO] PluginManage:359 - Loaded plugin analytics (category:tool,tabindex:-1)
2024-07-11 23:38:48,339 [INFO] PluginManage:310 - Check plugin cadmodel
2024-07-11 23:38:48,342 [INFO] CADModel:105 - Init CAD model plugin
2024-07-11 23:38:48,342 [INFO] PluginManage:359 - Loaded plugin cadmodel (category:power,tabindex:5)
2024-07-11 23:38:48,342 [INFO] PluginManage:310 - Check plugin clock
2024-07-11 23:38:48,347 [INFO] PluginManage:359 - Loaded plugin clock (category:base,tabindex:2)
2024-07-11 23:38:48,347 [INFO] PluginManage:310 - Check plugin ddr
2024-07-11 23:38:48,348 [INFO] PluginManage:359 - Loaded plugin ddr (category:tool,tabindex:6)
2024-07-11 23:38:48,348 [INFO] PluginManage:310 - Check plugin filemanager
2024-07-11 23:38:48,427 [INFO] PluginManage:359 - Loaded plugin filemanager (category:base,tabindex:10)
2024-07-11 23:38:48,427 [INFO] PluginManage:310 - Check plugin ipmanager
2024-07-11 23:38:48,430 [INFO] PluginManage:359 - Loaded plugin ipmanager (category:base,tabindex:5)
2024-07-11 23:38:48,430 [INFO] PluginManage:310 - Check plugin lpbam
2024-07-11 23:38:48,434 [INFO] PluginManage:359 - Loaded plugin lpbam (category:base,tabindex:0)
2024-07-11 23:38:48,434 [INFO] PluginManage:310 - Check plugin memorymap
2024-07-11 23:38:48,440 [INFO] PluginManage:359 - Loaded plugin memorymap (category:base,tabindex:4)
2024-07-11 23:38:48,441 [INFO] PluginManage:310 - Check plugin pinoutandconfiguration
2024-07-11 23:38:48,445 [INFO] PluginManage:359 - Loaded plugin pinoutandconfiguration (category:base,tabindex:1)
2024-07-11 23:38:48,445 [INFO] PluginManage:310 - Check plugin pinoutconfig
2024-07-11 23:38:48,486 [WARN] SupportedApi:132 - Cannot load RTOS API schema: s4s-elt-must-match.1: The content of 'definitions' must match (annotation?, (simpleType | complexType)?, (unique | key | keyref)*)). A problem was found starting at: attribute.
2024-07-11 23:38:48,550 [INFO] PluginManage:359 - Loaded plugin pinoutconfig (category:base,tabindex:0)
2024-07-11 23:38:48,550 [INFO] PluginManage:310 - Check plugin power
2024-07-11 23:38:48,556 [INFO] PluginManage:359 - Loaded plugin power (category:power,tabindex:4)
2024-07-11 23:38:48,556 [INFO] PluginManage:310 - Check plugin projectmanager
2024-07-11 23:38:48,565 [INFO] PluginManage:359 - Loaded plugin projectmanager (category:projectmanager,tabindex:4)
2024-07-11 23:38:48,565 [INFO] PluginManage:310 - Check plugin rif
2024-07-11 23:38:48,568 [INFO] PluginManage:359 - Loaded plugin rif (category:base,tabindex:3)
2024-07-11 23:38:48,568 [INFO] PluginManage:310 - Check plugin thirdparty
2024-07-11 23:38:48,623 [INFO] PluginManage:359 - Loaded plugin thirdparty (category:base,tabindex:-1)
2024-07-11 23:38:48,623 [INFO] PluginManage:310 - Check plugin tools
2024-07-11 23:38:48,623 [WARN] IntegrityCheckThread:84 - waiting for thirdparty lock release [integrity check]
2024-07-11 23:38:48,623 [INFO] IntegrityCheckThread:86 - entering critical section [integrity check]
2024-07-11 23:38:48,623 [INFO] ThirdPartyUpdaterWithRetryManager:70 - Updater plugin not ready yet. [1/15]
2024-07-11 23:38:48,624 [INFO] PluginManage:359 - Loaded plugin tools (category:base,tabindex:7)
2024-07-11 23:38:48,624 [INFO] PluginManage:310 - Check plugin tutovideos
2024-07-11 23:38:48,708 [INFO] PluginManage:359 - Loaded plugin tutovideos (category:base,tabindex:-1)
2024-07-11 23:38:48,708 [INFO] PluginManage:310 - Check plugin updater
2024-07-11 23:38:48,718 [INFO] PluginManage:359 - Loaded plugin updater (category:base,tabindex:12)
2024-07-11 23:38:48,718 [INFO] PluginManage:310 - Check plugin userauth
2024-07-11 23:38:48,721 [INFO] UserAuth:113 - Init User Auth plugin
2024-07-11 23:38:48,721 [INFO] PluginManage:359 - Loaded plugin userauth (category:base,tabindex:14)
2024-07-11 23:38:48,721 [INFO] PluginManage:283 - PluginManage : Loaded plugins [18]
2024-07-11 23:38:48,824 [INFO] PinOutPanel:1561 - setPackage(No Configuration,No Configuration)
2024-07-11 23:38:48,892 [INFO] CADModel:165 - CPN selected for project level
2024-07-11 23:38:48,892 [INFO] CADModel:114 - Register for checkConnection events
2024-07-11 23:38:48,900 [INFO] IPUIPlugin:80 - create IPUIPlugin
2024-07-11 23:38:48,900 [INFO] PluginManager:220 - loadIPPluginJar : add pdm2pcm
2024-07-11 23:38:48,901 [INFO] IPUIPlugin:80 - create IPUIPlugin
2024-07-11 23:38:48,901 [INFO] PluginManager:220 - loadIPPluginJar : add tsc
2024-07-11 23:38:48,905 [INFO] IPUIPlugin:80 - create IPUIPlugin
2024-07-11 23:38:48,905 [INFO] PluginManager:220 - loadIPPluginJar : add linkedlist
2024-07-11 23:38:48,910 [INFO] IPUIPlugin:80 - create IPUIPlugin
2024-07-11 23:38:48,910 [INFO] PluginManager:220 - loadIPPluginJar : add adc
2024-07-11 23:38:48,911 [INFO] IPUIPlugin:80 - create IPUIPlugin
2024-07-11 23:38:48,911 [INFO] PluginManager:220 - loadIPPluginJar : add gfxmmu
2024-07-11 23:38:48,914 [INFO] IPUIPlugin:80 - create IPUIPlugin
2024-07-11 23:38:48,914 [INFO] PluginManager:220 - loadIPPluginJar : add gpio
2024-07-11 23:38:48,915 [INFO] IPUIPlugin:80 - create IPUIPlugin
2024-07-11 23:38:48,916 [INFO] PluginManager:220 - loadIPPluginJar : add usart
2024-07-11 23:38:48,920 [INFO] IPUIPlugin:80 - create IPUIPlugin
2024-07-11 23:38:48,920 [INFO] PluginManager:220 - loadIPPluginJar : add dma
2024-07-11 23:38:48,929 [INFO] IPUIPlugin:80 - create IPUIPlugin
2024-07-11 23:38:48,930 [INFO] PluginManager:220 - loadIPPluginJar : add dfsdm
2024-07-11 23:38:48,933 [INFO] IPUIPlugin:80 - create IPUIPlugin
2024-07-11 23:38:48,933 [INFO] PluginManager:220 - loadIPPluginJar : add resmgrutility
2024-07-11 23:38:48,934 [INFO] IPUIPlugin:80 - create IPUIPlugin
2024-07-11 23:38:48,934 [INFO] PluginManager:220 - loadIPPluginJar : add hash
2024-07-11 23:38:48,938 [INFO] IPUIPlugin:80 - create IPUIPlugin
2024-07-11 23:38:48,939 [INFO] PluginManager:220 - loadIPPluginJar : add mdma
2024-07-11 23:38:48,940 [INFO] IPUIPlugin:80 - create IPUIPlugin
2024-07-11 23:38:48,940 [INFO] PluginManager:220 - loadIPPluginJar : add i3c
2024-07-11 23:38:48,942 [INFO] IPUIPlugin:80 - create IPUIPlugin
2024-07-11 23:38:48,942 [INFO] PluginManager:220 - loadIPPluginJar : add sai
2024-07-11 23:38:48,953 [INFO] IPUIPlugin:80 - create IPUIPlugin
2024-07-11 23:38:48,953 [INFO] PluginManager:220 - loadIPPluginJar : add openamp
2024-07-11 23:38:48,957 [INFO] IPUIPlugin:80 - create IPUIPlugin
2024-07-11 23:38:48,957 [INFO] PluginManager:220 - loadIPPluginJar : add freertos
2024-07-11 23:38:48,959 [INFO] IPUIPlugin:80 - create IPUIPlugin
2024-07-11 23:38:48,959 [INFO] PluginManager:220 - loadIPPluginJar : add dma3
2024-07-11 23:38:48,961 [INFO] IPUIPlugin:80 - create IPUIPlugin
2024-07-11 23:38:48,962 [INFO] PluginManager:220 - loadIPPluginJar : add fmc
2024-07-11 23:38:48,962 [INFO] IPUIPlugin:80 - create IPUIPlugin
2024-07-11 23:38:48,963 [INFO] PluginManager:220 - loadIPPluginJar : add genericplugin
2024-07-11 23:38:48,964 [INFO] IPUIPlugin:80 - create IPUIPlugin
2024-07-11 23:38:48,965 [INFO] PluginManager:220 - loadIPPluginJar : add touchsensing
2024-07-11 23:38:48,966 [INFO] IPUIPlugin:80 - create IPUIPlugin
2024-07-11 23:38:48,966 [INFO] PluginManager:220 - loadIPPluginJar : add ts
2024-07-11 23:38:48,967 [INFO] IPUIPlugin:80 - create IPUIPlugin
2024-07-11 23:38:48,967 [INFO] PluginManager:220 - loadIPPluginJar : add radio
2024-07-11 23:38:48,968 [INFO] IPUIPlugin:80 - create IPUIPlugin
2024-07-11 23:38:48,968 [INFO] PluginManager:220 - loadIPPluginJar : add tim
2024-07-11 23:38:48,972 [INFO] IPUIPlugin:80 - create IPUIPlugin
2024-07-11 23:38:48,973 [INFO] PluginManager:220 - loadIPPluginJar : add plateformsettings
2024-07-11 23:38:48,975 [INFO] IPUIPlugin:80 - create IPUIPlugin
2024-07-11 23:38:48,975 [INFO] PluginManager:220 - loadIPPluginJar : add gtzc
2024-07-11 23:38:48,976 [INFO] IPUIPlugin:80 - create IPUIPlugin
2024-07-11 23:38:48,976 [INFO] PluginManager:220 - loadIPPluginJar : add opamp
2024-07-11 23:38:48,979 [INFO] IPUIPlugin:80 - create IPUIPlugin
2024-07-11 23:38:48,979 [INFO] PluginManager:220 - loadIPPluginJar : add gic
2024-07-11 23:38:48,980 [INFO] IPUIPlugin:80 - create IPUIPlugin
2024-07-11 23:38:48,980 [INFO] PluginManager:220 - loadIPPluginJar : add ucpd
2024-07-11 23:38:48,980 [INFO] IPUIPlugin:80 - create IPUIPlugin
2024-07-11 23:38:48,980 [INFO] PluginManager:220 - loadIPPluginJar : add comp
2024-07-11 23:38:48,981 [INFO] IPUIPlugin:80 - create IPUIPlugin
2024-07-11 23:38:48,982 [INFO] PluginManager:220 - loadIPPluginJar : add usbx
2024-07-11 23:38:48,982 [INFO] IPUIPlugin:80 - create IPUIPlugin
2024-07-11 23:38:48,983 [INFO] PluginManager:220 - loadIPPluginJar : add i2s
2024-07-11 23:38:48,985 [INFO] IPUIPlugin:80 - create IPUIPlugin
2024-07-11 23:38:48,985 [INFO] PluginManager:220 - loadIPPluginJar : add stm32_wpan
2024-07-11 23:38:48,986 [INFO] IPUIPlugin:80 - create IPUIPlugin
2024-07-11 23:38:48,987 [INFO] PluginManager:220 - loadIPPluginJar : add ipddr
2024-07-11 23:38:48,988 [INFO] IPUIPlugin:80 - create IPUIPlugin
2024-07-11 23:38:48,988 [INFO] PluginManager:220 - loadIPPluginJar : add ddr_ctrl_phy
2024-07-11 23:38:48,989 [INFO] IPUIPlugin:80 - create IPUIPlugin
2024-07-11 23:38:48,989 [INFO] PluginManager:220 - loadIPPluginJar : add aes
2024-07-11 23:38:48,990 [INFO] IPUIPlugin:80 - create IPUIPlugin
2024-07-11 23:38:48,990 [INFO] PluginManager:220 - loadIPPluginJar : add tracer_emb
2024-07-11 23:38:48,991 [INFO] IPUIPlugin:80 - create IPUIPlugin
2024-07-11 23:38:48,991 [INFO] PluginManager:220 - loadIPPluginJar : add extmemmanager
2024-07-11 23:38:48,992 [INFO] IPUIPlugin:80 - create IPUIPlugin
2024-07-11 23:38:48,992 [INFO] PluginManager:220 - loadIPPluginJar : add ltdc
2024-07-11 23:38:48,993 [INFO] IPUIPlugin:80 - create IPUIPlugin
2024-07-11 23:38:48,993 [INFO] PluginManager:220 - loadIPPluginJar : add can
2024-07-11 23:38:48,994 [INFO] IPUIPlugin:80 - create IPUIPlugin
2024-07-11 23:38:48,994 [INFO] PluginManager:220 - loadIPPluginJar : add spi
2024-07-11 23:38:48,995 [INFO] IPUIPlugin:80 - create IPUIPlugin
2024-07-11 23:38:48,996 [INFO] PluginManager:220 - loadIPPluginJar : add nvic
2024-07-11 23:38:48,996 [INFO] IPUIPlugin:80 - create IPUIPlugin
2024-07-11 23:38:48,996 [INFO] PluginManager:220 - loadIPPluginJar : add quadspi
2024-07-11 23:38:48,997 [INFO] IPUIPlugin:80 - create IPUIPlugin
2024-07-11 23:38:48,997 [INFO] PluginManager:220 - loadIPPluginJar : add i2c
2024-07-11 23:38:48,998 [INFO] IPUIPlugin:80 - create IPUIPlugin
2024-07-11 23:38:48,998 [INFO] PluginManager:220 - loadIPPluginJar : add cryp
2024-07-11 23:38:48,999 [INFO] IPUIPlugin:80 - create IPUIPlugin
2024-07-11 23:38:48,999 [INFO] PluginManager:220 - loadIPPluginJar : add fatfs
2024-07-11 23:38:49,000 [INFO] IPUIPlugin:80 - create IPUIPlugin
2024-07-11 23:38:49,000 [INFO] PluginManager:220 - loadIPPluginJar : add lorawan
2024-07-11 23:38:49,084 [INFO] CADModel:165 - CPN selected for project level
2024-07-11 23:38:49,084 [INFO] CADModel:114 - Register for checkConnection events
2024-07-11 23:38:49,085 [FATAL] Updater:334 - Updater called before beeing initialized
2024-07-11 23:38:49,085 [ERROR] CADModel:125 - Updater not yet initialized, retry later 
2024-07-11 23:38:49,167 [INFO] CADModel:165 - CPN selected for project level
2024-07-11 23:38:49,167 [INFO] CADModel:114 - Register for checkConnection events
2024-07-11 23:38:49,167 [FATAL] Updater:334 - Updater called before beeing initialized
2024-07-11 23:38:49,167 [ERROR] CADModel:125 - Updater not yet initialized, retry later 
2024-07-11 23:38:49,169 [FATAL] Updater:334 - Updater called before beeing initialized
2024-07-11 23:38:49,211 [FATAL] Updater:334 - Updater called before beeing initialized
2024-07-11 23:38:49,214 [INFO] DbMcusAds:53 - JSON generation date=Thu May 16 12:22:00 TRT 2024 (1715851320852)
2024-07-11 23:38:49,214 [FATAL] Updater:334 - Updater called before beeing initialized
2024-07-11 23:38:49,235 [WARN] DetailPanel:346 - Failed to get advertising image, set to default
2024-07-11 23:38:49,283 [FATAL] Updater:334 - Updater called before beeing initialized
2024-07-11 23:38:49,284 [FATAL] Updater:334 - Updater called before beeing initialized
2024-07-11 23:38:49,284 [FATAL] Updater:334 - Updater called before beeing initialized
2024-07-11 23:38:49,284 [WARN] DetailPanel:346 - Failed to get advertising image, set to default
2024-07-11 23:38:49,285 [FATAL] Updater:334 - Updater called before beeing initialized
2024-07-11 23:38:49,300 [ERROR] Updater:1164 - MainUpdater not yet initialized. External WinMGr cannot be set.
2024-07-11 23:38:49,301 [INFO] Updater:1100 - Updater Version found : 6.12.0
2024-07-11 23:38:49,310 [INFO] ApplicationProperties:184 - Using Application install path: /home/faruk/st/stm32cubeide_1.16.0/plugins/com.st.stm32cube.common.mx_6.12.0.202406281431
2024-07-11 23:38:49,594 [INFO] MainUpdater:2873 - connection check result : 10
2024-07-11 23:38:49,594 [INFO] MainUpdater:290 - Updater Check For Update Now.
2024-07-11 23:38:49,594 [INFO] MicroXplorer:498 - Change Database Version : DB.6.0.120
2024-07-11 23:38:49,597 [INFO] McuFinderGlobals:63 - Set McuFinder mode to 2 (CubeIDE integrated)
2024-07-11 23:38:49,598 [INFO] UserAuth:179 - activating auth plugin
2024-07-11 23:38:49,599 [INFO] UserAuth:417 - Internet connection configuration mode: 1
2024-07-11 23:38:49,606 [INFO] JxBrowserEngine:152 - Initiate JxBrowser Engine with user profile folder
2024-07-11 23:38:49,756 [INFO] CheckServerUpdateThread:120 - End of CheckServer Thread
2024-07-11 23:38:50,156 [INFO] WebApp:167 - Instantiating new browser for Auth
2024-07-11 23:38:50,601 [INFO] WebApp:448 - Apply proxy settings
2024-07-11 23:38:50,602 [INFO] WebApp:533 - Chromium requires no authentication
2024-07-11 23:38:50,605 [INFO] WebApp:476 - Direct internet connection detected
2024-07-11 23:38:50,614 [INFO] WebApp:869 - Register for checkConnection events
2024-07-11 23:38:50,614 [INFO] WebApp:448 - Apply proxy settings
2024-07-11 23:38:50,614 [INFO] WebApp:533 - Chromium requires no authentication
2024-07-11 23:38:50,615 [INFO] WebApp:476 - Direct internet connection detected
2024-07-11 23:38:50,680 [INFO] WebApp:220 - Starting web application
2024-07-11 23:38:50,681 [INFO] WebApp:578 - Web application path used /home/faruk/st/stm32cubeide_1.16.0/plugins/com.st.stm32cube.common.mx_6.12.0.202406281431/db/plugins/mcufinder/reactClient1/index.html
2024-07-11 23:38:51,718 [WARN] PackLoader:240 - Cannot read IP mode file for STMicroelectronics.FP-SNS-MOTENVWB1.1.4.0
2024-07-11 23:38:51,732 [WARN] PackLoader:240 - Cannot read IP mode file for STMicroelectronics.X-CUBE-SMBUS.2.1.0
2024-07-11 23:38:51,734 [INFO] WebApp:186 - Connection restablished
2024-07-11 23:38:51,775 [WARN] PackLoader:240 - Cannot read IP mode file for STMicroelectronics.X-CUBE-AZRTOS-F7.1.1.0
2024-07-11 23:38:51,788 [WARN] PackLoader:240 - Cannot read IP mode file for STMicroelectronics.FP-SNS-FLIGHT1.5.0.2
2024-07-11 23:38:51,818 [WARN] PackLoader:240 - Cannot read IP mode file for STMicroelectronics.X-CUBE-DISPLAY.3.0.0
2024-07-11 23:38:51,855 [WARN] PackLoader:240 - Cannot read IP mode file for STMicroelectronics.X-CUBE-BLE1.7.0.0
2024-07-11 23:38:51,861 [WARN] PackLoader:240 - Cannot read IP mode file for emotas.I-CUBE-CANOPEN.1.3.0
2024-07-11 23:38:51,880 [WARN] PackLoader:240 - Cannot read IP mode file for STMicroelectronics.X-CUBE-BLEMGR.3.1.0
2024-07-11 23:38:51,886 [WARN] PackLoader:240 - Cannot read IP mode file for STMicroelectronics.FP-SNS-SMARTAG2.1.2.0
2024-07-11 23:38:51,921 [INFO] LogOutputStream:77 - [STDOUT_REDIRECT] 1 : Invalid condition id : UX_CORESTACK_Condition cause : null
2024-07-11 23:38:51,921 [INFO] LogOutputStream:77 - [STDOUT_REDIRECT] 1 : Invalid condition id : UX_CORESTACK_Condition cause : null
2024-07-11 23:38:51,922 [INFO] LogOutputStream:77 - [STDOUT_REDIRECT] 1 : Invalid condition id : UX_CORESTACK_Condition cause : null
2024-07-11 23:38:51,922 [INFO] LogOutputStream:77 - [STDOUT_REDIRECT] 1 : Invalid condition id : UX_CORESTACK_Condition cause : null
2024-07-11 23:38:51,922 [INFO] LogOutputStream:77 - [STDOUT_REDIRECT] 1 : Invalid condition id : UX_CORESTACK_Condition cause : null
2024-07-11 23:38:51,925 [WARN] PackLoader:240 - Cannot read IP mode file for STMicroelectronics.X-CUBE-AZRTOS-WL.2.0.0
2024-07-11 23:38:51,928 [WARN] PackLoader:240 - Cannot read IP mode file for STMicroelectronics.FP-SNS-MOTENV1.5.0.0
2024-07-11 23:38:51,930 [WARN] PackLoader:240 - Cannot read IP mode file for wolfSSL.I-CUBE-wolfMQTT.1.19.0
2024-07-11 23:38:51,942 [WARN] PackLoader:240 - Cannot read IP mode file for WES.I-CUBE-Cesium.1.3.0
2024-07-11 23:38:51,948 [WARN] PackLoader:240 - Cannot read IP mode file for STMicroelectronics.X-CUBE-BLE2.3.3.0
2024-07-11 23:38:51,956 [WARN] PackLoader:240 - Cannot read IP mode file for STMicroelectronics.X-CUBE-TCPP.4.1.0
2024-07-11 23:38:51,974 [WARN] PackLoader:240 - Cannot read IP mode file for STMicroelectronics.X-CUBE-AZRTOS-G0.1.1.0
2024-07-11 23:38:51,980 [WARN] PackLoader:240 - Cannot read IP mode file for STMicroelectronics.X-CUBE-SAFEA1.1.2.2
2024-07-11 23:38:52,005 [WARN] PackLoader:240 - Cannot read IP mode file for STMicroelectronics.X-CUBE-NFC4.3.0.0
2024-07-11 23:38:52,010 [WARN] PackLoader:240 - Cannot read IP mode file for EmbeddedOffice.I-CUBE-FS-RTOS.1.0.1
2024-07-11 23:38:52,010 [ERROR] ConditionMgr:805 - Attr not supported : Dmpu
2024-07-11 23:38:52,010 [ERROR] ConditionMgr:805 - Attr not supported : Dmpu
2024-07-11 23:38:52,010 [ERROR] ConditionMgr:805 - Attr not supported : Dmpu
2024-07-11 23:38:52,010 [ERROR] ConditionMgr:805 - Attr not supported : Dmpu
2024-07-11 23:38:52,010 [ERROR] ConditionMgr:805 - Attr not supported : Dmpu
2024-07-11 23:38:52,010 [ERROR] ConditionMgr:805 - Attr not supported : Dmpu
2024-07-11 23:38:52,010 [ERROR] ConditionMgr:805 - Attr not supported : Dmpu
2024-07-11 23:38:52,010 [ERROR] ConditionMgr:805 - Attr not supported : Dmpu
2024-07-11 23:38:52,010 [ERROR] ConditionMgr:805 - Attr not supported : Dmpu
2024-07-11 23:38:52,010 [ERROR] ConditionMgr:805 - Attr not supported : Dmpu
2024-07-11 23:38:52,010 [ERROR] ConditionMgr:805 - Attr not supported : Dmpu
2024-07-11 23:38:52,010 [ERROR] ConditionMgr:805 - Attr not supported : Dmpu
2024-07-11 23:38:52,010 [ERROR] ConditionMgr:805 - Attr not supported : Dmpu
2024-07-11 23:38:52,010 [ERROR] ConditionMgr:805 - Attr not supported : Dmpu
2024-07-11 23:38:52,010 [ERROR] ConditionMgr:805 - Attr not supported : Dmpu
2024-07-11 23:38:52,010 [ERROR] ConditionMgr:805 - Attr not supported : Dmpu
2024-07-11 23:38:52,011 [ERROR] ConditionMgr:805 - Attr not supported : Dmpu
2024-07-11 23:38:52,011 [ERROR] ConditionMgr:805 - Attr not supported : Dmpu
2024-07-11 23:38:52,011 [ERROR] ConditionMgr:805 - Attr not supported : Dmpu
2024-07-11 23:38:52,011 [ERROR] ConditionMgr:805 - Attr not supported : Dmpu
2024-07-11 23:38:52,011 [ERROR] ConditionMgr:805 - Attr not supported : Dmpu
2024-07-11 23:38:52,011 [ERROR] ConditionMgr:805 - Attr not supported : Dmpu
2024-07-11 23:38:52,011 [ERROR] ConditionMgr:805 - Attr not supported : Dmpu
2024-07-11 23:38:52,011 [ERROR] ConditionMgr:805 - Attr not supported : Dmpu
2024-07-11 23:38:52,011 [ERROR] ConditionMgr:805 - Attr not supported : Dmpu
2024-07-11 23:38:52,011 [ERROR] ConditionMgr:805 - Attr not supported : Dmpu
2024-07-11 23:38:52,011 [ERROR] ConditionMgr:805 - Attr not supported : Dmpu
2024-07-11 23:38:52,011 [ERROR] ConditionMgr:805 - Attr not supported : Dmpu
2024-07-11 23:38:52,011 [ERROR] ConditionMgr:805 - Attr not supported : Dmpu
2024-07-11 23:38:52,011 [ERROR] ConditionMgr:805 - Attr not supported : Dmpu
2024-07-11 23:38:52,011 [ERROR] ConditionMgr:805 - Attr not supported : Dmpu
2024-07-11 23:38:52,011 [ERROR] ConditionMgr:805 - Attr not supported : Dmpu
2024-07-11 23:38:52,011 [ERROR] ConditionMgr:805 - Attr not supported : Dmpu
2024-07-11 23:38:52,011 [ERROR] ConditionMgr:805 - Attr not supported : Dmpu
2024-07-11 23:38:52,011 [ERROR] ConditionMgr:805 - Attr not supported : Dmpu
2024-07-11 23:38:52,011 [ERROR] ConditionMgr:805 - Attr not supported : Dmpu
2024-07-11 23:38:52,011 [ERROR] ConditionMgr:805 - Attr not supported : Dmpu
2024-07-11 23:38:52,011 [ERROR] ConditionMgr:805 - Attr not supported : Dmpu
2024-07-11 23:38:52,011 [ERROR] ConditionMgr:805 - Attr not supported : Dmpu
2024-07-11 23:38:52,011 [ERROR] ConditionMgr:805 - Attr not supported : Dmpu
2024-07-11 23:38:52,011 [ERROR] ConditionMgr:805 - Attr not supported : Dmpu
2024-07-11 23:38:52,011 [ERROR] ConditionMgr:805 - Attr not supported : Dmpu
2024-07-11 23:38:52,011 [ERROR] ConditionMgr:805 - Attr not supported : Dmpu
2024-07-11 23:38:52,011 [ERROR] ConditionMgr:805 - Attr not supported : Dmpu
2024-07-11 23:38:52,011 [ERROR] ConditionMgr:805 - Attr not supported : Dmpu
2024-07-11 23:38:52,011 [ERROR] ConditionMgr:805 - Attr not supported : Dmpu
2024-07-11 23:38:52,011 [ERROR] ConditionMgr:805 - Attr not supported : Dmpu
2024-07-11 23:38:52,011 [ERROR] ConditionMgr:805 - Attr not supported : Dmpu
2024-07-11 23:38:52,011 [ERROR] ConditionMgr:805 - Attr not supported : Dmpu
2024-07-11 23:38:52,012 [ERROR] ConditionMgr:805 - Attr not supported : Dmpu
2024-07-11 23:38:52,012 [ERROR] ConditionMgr:805 - Attr not supported : Dmpu
2024-07-11 23:38:52,012 [ERROR] ConditionMgr:805 - Attr not supported : Dmpu
2024-07-11 23:38:52,012 [ERROR] ConditionMgr:805 - Attr not supported : Dmpu
2024-07-11 23:38:52,012 [ERROR] ConditionMgr:805 - Attr not supported : Dmpu
2024-07-11 23:38:52,012 [ERROR] ConditionMgr:805 - Attr not supported : Dmpu
2024-07-11 23:38:52,012 [ERROR] ConditionMgr:805 - Attr not supported : Dmpu
2024-07-11 23:38:52,012 [ERROR] ConditionMgr:805 - Attr not supported : Dmpu
2024-07-11 23:38:52,012 [ERROR] ConditionMgr:805 - Attr not supported : Dmpu
2024-07-11 23:38:52,012 [ERROR] ConditionMgr:805 - Attr not supported : Dmpu
2024-07-11 23:38:52,012 [ERROR] ConditionMgr:805 - Attr not supported : Dmpu
2024-07-11 23:38:52,012 [ERROR] ConditionMgr:805 - Attr not supported : Dmpu
2024-07-11 23:38:52,012 [ERROR] ConditionMgr:805 - Attr not supported : Dmpu
2024-07-11 23:38:52,012 [ERROR] ConditionMgr:805 - Attr not supported : Dmpu
2024-07-11 23:38:52,012 [ERROR] ConditionMgr:805 - Attr not supported : Dmpu
2024-07-11 23:38:52,014 [WARN] PackLoader:240 - Cannot read IP mode file for RealThread.X-CUBE-RT-Thread_Nano.4.1.1
2024-07-11 23:38:52,015 [WARN] PackLoader:240 - Cannot read IP mode file for wolfSSL.I-CUBE-wolfSSL.5.7.0
2024-07-11 23:38:52,016 [WARN] PackLoader:240 - Cannot read IP mode file for STMicroelectronics.FP-ATR-SIGFOX1.3.2.0
2024-07-11 23:38:52,018 [WARN] PackLoader:240 - Cannot read IP mode file for STMicroelectronics.X-CUBE-EEPRMA1.5.1.0
2024-07-11 23:38:52,021 [WARN] PackLoader:240 - Cannot read IP mode file for ITTIA_DB.I-CUBE-ITTIADB.8.9.0
2024-07-11 23:38:52,035 [WARN] PackLoader:240 - Cannot read IP mode file for SEGGER.I-CUBE-embOS.1.3.1
2024-07-11 23:38:52,075 [WARN] PackLoader:240 - Cannot read IP mode file for STMicroelectronics.X-CUBE-ALGOBUILD.1.4.0
2024-07-11 23:38:52,077 [WARN] PackLoader:240 - Cannot read IP mode file for STMicroelectronics.X-CUBE-GNSS1.6.0.0
2024-07-11 23:38:52,093 [WARN] PackLoader:240 - Cannot read IP mode file for STMicroelectronics.X-CUBE-AZRTOS-F4.1.1.0
2024-07-11 23:38:52,105 [WARN] PackLoader:240 - Cannot read IP mode file for STMicroelectronics.X-CUBE-FREERTOS.1.2.0
2024-07-11 23:38:52,112 [WARN] PackLoader:240 - Cannot read IP mode file for STMicroelectronics.X-CUBE-AZRTOS-L5.2.0.0
2024-07-11 23:38:52,116 [WARN] PackLoader:240 - Cannot read IP mode file for STMicroelectronics.X-CUBE-NFC6.3.1.0
2024-07-11 23:38:52,119 [WARN] PackLoader:240 - Cannot read IP mode file for STMicroelectronics.X-CUBE-DPower.1.2.0
2024-07-11 23:38:52,121 [WARN] PackLoader:240 - Cannot read IP mode file for STMicroelectronics.X-CUBE-AI.9.0.0
2024-07-11 23:38:52,123 [WARN] PackLoader:240 - Cannot read IP mode file for STMicroelectronics.X-CUBE-NFC7.1.0.1
2024-07-11 23:38:52,124 [WARN] PackLoader:240 - Cannot read IP mode file for wolfSSL.I-CUBE-wolfTPM.3.2.0
2024-07-11 23:38:52,131 [WARN] ConditionMgr:438 - getConditionDescription Invalid condition id : LAN8742 Phy interface Condition cause : null
2024-07-11 23:38:52,132 [WARN] PackLoader:240 - Cannot read IP mode file for STMicroelectronics.X-CUBE-AZRTOS-L4.2.0.0
2024-07-11 23:38:52,132 [WARN] ConditionMgr:1039 - genDependencies : Invalid condition id : LAN8742 Phy interface Condition cause : null
2024-07-11 23:38:52,133 [WARN] ConditionMgr:1039 - genDependencies : Invalid condition id : LAN8742 Phy interface Condition cause : null
2024-07-11 23:38:52,133 [WARN] ConditionMgr:1039 - genDependencies : Invalid condition id : LAN8742 Phy interface Condition cause : null
2024-07-11 23:38:52,147 [WARN] PackLoader:240 - Cannot read IP mode file for STMicroelectronics.X-CUBE-SFXS2LP1.4.0.0
2024-07-11 23:38:52,168 [WARN] ConditionMgr:438 - getConditionDescription Invalid condition id : UX DEVICE CLASS RTOS Condition cause : null
2024-07-11 23:38:52,169 [WARN] ConditionMgr:438 - getConditionDescription Invalid condition id : UX DEVICE CLASS RTOS Condition cause : null
2024-07-11 23:38:52,174 [WARN] PackLoader:240 - Cannot read IP mode file for STMicroelectronics.X-CUBE-AZRTOS-WB.2.0.0
2024-07-11 23:38:52,175 [WARN] ConditionMgr:1039 - genDependencies : Invalid condition id : UX DEVICE CLASS RTOS Condition cause : null
2024-07-11 23:38:52,175 [WARN] ConditionMgr:1039 - genDependencies : Invalid condition id : UX DEVICE CLASS RTOS Condition cause : null
2024-07-11 23:38:52,176 [WARN] ConditionMgr:1039 - genDependencies : Invalid condition id : UX DEVICE CLASS RTOS Condition cause : null
2024-07-11 23:38:52,176 [WARN] ConditionMgr:1039 - genDependencies : Invalid condition id : UX DEVICE CLASS RTOS Condition cause : null
2024-07-11 23:38:52,176 [WARN] ConditionMgr:1039 - genDependencies : Invalid condition id : UX DEVICE CLASS RTOS Condition cause : null
2024-07-11 23:38:52,184 [WARN] PackLoader:240 - Cannot read IP mode file for STMicroelectronics.X-CUBE-SUBG2.5.0.0
2024-07-11 23:38:52,211 [WARN] PackLoader:240 - Cannot read IP mode file for Cesanta.I-CUBE-Mongoose.7.13.0
2024-07-11 23:38:52,221 [WARN] PackLoader:240 - Cannot read IP mode file for STMicroelectronics.X-CUBE-AZRTOS-G4.2.0.0
2024-07-11 23:38:52,223 [WARN] PackLoader:240 - Cannot read IP mode file for STMicroelectronics.X-CUBE-ISPU.2.0.0
2024-07-11 23:38:52,225 [WARN] PackLoader:240 - Cannot read IP mode file for STMicroelectronics.X-CUBE-ALS.1.0.2
2024-07-11 23:38:52,242 [WARN] PackLoader:240 - Cannot read IP mode file for STMicroelectronics.X-CUBE-MEMS1.10.0.0
2024-07-11 23:38:52,325 [WARN] PackLoader:240 - Cannot read IP mode file for STMicroelectronics.X-CUBE-TOUCHGFX.4.24.0
2024-07-11 23:38:52,327 [WARN] PackLoader:240 - Cannot read IP mode file for portGmbH.I-Cube-SoM-uGOAL.1.1.0
2024-07-11 23:38:52,335 [WARN] PackLoader:240 - Cannot read IP mode file for STMicroelectronics.X-CUBE-AZRTOS-H7RS.1.0.0
2024-07-11 23:38:52,337 [WARN] PackLoader:240 - Cannot read IP mode file for STMicroelectronics.FP-ATR-ASTRA1.2.0.0
2024-07-11 23:38:52,341 [WARN] PackLoader:240 - Cannot read IP mode file for STMicroelectronics.X-CUBE-TOF1.3.4.1
2024-07-11 23:38:52,354 [WARN] PackLoader:240 - Cannot read IP mode file for STMicroelectronics.X-CUBE-AZRTOS-H7.3.2.0
2024-07-11 23:38:52,361 [WARN] PackLoader:240 - Cannot read IP mode file for Infineon.AIROC-Wi-Fi-Bluetooth-STM32.1.6.0
2024-07-11 23:38:52,364 [WARN] PackLoader:240 - Cannot read IP mode file for wolfSSL.I-CUBE-wolfSSH.1.4.17
2024-07-11 23:38:52,365 [INFO] ThirdParty:978 - Integrity check success = true
2024-07-11 23:38:52,365 [INFO] IntegrityCheckThread:100 - exiting critical section [integrity check]
2024-07-11 23:38:52,365 [INFO] IntegrityCheckThread:103 - End integrity checks thread
